<?xml version="1.0" encoding="utf-8"?><testsuites name="pytest tests"><testsuite name="pytest" errors="0" failures="1" skipped="0" tests="8" time="3.504" timestamp="2026-07-25T11:03:29.932725+00:00" hostname="agent-env-b177ffdc-73ff-45fb-9ba4-f1e63e5e4274"><testcase classname="tests.test_gain_goal_api" name="test_get_gain_goals" time="0.792" /><testcase classname="tests.test_gain_goal_api" name="test_post_config_crypto_target" time="0.284" /><testcase classname="tests.test_gain_goal_api" name="test_post_config_restore_nulls" time="0.251" /><testcase classname="tests.test_gain_goal_api" name="test_post_config_unknown_key_422" time="0.115" /><testcase classname="tests.test_gain_goal_api" name="test_ack_no_breach" time="0.261" /><testcase classname="tests.test_gain_goal_api" name="test_ack_invalid_lane" time="0.137" /><testcase classname="tests.test_gain_goal_api" name="test_evaluate_advances" time="1.308" /><testcase classname="tests.test_gain_goal_api" name="test_hotpath_policy_snapshot_has_gain_goal" time="0.236"><failure message="AssertionError: gain_goal missing in ['snapshot', 'daily_spend']&#10;assert ('gain_goal' in {'broker_frozen': False, 'cap_daily_usd_effective': 1000.0, 'cap_daily_usd_override': None, 'conviction_floor': 0.25, ...} or 'gain_goal' in {'daily_spend': {'bootstrapped': True, 'day': '2026-07-25', 'reset_at': '2026-07-25T10:57:18.463702+00:00', 'spent_usd': 20.0}, 'snapshot': {'broker_frozen': False, 'cap_daily_usd_effective': 1000.0, 'cap_daily_usd_override': None, 'conviction_floor': 0.25, ...}})">backend/tests/test_gain_goal_api.py:133: in test_hotpath_policy_snapshot_has_gain_goal
    assert "gain_goal" in snap or "gain_goal" in d, f"gain_goal missing in {list(d.keys())}"
E   AssertionError: gain_goal missing in ['snapshot', 'daily_spend']
E   assert ('gain_goal' in {'broker_frozen': False, 'cap_daily_usd_effective': 1000.0, 'cap_daily_usd_override': None, 'conviction_floor': 0.25, ...} or 'gain_goal' in {'daily_spend': {'bootstrapped': True, 'day': '2026-07-25', 'reset_at': '2026-07-25T10:57:18.463702+00:00', 'spent_usd': 20.0}, 'snapshot': {'broker_frozen': False, 'cap_daily_usd_effective': 1000.0, 'cap_daily_usd_override': None, 'conviction_floor': 0.25, ...}})</failure></testcase></testsuite></testsuites>