<?xml version="1.0" encoding="utf-8"?><testsuites name="pytest tests"><testsuite name="pytest" errors="0" failures="0" skipped="0" tests="11" time="2.814" timestamp="2026-07-25T09:29:21.544556+00:00" hostname="agent-env-b177ffdc-73ff-45fb-9ba4-f1e63e5e4274"><testcase classname="tests.test_hotpath_live_api" name="test_hotpath_policy" time="0.767" /><testcase classname="tests.test_hotpath_live_api" name="test_hotpath_policy_refresh" time="0.323" /><testcase classname="tests.test_hotpath_live_api" name="test_hotpath_queue" time="0.119" /><testcase classname="tests.test_hotpath_live_api" name="test_risk_budget_status" time="0.100" /><testcase classname="tests.test_hotpath_live_api" name="test_risk_budget_cap_set_and_revert" time="0.537" /><testcase classname="tests.test_hotpath_live_api" name="test_risk_budget_reset" time="0.210" /><testcase classname="tests.test_hotpath_live_api" name="test_auto_router_status" time="0.100" /><testcase classname="tests.test_hotpath_live_api" name="test_hotpath_outbox" time="0.096" /><testcase classname="tests.test_hotpath_live_api" name="test_scanner_status" time="0.256" /><testcase classname="tests.test_hotpath_live_api" name="test_expectancy_summary" time="0.147" /><testcase classname="tests.test_hotpath_live_api" name="test_gto_status_intents_age_bound" time="0.094" /></testsuite></testsuites>