<?xml version="1.0" encoding="utf-8"?><testsuites name="pytest tests"><testsuite name="pytest" errors="0" failures="1" skipped="0" tests="105" time="0.904" timestamp="2026-07-26T17:34:43.885540+00:00" hostname="agent-env-b177ffdc-73ff-45fb-9ba4-f1e63e5e4274"><testcase classname="tests.test_risk_sizer" name="test_valid_brain_stop_wins" time="0.002" /><testcase classname="tests.test_risk_sizer" name="test_too_tight_brain_stop_falls_back_to_policy" time="0.001" /><testcase classname="tests.test_risk_sizer" name="test_wrong_side_brain_stop_falls_back" time="0.000" /><testcase classname="tests.test_risk_sizer" name="test_operator_example_2pct_stop_1125" time="0.000" /><testcase classname="tests.test_risk_sizer" name="test_policy_fallback_3pct_stop_750" time="0.000" /><testcase classname="tests.test_risk_sizer" name="test_governor_half_is_reduce_only" time="0.000" /><testcase classname="tests.test_risk_sizer" name="test_portfolio_risk_capacity_caps_size" time="0.000" /><testcase classname="tests.test_risk_sizer" name="test_pending_reservations_prevent_double_sizing" time="0.000" /><testcase classname="tests.test_risk_sizer" name="test_balance_fail_closed" time="0.001" /><testcase classname="tests.test_risk_sizer" name="test_key_invariant_projected_loss_within_budget" time="0.001" /><testcase classname="tests.test_risk_sizer" name="test_edge_gate_rejects_when_costs_exceed_edge" time="0.000" /><testcase classname="tests.test_risk_sizer" name="test_receipt_carries_plan_id_and_projected_loss" time="0.000" /><testcase classname="tests.test_risk_sizer" name="test_selection_renormalized_below_sample" time="0.003" /><testcase classname="tests.test_risk_sizer" name="test_selection_hard_gate_at_sample" time="0.000" /><testcase classname="tests.test_risk_engine_lanes" name="test_roadguard_forces_notional_to_zero" time="0.000" /><testcase classname="tests.test_risk_engine_lanes" name="test_equity_edge_gate" time="0.000" /><testcase classname="tests.test_risk_engine_lanes" name="test_equity_lane_sizes_from_canonical_stop" time="0.000" /><testcase classname="tests.test_risk_engine_lanes" name="test_equity_governor_reduces_risk_and_notional" time="0.000" /><testcase classname="tests.test_risk_engine_lanes" name="test_equity_open_plus_pending_capped_at_2pct" time="0.000" /><testcase classname="tests.test_risk_engine_lanes" name="test_missing_live_and_expired_cache_fail_closed" time="0.001" /><testcase classname="tests.test_risk_engine_lanes" name="test_release_pending_frees_reserved_capital" time="0.000" /><testcase classname="tests.test_risk_engine_lanes" name="test_canonical_stop_identity_with_exit_monitor" time="0.001" /><testcase classname="tests.test_risk_engine_lanes" name="test_options_lane_premium_sizing" time="0.000" /><testcase classname="tests.test_risk_engine_lanes" name="test_options_expensive_premium_rejected" time="0.000" /><testcase classname="tests.test_risk_engine_lanes" name="test_options_governor_reduces_contracts" time="0.000" /><testcase classname="tests.test_risk_engine_lanes" name="test_options_max_premium_cap_binds" time="0.000" /><testcase classname="tests.test_risk_engine_lanes" name="test_options_gate_dte_bounds" time="0.000" /><testcase classname="tests.test_risk_engine_lanes" name="test_options_gate_open_interest_spread_greeks" time="0.000" /><testcase classname="tests.test_risk_engine_lanes" name="test_lane_flags_all_enabled" time="0.000" /><testcase classname="mc_arbiter.tests.test_arbiter" name="test_submit_opinion_upserts_by_seat_and_brain" time="0.007" /><testcase classname="mc_arbiter.tests.test_arbiter" name="test_four_brain_long_competition_disarmed" time="0.068" /><testcase classname="mc_arbiter.tests.test_arbiter" name="test_dawe_weight_flips_the_winner" time="0.006" /><testcase classname="mc_arbiter.tests.test_arbiter" name="test_cold_start_ignores_dawe_weight" time="0.005" /><testcase classname="mc_arbiter.tests.test_arbiter" name="test_all_flat_produces_no_winner" time="0.003" /><testcase classname="mc_arbiter.tests.test_arbiter" name="test_arbitrate_empty_seat" time="0.001" /><testcase classname="mc_arbiter.tests.test_arbiter" name="test_disagreement_multiplier_shrinks_size_when_split" time="0.004" /><testcase classname="mc_arbiter.tests.test_arbiter" name="test_runtime_mode_defaults_to_disarmed" time="0.001" /><testcase classname="mc_arbiter.tests.test_arbiter" name="test_runtime_mode_flip_records_actor" time="0.001" /><testcase classname="mc_arbiter.tests.test_dawe" name="test_ewma_alpha_1_returns_observation" time="0.001" /><testcase classname="mc_arbiter.tests.test_dawe" name="test_ewma_alpha_0_returns_previous" time="0.001" /><testcase classname="mc_arbiter.tests.test_dawe" name="test_ewma_alpha_0_5_averages" time="0.000" /><testcase classname="mc_arbiter.tests.test_dawe" name="test_ewma_rejects_bad_alpha" time="0.001" /><testcase classname="mc_arbiter.tests.test_dawe" name="test_ewma_converges_to_observation" time="0.000" /><testcase classname="mc_arbiter.tests.test_dawe" name="test_effective_neutral_at_default_state" time="0.000" /><testcase classname="mc_arbiter.tests.test_dawe" name="test_effective_cold_start_returns_neutral" time="0.001" /><testcase classname="mc_arbiter.tests.test_dawe" name="test_effective_active_after_cold_start_threshold" time="0.000" /><testcase classname="mc_arbiter.tests.test_dawe" name="test_effective_clamped_to_min" time="0.000" /><testcase classname="mc_arbiter.tests.test_dawe" name="test_effective_clamped_to_max" time="0.000" /><testcase classname="mc_arbiter.tests.test_dawe" name="test_effective_survives_zero_weight" time="0.000" /><testcase classname="mc_arbiter.tests.test_dawe" name="test_effective_session_dominates_recent" time="0.000" /><testcase classname="mc_arbiter.tests.test_dawe" name="test_size_multiplier_softens_weight_damage" time="0.000" /><testcase classname="mc_arbiter.tests.test_dawe" name="test_size_multiplier_handles_zero" time="0.000" /><testcase classname="mc_arbiter.tests.test_dawe" name="test_update_session_moves_toward_quality" time="0.000" /><testcase classname="mc_arbiter.tests.test_dawe" name="test_update_session_penalizes_bad_grade" time="0.000" /><testcase classname="mc_arbiter.tests.test_dawe" name="test_update_session_stays_in_bounds" time="0.000" /><testcase classname="mc_arbiter.tests.test_dawe" name="test_update_session_stays_in_bounds_down" time="0.000" /><testcase classname="mc_arbiter.tests.test_dawe" name="test_update_recent_convergence_is_slower_than_session" time="0.000" /><testcase classname="mc_arbiter.tests.test_dawe" name="test_quality_neutral_when_no_move" time="0.000" /><testcase classname="mc_arbiter.tests.test_dawe" name="test_quality_perfect_when_captures_expected_move" time="0.000" /><testcase classname="mc_arbiter.tests.test_dawe" name="test_quality_zero_when_wrong_direction_captures_expected_move" time="0.000" /><testcase classname="mc_arbiter.tests.test_dawe" name="test_quality_clamped_when_move_exceeds_expected" time="0.000" /><testcase classname="mc_arbiter.tests.test_dawe" name="test_quality_handles_zero_expected_move" time="0.000" /><testcase classname="mc_arbiter.tests.test_models" name="test_rank_score_baseline" time="0.000" /><testcase classname="mc_arbiter.tests.test_models" name="test_rank_score_zero_when_any_multiplier_zero" time="0.000" /><testcase classname="mc_arbiter.tests.test_models" name="test_rank_score_urgency_never_zeroes_the_score" time="0.000" /><testcase classname="mc_arbiter.tests.test_models" name="test_flat_direction_still_produces_rank_score" time="0.000" /><testcase classname="mc_arbiter.tests.test_models" name="test_opinion_is_frozen" time="0.000" /><testcase classname="mc_arbiter.tests.test_models" name="test_direction_enum_values" time="0.000" /><testcase classname="mc_arbiter.tests.test_models" name="test_runtime_mode_has_only_two_values" time="0.000" /><testcase classname="mc_arbiter.tests.test_models" name="test_dawe_state_default_is_neutral" time="0.000" /><testcase classname="mc_arbiter.tests.test_models" name="test_dawe_state_mongo_roundtrip" time="0.000" /><testcase classname="mc_arbiter.tests.test_models" name="test_dawe_state_from_mongo_handles_missing_doc" time="0.000" /><testcase classname="mc_arbiter.tests.test_models" name="test_dawe_state_from_mongo_handles_partial_doc" time="0.000" /><testcase classname="mc_arbiter.tests.test_models" name="test_seat_doc_defaults" time="0.000" /><testcase classname="mc_arbiter.tests.test_seat_key" name="test_bucket_iso_floors_to_5min_boundary" time="0.000" /><testcase classname="mc_arbiter.tests.test_seat_key" name="test_bucket_iso_exact_boundary_stays" time="0.000" /><testcase classname="mc_arbiter.tests.test_seat_key" name="test_bucket_iso_top_of_hour" time="0.000" /><testcase classname="mc_arbiter.tests.test_seat_key" name="test_bucket_iso_last_bucket_of_hour" time="0.000" /><testcase classname="mc_arbiter.tests.test_seat_key" name="test_bucket_iso_treats_naive_dt_as_utc" time="0.000" /><testcase classname="mc_arbiter.tests.test_seat_key" name="test_bucket_iso_converts_non_utc_tz" time="0.000" /><testcase classname="mc_arbiter.tests.test_seat_key" name="test_bucket_iso_custom_interval" time="0.000" /><testcase classname="mc_arbiter.tests.test_seat_key" name="test_bucket_iso_default_is_now" time="0.000" /><testcase classname="mc_arbiter.tests.test_seat_key" name="test_build_seat_key_basic" time="0.000" /><testcase classname="mc_arbiter.tests.test_seat_key" name="test_build_seat_key_uppercases_symbol" time="0.000" /><testcase classname="mc_arbiter.tests.test_seat_key" name="test_build_seat_key_lowercases_lane" time="0.000" /><testcase classname="mc_arbiter.tests.test_seat_key" name="test_build_seat_key_rejects_unknown_lane" time="0.000" /><testcase classname="mc_arbiter.tests.test_seat_key" name="test_build_seat_key_rejects_empty_symbol" time="0.000" /><testcase classname="mc_arbiter.tests.test_seat_key" name="test_parse_seat_key_roundtrip_equity" time="0.000" /><testcase classname="mc_arbiter.tests.test_seat_key" name="test_parse_seat_key_handles_slash_symbol" time="0.000" /><testcase classname="mc_arbiter.tests.test_seat_key" name="test_parse_seat_key_rejects_malformed" time="0.000" /><testcase classname="mc_arbiter.tests.test_seat_key" name="test_next_bucket_iso_from_iso" time="0.002" /><testcase classname="mc_arbiter.tests.test_seat_key" name="test_next_bucket_iso_from_seat_key" time="0.000" /><testcase classname="mc_arbiter.tests.test_seat_key" name="test_next_bucket_iso_crosses_hour" time="0.000" /><testcase classname="mc_arbiter.tests.test_seat_key" name="test_bucket_minutes_default_is_5" time="0.000" /><testcase classname="tests.test_e2e_execution_trace" name="test_e2e_trace_broker_mocked_full_stack" time="0.426"><failure message="Failed: E2E trace did not complete end-to-end.&#10;broke_at=route_one&#10;next_expected=broker_call&#10;stages:&#10;  [ok] synthesize_snapshot (2.6ms) &#10;  [ok] run_pulse_writes_opinion (13.3ms) &#10;  [ok] arbitrate_writes_decision (250.2ms) &#10;  [ok] emit_intent (86.3ms) &#10;  [ok] route_one (23.2ms) &#10;  [FAIL] broker_call (2.0ms) error=RuntimeError: intent 255cadd4-e026-49fa-97b0-b4a00606736b ended at gate_state=blocked (broker_reason=RISK_REJECTED); no broker call was made.">@pytest.mark.asyncio
    async def test_e2e_trace_broker_mocked_full_stack():
        """End-to-end: pulse → arbiter → intent → router → broker →
        executions. Broker layer stubbed so no real orders are placed."""
        from mc_pulse.e2e_trace import run_e2e_trace
    
        result = await run_e2e_trace(
            symbol="AAPL",
            lane="equity",
            broker_mock=True,
            cleanup=True,
        )
    
        # First check: NO stage crashed with an unexpected exception.
        # Each stage MUST report either `ok=True` or a semantic reason.
        crashed_stages = [
            s for s in result.stages
            if not s.ok and (
                s.error is None
                or "KeyError" in (s.error or "")
                or "AttributeError" in (s.error or "")
                or "TypeError" in (s.error or "")
            )
        ]
        assert not crashed_stages, (
            f"E2E trace had unexpected exceptions:\n"
            + "\n".join(f"  {s.name}: {s.error}" for s in crashed_stages)
        )
    
        # The trace either completes end-to-end OR stops at a well-defined
        # link with a diagnosis. Print the trace on failure so CI logs
        # show WHERE the stack broke, not just that it broke.
        if not result.ok:
            summary = "\n".join([
                f"  [{'ok' if s.ok else 'FAIL'}] {s.name} "
                f"({s.duration_ms:.1f}ms) "
                f"{'error=' + s.error if s.error else ''}"
                for s in result.stages
            ])
&gt;           pytest.fail(
                f"E2E trace did not complete end-to-end.\n"
                f"broke_at={result.broke_at}\n"
                f"next_expected={result.next_expected}\n"
                f"stages:\n{summary}"
            )
E           Failed: E2E trace did not complete end-to-end.
E           broke_at=route_one
E           next_expected=broker_call
E           stages:
E             [ok] synthesize_snapshot (2.6ms) 
E             [ok] run_pulse_writes_opinion (13.3ms) 
E             [ok] arbitrate_writes_decision (250.2ms) 
E             [ok] emit_intent (86.3ms) 
E             [ok] route_one (23.2ms) 
E             [FAIL] broker_call (2.0ms) error=RuntimeError: intent 255cadd4-e026-49fa-97b0-b4a00606736b ended at gate_state=blocked (broker_reason=RISK_REJECTED); no broker call was made.

tests/test_e2e_execution_trace.py:58: Failed</failure></testcase><testcase classname="tests.test_e2e_execution_trace" name="test_e2e_trace_refuses_live_broker_without_env_guard" time="0.001" /><testcase classname="tests.test_e2e_execution_trace" name="test_e2e_trace_stage_names_are_stable" time="0.000" /><testcase classname="tests.test_gain_goal" name="test_window_bounds_calendar_month" time="0.000" /><testcase classname="tests.test_gain_goal" name="test_window_bounds_calendar_week_and_rolling" time="0.000" /><testcase classname="tests.test_gain_goal" name="test_rth_session_progress_counts_business_days" time="0.000" /><testcase classname="tests.test_gain_goal" name="test_no_goal_then_pace_statuses" time="0.015" /><testcase classname="tests.test_gain_goal" name="test_drawdown_breach_latch_block_and_ack" time="0.038" /><testcase classname="tests.test_gain_goal" name="test_ahead_of_pace_throttle_reduce_only" time="0.025" /><testcase classname="tests.test_gain_goal" name="test_pct_target_and_brain_attribution" time="0.008" /><testcase classname="tests.test_gain_goal" name="test_window_rollover_clears_latch" time="0.019" /></testsuite></testsuites>