<?xml version="1.0" encoding="utf-8"?><testsuites name="pytest tests"><testsuite name="pytest" errors="0" failures="1" skipped="0" tests="5" time="1.290" timestamp="2026-06-25T12:18:18.981299+00:00" hostname="agent-env-b177ffdc-73ff-45fb-9ba4-f1e63e5e4274"><testcase classname="tests.test_admin_gets_happy_path" name="test_admin_get_happy_path[/api/admin/flags]" time="0.667" /><testcase classname="tests.test_admin_gets_happy_path" name="test_admin_get_happy_path[/api/admin/diagnostics]" time="0.207" /><testcase classname="tests.test_admin_gets_happy_path" name="test_admin_get_happy_path[/api/admin/system-flags]" time="0.131" /><testcase classname="tests.test_admin_gets_happy_path" name="test_admin_get_happy_path[/api/admin/paradox-v3/status]" time="0.128" /><testcase classname="tests.test_admin_gets_happy_path" name="test_admin_get_happy_path[/api/admin/brain-metrics/health]" time="0.102"><failure message="AssertionError: /api/admin/brain-metrics/health → 404: {&quot;detail&quot;:&quot;Not Found&quot;}&#10;assert 404 == 200&#10; +  where 404 = &lt;Response [404]&gt;.status_code">backend/tests/test_admin_gets_happy_path.py:42: in test_admin_get_happy_path
    assert r.status_code == 200, f"{path} → {r.status_code}: {r.text[:200]}"
E   AssertionError: /api/admin/brain-metrics/health → 404: {"detail":"Not Found"}
E   assert 404 == 200
E    +  where 404 = &lt;Response [404]&gt;.status_code</failure></testcase></testsuite></testsuites>