<?xml version="1.0" encoding="utf-8"?><testsuites name="pytest tests"><testsuite name="pytest" errors="0" failures="0" skipped="0" tests="8" time="2.598" timestamp="2026-06-25T23:44:42.480421+00:00" hostname="agent-env-b177ffdc-73ff-45fb-9ba4-f1e63e5e4274"><testcase classname="tests.test_intents_queue_sort_and_lane_filter" name="test_default_sort_is_conviction" time="0.894" /><testcase classname="tests.test_intents_queue_sort_and_lane_filter" name="test_sort_execution_priority" time="0.267" /><testcase classname="tests.test_intents_queue_sort_and_lane_filter" name="test_sort_newest_is_ingest_ts_desc" time="0.160" /><testcase classname="tests.test_intents_queue_sort_and_lane_filter" name="test_sort_symbol_is_alphabetical" time="0.317" /><testcase classname="tests.test_intents_queue_sort_and_lane_filter" name="test_crypto_intents_hidden_by_default" time="0.311" /><testcase classname="tests.test_intents_queue_sort_and_lane_filter" name="test_crypto_intents_visible_when_toggle_on" time="0.302" /><testcase classname="tests.test_intents_queue_sort_and_lane_filter" name="test_explicit_disabled_lane_filter_returns_empty" time="0.099" /><testcase classname="tests.test_intents_queue_sort_and_lane_filter" name="test_all_lanes_disabled_returns_empty_with_note" time="0.100" /></testsuite></testsuites>