<?xml version="1.0" encoding="utf-8"?><testsuites name="pytest tests"><testsuite name="pytest" errors="0" failures="0" skipped="0" tests="10" time="0.256" timestamp="2026-06-25T07:43:04.644241+00:00" hostname="agent-env-b177ffdc-73ff-45fb-9ba4-f1e63e5e4274"><testcase classname="tests.test_system_flags" name="test_set_paradox_v3_brains_upserts_and_audits" time="0.017" /><testcase classname="tests.test_system_flags" name="test_effective_paradox_v3_brains_db_wins_over_env" time="0.009" /><testcase classname="tests.test_system_flags" name="test_empty_list_means_explicit_none_not_env_fallback" time="0.010" /><testcase classname="tests.test_system_flags" name="test_null_db_falls_back_to_env" time="0.005" /><testcase classname="tests.test_system_flags" name="test_trigger_watcher_toggle_round_trip" time="0.006" /><testcase classname="tests.test_system_flags" name="test_trigger_refire_toggle_round_trip" time="0.005" /><testcase classname="tests.test_system_flags" name="test_v3_brain_enabled_sync_honours_db_cache" time="0.054" /><testcase classname="tests.test_system_flags" name="test_watcher_refire_sync_helpers_honour_db_cache" time="0.012" /><testcase classname="tests.test_system_flags" name="test_recent_flag_changes_reverse_chronological" time="0.011" /><testcase classname="tests.test_system_flags" name="test_idempotent_repeat_set_still_audits" time="0.009" /></testsuite></testsuites>