<?xml version="1.0" encoding="utf-8"?><testsuites name="pytest tests"><testsuite name="pytest" errors="0" failures="0" skipped="0" tests="11" time="3.181" timestamp="2026-06-25T14:24:06.599603+00:00" hostname="agent-env-b177ffdc-73ff-45fb-9ba4-f1e63e5e4274"><testcase classname="tests.test_seat_authority_modes" name="test_seat_bound_when_stack_matches_holder" time="0.435" /><testcase classname="tests.test_seat_authority_modes" name="test_requires_override_when_stack_mismatches_holder" time="0.240" /><testcase classname="tests.test_seat_authority_modes" name="test_vacant_when_no_holder" time="0.235" /><testcase classname="tests.test_seat_authority_modes" name="test_execution_submit_refuses_override_required_intent" time="0.313" /><testcase classname="tests.test_seat_authority_modes" name="test_submit_override_requires_reason" time="0.201" /><testcase classname="tests.test_seat_authority_modes" name="test_submit_override_rejects_seat_bound_intent" time="0.236" /><testcase classname="tests.test_seat_authority_modes" name="test_submit_override_audits_request_before_broker_call" time="0.290" /><testcase classname="tests.test_seat_authority_modes" name="test_auto_submit_blocked_by_override_requirement" time="0.264" /><testcase classname="tests.test_seat_authority_modes" name="test_submit_rejects_brain_name_mismatch" time="0.222" /><testcase classname="tests.test_seat_authority_modes" name="test_submit_brain_name_case_insensitive_match" time="0.261" /><testcase classname="tests.test_seat_authority_modes" name="test_submit_body_requires_brain_name_field" time="0.202" /></testsuite></testsuites>