<?xml version="1.0" encoding="utf-8"?><testsuites name="pytest tests"><testsuite name="pytest" errors="0" failures="1" skipped="0" tests="35" time="7.956" timestamp="2026-07-11T01:33:25.790199+00:00" hostname="agent-env-b177ffdc-73ff-45fb-9ba4-f1e63e5e4274"><testcase classname="tests.test_intent_write_health" name="test_write_health_band_matrix" time="0.182" /><testcase classname="tests.test_intent_write_health" name="test_bump_stack_decision_sets_ts_and_counter" time="0.007" /><testcase classname="tests.test_intent_write_health" name="test_bump_stack_intent_success_directional_vs_hold" time="0.003" /><testcase classname="tests.test_intent_write_health" name="test_bump_stack_intent_failure_records_error" time="0.002" /><testcase classname="tests.test_intent_write_health" name="test_stack_status_decorates_write_health" time="0.544" /><testcase classname="tests.test_intent_write_health" name="test_insert_failure_propagates_and_bumps_failure_counter" time="0.121"><failure message="Failed: DID NOT RAISE &lt;class 'RuntimeError'&gt;">tests/test_intent_write_health.py:261: in test_insert_failure_propagates_and_bumps_failure_counter
    with pytest.raises(RuntimeError, match="simulated_atlas_outage"):
E   Failed: DID NOT RAISE &lt;class 'RuntimeError'&gt;</failure></testcase><testcase classname="tests.test_stack_status_and_failsoft.TestStackStatusHappyShape" name="test_stack_returns_200_ok_true" time="0.436" /><testcase classname="tests.test_stack_status_and_failsoft.TestStackStatusHappyShape" name="test_stack_shape_contract" time="0.106" /><testcase classname="tests.test_stack_status_and_failsoft.TestStackStatusHappyShape" name="test_stack_contains_all_four_brains" time="0.098" /><testcase classname="tests.test_stack_status_and_failsoft.TestStackStatusHappyShape" name="test_stack_brain_section_shape" time="0.106" /><testcase classname="tests.test_stack_status_and_failsoft.TestStackAbsentDocContract" name="test_absent_doc_returns_200_degraded_true" time="0.107" /><testcase classname="tests.test_stack_status_and_failsoft.TestStackAbsentDocDirect" name="test_returns_amber_when_doc_missing" time="0.001" /><testcase classname="tests.test_stack_status_and_failsoft.TestStackAbsentDocDirect" name="test_returns_amber_when_atlas_raises" time="0.129" /><testcase classname="tests.test_stack_status_and_failsoft.TestEmissionBumpsStackDoc" name="test_bump_stack_on_emit_bumps_section" time="0.629" /><testcase classname="tests.test_stack_status_and_failsoft.TestPerBrainEndpointFailsSoft" name="test_builder_exception_returns_amber" time="0.001" /><testcase classname="tests.test_stack_status_and_failsoft.TestPerBrainEndpointFailsSoft" name="test_unknown_brain_still_404" time="0.102" /><testcase classname="tests.test_stack_status_and_failsoft.TestStackSustainedLoad" name="test_stack_read_under_load" time="1.064" /><testcase classname="tests.test_brain_runtime_metrics_cache" name="test_bump_on_emit_upserts_new_brain" time="0.067" /><testcase classname="tests.test_brain_runtime_metrics_cache" name="test_bump_on_emit_increments_lifetime_and_updates_latest" time="0.070" /><testcase classname="tests.test_brain_runtime_metrics_cache" name="test_bump_on_emit_swallows_errors" time="0.063" /><testcase classname="tests.test_brain_runtime_metrics_cache" name="test_refresh_windows_computes_from_shared_intents" time="0.065" /><testcase classname="tests.test_brain_runtime_metrics_cache" name="test_refresh_windows_caches_within_ttl" time="0.070" /><testcase classname="tests.test_brain_runtime_metrics_cache" name="test_refresh_windows_new_brain_returns_zeros" time="0.068" /><testcase classname="tests.test_brain_runtime_metrics_integration" name="test_bump_on_emit_fires_from_production_intent_path" time="0.064" /><testcase classname="tests.test_brain_runtime_metrics_integration" name="test_intents_py_imports_bump_on_emit" time="0.066" /><testcase classname="tests.test_brain_runtime_status_load" name="test_status_returns_cached_source_and_shape[camino]" time="0.430" /><testcase classname="tests.test_brain_runtime_status_load" name="test_status_returns_cached_source_and_shape[barracuda]" time="0.112" /><testcase classname="tests.test_brain_runtime_status_load" name="test_status_returns_cached_source_and_shape[hellcat]" time="0.114" /><testcase classname="tests.test_brain_runtime_status_load" name="test_status_returns_cached_source_and_shape[gto]" time="0.110" /><testcase classname="tests.test_brain_runtime_status_load" name="test_status_sustained_load_camino" time="2.215" /><testcase classname="tests.test_brain_runtime_status_load" name="test_status_no_500[camino]" time="0.118" /><testcase classname="tests.test_brain_runtime_status_load" name="test_status_no_500[barracuda]" time="0.136" /><testcase classname="tests.test_brain_runtime_status_load" name="test_status_no_500[hellcat]" time="0.111" /><testcase classname="tests.test_brain_runtime_status_load" name="test_status_no_500[gto]" time="0.103" /><testcase classname="tests.test_brain_runtime_status_load" name="test_status_no_500[bogus-brain]" time="0.099" /></testsuite></testsuites>