<?xml version="1.0" encoding="utf-8"?><testsuites name="pytest tests"><testsuite name="pytest" errors="0" failures="0" skipped="0" tests="9" time="0.303" timestamp="2026-06-25T14:24:16.650588+00:00" hostname="agent-env-b177ffdc-73ff-45fb-9ba4-f1e63e5e4274"><testcase classname="tests.test_admin_seat_stage_drops" name="test_canonicalize_strips_dynamic_suffix" time="0.000" /><testcase classname="tests.test_admin_seat_stage_drops" name="test_extract_seat_from_reason_handles_all_three_shapes" time="0.000" /><testcase classname="tests.test_admin_seat_stage_drops" name="test_canonical_buckets_aggregate_correctly" time="0.011" /><testcase classname="tests.test_admin_seat_stage_drops" name="test_only_seat_restriction_source_counted" time="0.005" /><testcase classname="tests.test_admin_seat_stage_drops" name="test_per_brain_top_reason_attributed_correctly" time="0.006" /><testcase classname="tests.test_admin_seat_stage_drops" name="test_per_seat_breakdown_extracts_seat_ids" time="0.004" /><testcase classname="tests.test_admin_seat_stage_drops" name="test_lane_filter_narrows_results" time="0.006" /><testcase classname="tests.test_admin_seat_stage_drops" name="test_empty_window_returns_clean_shape" time="0.002" /><testcase classname="tests.test_admin_seat_stage_drops" name="test_unmapped_reason_falls_into_other_category" time="0.003" /></testsuite></testsuites>