<?xml version="1.0" encoding="utf-8"?><testsuites name="pytest tests"><testsuite name="pytest" errors="0" failures="0" skipped="0" tests="8" time="1.732" timestamp="2026-06-25T21:51:28.499952+00:00" hostname="agent-env-b177ffdc-73ff-45fb-9ba4-f1e63e5e4274"><testcase classname="tests.test_execution_lifecycle_funnel_api" name="test_funnel_default_shape" time="0.644" /><testcase classname="tests.test_execution_lifecycle_funnel_api" name="test_funnel_720h_window" time="0.167" /><testcase classname="tests.test_execution_lifecycle_funnel_api" name="test_funnel_lane_equity_excludes_crypto" time="0.166" /><testcase classname="tests.test_execution_lifecycle_funnel_api" name="test_funnel_lane_crypto_excludes_equity" time="0.182" /><testcase classname="tests.test_execution_lifecycle_funnel_api" name="test_funnel_invalid_lane_ignored" time="0.163" /><testcase classname="tests.test_execution_lifecycle_funnel_api" name="test_funnel_hours_zero_rejected" time="0.107" /><testcase classname="tests.test_execution_lifecycle_funnel_api" name="test_funnel_hours_over_max_rejected" time="0.116" /><testcase classname="tests.test_execution_lifecycle_funnel_api" name="test_funnel_requires_auth" time="0.101" /></testsuite></testsuites>