<?xml version="1.0" encoding="utf-8"?><testsuites name="pytest tests"><testsuite name="pytest" errors="0" failures="6" skipped="0" tests="6" time="1.151" timestamp="2026-07-09T10:29:48.782242+00:00" hostname="agent-env-b177ffdc-73ff-45fb-9ba4-f1e63e5e4274"><testcase classname="tests.test_micro_notional_fallback" name="test_legacy_notional_wins_brain_legacy" time="0.363"><failure message="AssertionError: notional_source not persisted on intent doc (audit gap)&#10;assert None == 'brain_legacy'&#10; +  where None = &lt;built-in method get of dict object at 0xf92e062d7240&gt;('notional_source')&#10; +    where &lt;built-in method get of dict object at 0xf92e062d7240&gt; = {'_id': ObjectId('6a4f781c7c1f0e2839b74f8e'), 'action': 'BUY', 'broker_order': {'broker': 'webull', 'id': 'BRO-1', 'notional': 25.0, 'qty': 1, ...}, 'executed': True, ...}.get">tests/test_micro_notional_fallback.py:183: in test_legacy_notional_wins_brain_legacy
    assert doc.get("notional_source") == "brain_legacy", (
E   AssertionError: notional_source not persisted on intent doc (audit gap)
E   assert None == 'brain_legacy'
E    +  where None = &lt;built-in method get of dict object at 0xf92e062d7240&gt;('notional_source')
E    +    where &lt;built-in method get of dict object at 0xf92e062d7240&gt; = {'_id': ObjectId('6a4f781c7c1f0e2839b74f8e'), 'action': 'BUY', 'broker_order': {'broker': 'webull', 'id': 'BRO-1', 'notional': 25.0, 'qty': 1, ...}, 'executed': True, ...}.get</failure></testcase><testcase classname="tests.test_micro_notional_fallback" name="test_v3_envelope_notional_brain_v3" time="0.107"><failure message="AssertionError: notional_source not persisted on intent doc (audit gap)&#10;assert None == 'brain_v3'&#10; +  where None = &lt;built-in method get of dict object at 0xf92e06362f00&gt;('notional_source')&#10; +    where &lt;built-in method get of dict object at 0xf92e06362f00&gt; = {'_id': ObjectId('6a4f781d7c1f0e2839b74f8f'), 'action': 'SELL', 'broker_order': {'broker': 'webull', 'id': 'BRO-1', 'notional': 15.0, 'qty': 1, ...}, 'executed': True, ...}.get">tests/test_micro_notional_fallback.py:207: in test_v3_envelope_notional_brain_v3
    assert doc.get("notional_source") == "brain_v3", (
E   AssertionError: notional_source not persisted on intent doc (audit gap)
E   assert None == 'brain_v3'
E    +  where None = &lt;built-in method get of dict object at 0xf92e06362f00&gt;('notional_source')
E    +    where &lt;built-in method get of dict object at 0xf92e06362f00&gt; = {'_id': ObjectId('6a4f781d7c1f0e2839b74f8f'), 'action': 'SELL', 'broker_order': {'broker': 'webull', 'id': 'BRO-1', 'notional': 15.0, 'qty': 1, ...}, 'executed': True, ...}.get</failure></testcase><testcase classname="tests.test_micro_notional_fallback" name="test_micro_default_directional_buy" time="0.132"><failure message="AssertionError: notional_source not persisted on intent doc (audit gap) — operator wants this in the post-mortem trail&#10;assert None == 'micro_live_default'&#10; +  where None = &lt;built-in method get of dict object at 0xf92e063292c0&gt;('notional_source')&#10; +    where &lt;built-in method get of dict object at 0xf92e063292c0&gt; = {'_id': ObjectId('6a4f781d7c1f0e2839b74f90'), 'action': 'BUY', 'broker_order': {'broker': 'webull', 'id': 'BRO-1', 'notional': 5.0, 'qty': 1, ...}, 'executed': True, ...}.get">tests/test_micro_notional_fallback.py:236: in test_micro_default_directional_buy
    assert doc.get("notional_source") == "micro_live_default", (
E   AssertionError: notional_source not persisted on intent doc (audit gap) — operator wants this in the post-mortem trail
E   assert None == 'micro_live_default'
E    +  where None = &lt;built-in method get of dict object at 0xf92e063292c0&gt;('notional_source')
E    +    where &lt;built-in method get of dict object at 0xf92e063292c0&gt; = {'_id': ObjectId('6a4f781d7c1f0e2839b74f90'), 'action': 'BUY', 'broker_order': {'broker': 'webull', 'id': 'BRO-1', 'notional': 5.0, 'qty': 1, ...}, 'executed': True, ...}.get</failure></testcase><testcase classname="tests.test_micro_notional_fallback" name="test_micro_default_directional_sell_zero_notional" time="0.119"><failure message="AssertionError: assert None == 'micro_live_default'&#10; +  where None = &lt;built-in method get of dict object at 0xf92e06385700&gt;('notional_source')&#10; +    where &lt;built-in method get of dict object at 0xf92e06385700&gt; = {'_id': ObjectId('6a4f781d7c1f0e2839b74f91'), 'action': 'SELL', 'broker_order': {'broker': 'webull', 'id': 'BRO-1', 'notional': 5.0, 'qty': 1, ...}, 'executed': True, ...}.get">tests/test_micro_notional_fallback.py:263: in test_micro_default_directional_sell_zero_notional
    assert doc.get("notional_source") == "micro_live_default"
E   AssertionError: assert None == 'micro_live_default'
E    +  where None = &lt;built-in method get of dict object at 0xf92e06385700&gt;('notional_source')
E    +    where &lt;built-in method get of dict object at 0xf92e06385700&gt; = {'_id': ObjectId('6a4f781d7c1f0e2839b74f91'), 'action': 'SELL', 'broker_order': {'broker': 'webull', 'id': 'BRO-1', 'notional': 5.0, 'qty': 1, ...}, 'executed': True, ...}.get</failure></testcase><testcase classname="tests.test_micro_notional_fallback" name="test_hold_action_falls_through_to_env_default" time="0.136"><failure message="AssertionError: assert None == 'env_default'&#10; +  where None = &lt;built-in method get of dict object at 0xf92e06384f40&gt;('notional_source')&#10; +    where &lt;built-in method get of dict object at 0xf92e06384f40&gt; = {'_id': ObjectId('6a4f781d7c1f0e2839b74f92'), 'action': 'HOLD', 'broker_order': {'broker': 'webull', 'id': 'BRO-1', 'notional': 3.0, 'qty': 1, ...}, 'executed': True, ...}.get">tests/test_micro_notional_fallback.py:296: in test_hold_action_falls_through_to_env_default
    assert doc.get("notional_source") == "env_default"
E   AssertionError: assert None == 'env_default'
E    +  where None = &lt;built-in method get of dict object at 0xf92e06384f40&gt;('notional_source')
E    +    where &lt;built-in method get of dict object at 0xf92e06384f40&gt; = {'_id': ObjectId('6a4f781d7c1f0e2839b74f92'), 'action': 'HOLD', 'broker_order': {'broker': 'webull', 'id': 'BRO-1', 'notional': 3.0, 'qty': 1, ...}, 'executed': True, ...}.get</failure></testcase><testcase classname="tests.test_micro_notional_fallback" name="test_env_override_micro_live_default_usd" time="0.118"><failure message="AssertionError: assert None == 'micro_live_default'&#10; +  where None = &lt;built-in method get of dict object at 0xf92e0e324840&gt;('notional_source')&#10; +    where &lt;built-in method get of dict object at 0xf92e0e324840&gt; = {'_id': ObjectId('6a4f781d7c1f0e2839b74f93'), 'action': 'BUY', 'broker_order': {'broker': 'webull', 'id': 'BRO-1', 'notional': 1.0, 'qty': 1, ...}, 'executed': True, ...}.get">tests/test_micro_notional_fallback.py:322: in test_env_override_micro_live_default_usd
    assert doc.get("notional_source") == "micro_live_default"
E   AssertionError: assert None == 'micro_live_default'
E    +  where None = &lt;built-in method get of dict object at 0xf92e0e324840&gt;('notional_source')
E    +    where &lt;built-in method get of dict object at 0xf92e0e324840&gt; = {'_id': ObjectId('6a4f781d7c1f0e2839b74f93'), 'action': 'BUY', 'broker_order': {'broker': 'webull', 'id': 'BRO-1', 'notional': 1.0, 'qty': 1, ...}, 'executed': True, ...}.get</failure></testcase></testsuite></testsuites>