<?xml version="1.0" encoding="utf-8"?><testsuites name="pytest tests"><testsuite name="pytest" errors="0" failures="0" skipped="0" tests="10" time="4.259" timestamp="2026-07-09T11:25:31.263195+00:00" hostname="agent-env-b177ffdc-73ff-45fb-9ba4-f1e63e5e4274"><testcase classname="tests.test_brain_runtime_status_load" name="test_status_returns_cached_source_and_shape[camino]" time="0.883" /><testcase classname="tests.test_brain_runtime_status_load" name="test_status_returns_cached_source_and_shape[barracuda]" time="0.182" /><testcase classname="tests.test_brain_runtime_status_load" name="test_status_returns_cached_source_and_shape[hellcat]" time="0.198" /><testcase classname="tests.test_brain_runtime_status_load" name="test_status_returns_cached_source_and_shape[gto]" time="0.168" /><testcase classname="tests.test_brain_runtime_status_load" name="test_status_sustained_load_camino" time="2.264" /><testcase classname="tests.test_brain_runtime_status_load" name="test_status_no_500[camino]" time="0.098" /><testcase classname="tests.test_brain_runtime_status_load" name="test_status_no_500[barracuda]" time="0.103" /><testcase classname="tests.test_brain_runtime_status_load" name="test_status_no_500[hellcat]" time="0.099" /><testcase classname="tests.test_brain_runtime_status_load" name="test_status_no_500[gto]" time="0.097" /><testcase classname="tests.test_brain_runtime_status_load" name="test_status_no_500[bogus-brain]" time="0.092" /></testsuite></testsuites>