<?xml version="1.0" encoding="utf-8"?><testsuites name="pytest tests"><testsuite name="pytest" errors="0" failures="0" skipped="0" tests="81" time="6.382" timestamp="2026-06-24T23:48:13.692374+00:00" hostname="agent-env-b177ffdc-73ff-45fb-9ba4-f1e63e5e4274"><testcase classname="tests.test_consensus_applied_rate_metric_2026_06_24" name="test_telemetry_ttl_is_seven_days" time="0.037" /><testcase classname="tests.test_consensus_applied_rate_metric_2026_06_24.TestClassifier" name="test_no_data" time="0.000" /><testcase classname="tests.test_consensus_applied_rate_metric_2026_06_24.TestClassifier" name="test_noise_band" time="0.000" /><testcase classname="tests.test_consensus_applied_rate_metric_2026_06_24.TestClassifier" name="test_healthy_band" time="0.000" /><testcase classname="tests.test_consensus_applied_rate_metric_2026_06_24.TestClassifier" name="test_heavy_band" time="0.000" /><testcase classname="tests.test_consensus_applied_rate_metric_2026_06_24.TestClassifier" name="test_over_dependent_band" time="0.000" /><testcase classname="tests.test_consensus_applied_rate_metric_2026_06_24.TestClassifier" name="test_bands_cover_full_range" time="0.000" /><testcase classname="tests.test_consensus_applied_rate_metric_2026_06_24.TestAppliedRate" name="test_no_telemetry_returns_none" time="0.033" /><testcase classname="tests.test_consensus_applied_rate_metric_2026_06_24.TestAppliedRate" name="test_zero_applied" time="0.034" /><testcase classname="tests.test_consensus_applied_rate_metric_2026_06_24.TestAppliedRate" name="test_healthy_band_15_percent" time="0.045" /><testcase classname="tests.test_consensus_applied_rate_metric_2026_06_24.TestAppliedRate" name="test_over_dependent_band" time="0.033" /><testcase classname="tests.test_consensus_applied_rate_metric_2026_06_24.TestAppliedRate" name="test_window_excludes_old_rows" time="0.031" /><testcase classname="tests.test_consensus_applied_rate_metric_2026_06_24.TestAppliedRate" name="test_mixed_positive_and_negative_boost" time="0.031" /><testcase classname="tests.test_consensus_applied_rate_metric_2026_06_24.TestAppliedRate" name="test_applied_inferred_from_boost_value_when_flag_missing" time="0.027" /><testcase classname="tests.test_consensus_applied_rate_metric_2026_06_24" name="test_health_band_constants_match_operator_spec" time="0.000" /><testcase classname="tests.test_consensus_guardrails_2026_06_24.TestRoadGuardCannotBeBypassedByBoost" name="test_zero_notional_still_blocks_even_with_full_boost" time="0.243" /><testcase classname="tests.test_consensus_guardrails_2026_06_24.TestRoadGuardCannotBeBypassedByBoost" name="test_trading_controls_disabled_still_blocks_with_full_boost" time="0.068" /><testcase classname="tests.test_consensus_guardrails_2026_06_24.TestReceiptCarriesConsensusProvenance" name="test_submitted_receipt_carries_full_provenance" time="0.065" /><testcase classname="tests.test_consensus_guardrails_2026_06_24.TestReceiptCarriesConsensusProvenance" name="test_seat_blocked_receipt_carries_provenance" time="0.068" /><testcase classname="tests.test_consensus_guardrails_2026_06_24.TestReceiptCarriesConsensusProvenance" name="test_zero_advisors_zero_boost_but_provenance_still_present" time="0.075" /><testcase classname="tests.test_consensus_boost_2026_06_24.TestComputeBoostMath" name="test_no_advisors_no_boost" time="0.053" /><testcase classname="tests.test_consensus_boost_2026_06_24.TestComputeBoostMath" name="test_one_agreeing_advisor" time="0.057" /><testcase classname="tests.test_consensus_boost_2026_06_24.TestComputeBoostMath" name="test_three_agreeing_advisors_boost_capped" time="0.057" /><testcase classname="tests.test_consensus_boost_2026_06_24.TestComputeBoostMath" name="test_four_agreeing_advisors_hits_cap" time="0.057" /><testcase classname="tests.test_consensus_boost_2026_06_24.TestComputeBoostMath" name="test_disagreeing_advisor_lowers" time="0.057" /><testcase classname="tests.test_consensus_boost_2026_06_24.TestComputeBoostMath" name="test_mixed_agree_and_disagree" time="0.063" /><testcase classname="tests.test_consensus_boost_2026_06_24.TestComputeBoostMath" name="test_hold_opinions_ignored" time="0.059" /><testcase classname="tests.test_consensus_boost_2026_06_24.TestComputeBoostMath" name="test_executor_own_advisories_excluded" time="0.062" /><testcase classname="tests.test_consensus_boost_2026_06_24.TestComputeBoostMath" name="test_executor_hold_gets_no_boost" time="0.057" /><testcase classname="tests.test_consensus_boost_2026_06_24.TestComputeBoostMath" name="test_old_advisories_excluded_by_window" time="0.055" /><testcase classname="tests.test_consensus_boost_2026_06_24.TestComputeBoostMath" name="test_different_symbol_ignored" time="0.062" /><testcase classname="tests.test_consensus_boost_2026_06_24.TestComputeBoostMath" name="test_different_lane_ignored" time="0.058" /><testcase classname="tests.test_consensus_boost_2026_06_24.TestComputeBoostMath" name="test_effective_confidence_clamped_to_zero" time="0.055" /><testcase classname="tests.test_consensus_boost_2026_06_24.TestComputeBoostMath" name="test_effective_confidence_clamped_to_one" time="0.053" /><testcase classname="tests.test_consensus_boost_2026_06_24.TestComputeBoostMath" name="test_brain_with_two_advisories_dedup_to_latest" time="0.052" /><testcase classname="tests.test_consensus_boost_2026_06_24.TestRuntimeFlagOverride" name="test_mongo_override_changes_per_brain_value" time="0.052" /><testcase classname="tests.test_consensus_boost_2026_06_24.TestRuntimeFlagOverride" name="test_defaults_used_when_no_override" time="0.048" /><testcase classname="tests.test_consensus_boost_2026_06_24.TestTelemetry" name="test_record_telemetry_persists" time="0.050" /><testcase classname="tests.test_consensus_boost_2026_06_24.TestSeatPolicyIntegration" name="test_non_executor_still_blocked_AND_pool_captures" time="0.052" /><testcase classname="tests.test_consensus_boost_2026_06_24.TestSeatPolicyIntegration" name="test_executor_below_floor_fails_without_advisors" time="0.054" /><testcase classname="tests.test_consensus_boost_2026_06_24.TestSeatPolicyIntegration" name="test_executor_below_floor_PASSES_with_three_advisors" time="0.056" /><testcase classname="tests.test_consensus_boost_2026_06_24.TestSeatPolicyIntegration" name="test_executor_disagreement_can_block" time="0.057" /><testcase classname="tests.test_consensus_boost_2026_06_24.TestSeatPolicyIntegration" name="test_telemetry_written_on_executor_path" time="0.058" /><testcase classname="tests.test_brain_metrics_2026_02.TestCountHolds" name="test_pure_v2_holds" time="0.000" /><testcase classname="tests.test_brain_metrics_2026_02.TestCountHolds" name="test_v3_watch_defer_abstain_split" time="0.000" /><testcase classname="tests.test_brain_metrics_2026_02.TestCountHolds" name="test_mixed_v2_and_v3" time="0.000" /><testcase classname="tests.test_brain_metrics_2026_02.TestCountHolds" name="test_unknown_action_ignored" time="0.000" /><testcase classname="tests.test_brain_metrics_2026_02.TestEntropyAverage" name="test_single_action_is_zero_entropy" time="0.000" /><testcase classname="tests.test_brain_metrics_2026_02.TestEntropyAverage" name="test_uniform_distribution_is_one" time="0.000" /><testcase classname="tests.test_brain_metrics_2026_02.TestEntropyAverage" name="test_skewed_between_zero_and_one" time="0.000" /><testcase classname="tests.test_brain_metrics_2026_02.TestEntropyAverage" name="test_mean_across_brains" time="0.000" /><testcase classname="tests.test_brain_metrics_2026_02.TestEntropyAverage" name="test_v3_plan_intent_preferred" time="0.000" /><testcase classname="tests.test_brain_metrics_2026_02.TestEntropyAverage" name="test_empty_input" time="0.000" /><testcase classname="tests.test_brain_metrics_2026_02.TestReasonCodeDistribution" name="test_ranks_top_n" time="0.000" /><testcase classname="tests.test_brain_metrics_2026_02.TestReasonCodeDistribution" name="test_top_n_truncation" time="0.000" /><testcase classname="tests.test_brain_metrics_2026_02.TestReasonCodeDistribution" name="test_pulls_final_reasons_from_receipts" time="0.000" /><testcase classname="tests.test_brain_metrics_2026_02.TestReasonCodeDistribution" name="test_empty_input_safe" time="0.000" /><testcase classname="tests.test_brain_metrics_2026_02.TestLaneSpecificDecisions" name="test_splits_by_lane" time="0.000" /><testcase classname="tests.test_brain_metrics_2026_02.TestLaneSpecificDecisions" name="test_v3_plan_intent_preferred_over_v2_action" time="0.000" /><testcase classname="tests.test_brain_metrics_2026_02.TestProbabilitySpread" name="test_single_brain_bucket_excluded" time="0.000" /><testcase classname="tests.test_brain_metrics_2026_02.TestProbabilitySpread" name="test_multi_brain_spread_computed" time="0.000" /><testcase classname="tests.test_brain_metrics_2026_02.TestProbabilitySpread" name="test_separate_symbols_separate_buckets" time="0.000" /><testcase classname="tests.test_brain_metrics_2026_02.TestProbabilitySpread" name="test_different_hours_separate_buckets" time="0.000" /><testcase classname="tests.test_brain_metrics_2026_02.TestProbabilitySpread" name="test_top_disagreement_ordered_widest_first" time="0.000" /><testcase classname="tests.test_brain_metrics_2026_02.TestProbabilitySpread" name="test_invalid_ts_skipped" time="0.000" /><testcase classname="tests.test_brain_metrics_2026_02.TestProbabilitySpread" name="test_bucket_ts_helper_hour_alignment" time="0.000" /><testcase classname="tests.test_refresh_token_hotfix_2026_06_24" name="test_refresh_returns_access_token_in_body" time="2.354" /><testcase classname="tests.test_refresh_token_hotfix_2026_06_24" name="test_refresh_without_cookie_is_401" time="0.002" /><testcase classname="tests.test_refresh_token_hotfix_2026_06_24" name="test_refresh_rejects_access_token_in_cookie_slot" time="0.225" /><testcase classname="tests.test_refresh_token_hotfix_2026_06_24" name="test_refresh_rejects_expired_token" time="0.225" /><testcase classname="tests.test_refresh_token_hotfix_2026_06_24" name="test_login_then_refresh_then_admin_endpoint" time="0.457" /><testcase classname="tests.test_login_hotfix_2026_06_24" name="test_compound_lockout_index_exists" time="0.071" /><testcase classname="tests.test_login_hotfix_2026_06_24" name="test_ttl_index_exists_and_is_15_minutes" time="0.039" /><testcase classname="tests.test_login_hotfix_2026_06_24" name="test_legacy_string_ts_rows_are_purged" time="0.054" /><testcase classname="tests.test_login_hotfix_2026_06_24" name="test_failed_login_writes_ts_as_bson_date" time="0.041" /><testcase classname="tests.test_login_hotfix_2026_06_24" name="test_lockout_triggers_at_five_failed_attempts" time="0.051" /><testcase classname="tests.test_login_hotfix_2026_06_24" name="test_successful_login_clears_identifier_bucket" time="0.487" /><testcase classname="tests.test_login_hotfix_2026_06_24" name="test_count_query_is_bounded" time="0.037" /><testcase classname="tests.test_seat_policy_current_holder_2026_06_19" name="test_seat_policy_blocks_non_current_holder_even_if_trusted" time="0.005" /><testcase classname="tests.test_seat_policy_current_holder_2026_06_19" name="test_seat_policy_blocks_when_executor_seat_is_vacant" time="0.002" /><testcase classname="tests.test_seat_policy_current_holder_2026_06_19" name="test_seat_policy_crypto_lane_also_checks_roster" time="0.003" /></testsuite></testsuites>