<?xml version="1.0" encoding="utf-8"?><testsuites name="pytest tests"><testsuite name="pytest" errors="0" failures="0" skipped="0" tests="53" time="8.739" timestamp="2026-06-24T23:08:15.433831+00:00" hostname="agent-env-b177ffdc-73ff-45fb-9ba4-f1e63e5e4274"><testcase classname="tests.test_consensus_boost_2026_06_24.TestComputeBoostMath" name="test_no_advisors_no_boost" time="0.055" /><testcase classname="tests.test_consensus_boost_2026_06_24.TestComputeBoostMath" name="test_one_agreeing_advisor" time="0.049" /><testcase classname="tests.test_consensus_boost_2026_06_24.TestComputeBoostMath" name="test_three_agreeing_advisors_boost_capped" time="0.061" /><testcase classname="tests.test_consensus_boost_2026_06_24.TestComputeBoostMath" name="test_four_agreeing_advisors_hits_cap" time="0.083" /><testcase classname="tests.test_consensus_boost_2026_06_24.TestComputeBoostMath" name="test_disagreeing_advisor_lowers" time="0.060" /><testcase classname="tests.test_consensus_boost_2026_06_24.TestComputeBoostMath" name="test_mixed_agree_and_disagree" time="0.059" /><testcase classname="tests.test_consensus_boost_2026_06_24.TestComputeBoostMath" name="test_hold_opinions_ignored" time="0.050" /><testcase classname="tests.test_consensus_boost_2026_06_24.TestComputeBoostMath" name="test_executor_own_advisories_excluded" time="0.054" /><testcase classname="tests.test_consensus_boost_2026_06_24.TestComputeBoostMath" name="test_executor_hold_gets_no_boost" time="0.054" /><testcase classname="tests.test_consensus_boost_2026_06_24.TestComputeBoostMath" name="test_old_advisories_excluded_by_window" time="0.083" /><testcase classname="tests.test_consensus_boost_2026_06_24.TestComputeBoostMath" name="test_different_symbol_ignored" time="0.098" /><testcase classname="tests.test_consensus_boost_2026_06_24.TestComputeBoostMath" name="test_different_lane_ignored" time="0.102" /><testcase classname="tests.test_consensus_boost_2026_06_24.TestComputeBoostMath" name="test_effective_confidence_clamped_to_zero" time="0.083" /><testcase classname="tests.test_consensus_boost_2026_06_24.TestComputeBoostMath" name="test_effective_confidence_clamped_to_one" time="0.074" /><testcase classname="tests.test_consensus_boost_2026_06_24.TestComputeBoostMath" name="test_brain_with_two_advisories_dedup_to_latest" time="0.072" /><testcase classname="tests.test_consensus_boost_2026_06_24.TestRuntimeFlagOverride" name="test_mongo_override_changes_per_brain_value" time="0.068" /><testcase classname="tests.test_consensus_boost_2026_06_24.TestRuntimeFlagOverride" name="test_defaults_used_when_no_override" time="0.048" /><testcase classname="tests.test_consensus_boost_2026_06_24.TestTelemetry" name="test_record_telemetry_persists" time="0.059" /><testcase classname="tests.test_consensus_boost_2026_06_24.TestSeatPolicyIntegration" name="test_non_executor_still_blocked_AND_pool_captures" time="0.058" /><testcase classname="tests.test_consensus_boost_2026_06_24.TestSeatPolicyIntegration" name="test_executor_below_floor_fails_without_advisors" time="0.062" /><testcase classname="tests.test_consensus_boost_2026_06_24.TestSeatPolicyIntegration" name="test_executor_below_floor_PASSES_with_three_advisors" time="0.060" /><testcase classname="tests.test_consensus_boost_2026_06_24.TestSeatPolicyIntegration" name="test_executor_disagreement_can_block" time="0.063" /><testcase classname="tests.test_consensus_boost_2026_06_24.TestSeatPolicyIntegration" name="test_telemetry_written_on_executor_path" time="0.062" /><testcase classname="tests.test_seat_policy_current_holder_2026_06_19" name="test_seat_policy_blocks_non_current_holder_even_if_trusted" time="0.027" /><testcase classname="tests.test_seat_policy_current_holder_2026_06_19" name="test_seat_policy_blocks_when_executor_seat_is_vacant" time="0.004" /><testcase classname="tests.test_seat_policy_current_holder_2026_06_19" name="test_seat_policy_crypto_lane_also_checks_roster" time="0.004" /><testcase classname="tests.test_live_preview_login_hotfix" name="test_login_success_returns_access_token" time="0.487" /><testcase classname="tests.test_live_preview_login_hotfix" name="test_login_wrong_password_returns_401" time="0.328" /><testcase classname="tests.test_live_preview_login_hotfix" name="test_auth_me_with_token" time="0.462" /><testcase classname="tests.test_live_preview_login_hotfix" name="test_brain_metrics_24h" time="0.149" /><testcase classname="tests.test_live_preview_login_hotfix" name="test_brain_metrics_history_72h" time="0.246" /><testcase classname="tests.test_live_preview_login_hotfix" name="test_admin_roster_seats" time="0.120" /><testcase classname="tests.test_login_hotfix_2026_06_24" name="test_compound_lockout_index_exists" time="0.093" /><testcase classname="tests.test_login_hotfix_2026_06_24" name="test_ttl_index_exists_and_is_15_minutes" time="0.039" /><testcase classname="tests.test_login_hotfix_2026_06_24" name="test_legacy_string_ts_rows_are_purged" time="0.054" /><testcase classname="tests.test_login_hotfix_2026_06_24" name="test_failed_login_writes_ts_as_bson_date" time="2.526" /><testcase classname="tests.test_login_hotfix_2026_06_24" name="test_lockout_triggers_at_five_failed_attempts" time="0.055" /><testcase classname="tests.test_login_hotfix_2026_06_24" name="test_successful_login_clears_identifier_bucket" time="0.492" /><testcase classname="tests.test_login_hotfix_2026_06_24" name="test_count_query_is_bounded" time="0.040" /><testcase classname="tests.test_refresh_token_hotfix_2026_06_24" name="test_refresh_returns_access_token_in_body" time="0.226" /><testcase classname="tests.test_refresh_token_hotfix_2026_06_24" name="test_refresh_without_cookie_is_401" time="0.002" /><testcase classname="tests.test_refresh_token_hotfix_2026_06_24" name="test_refresh_rejects_access_token_in_cookie_slot" time="0.225" /><testcase classname="tests.test_refresh_token_hotfix_2026_06_24" name="test_refresh_rejects_expired_token" time="0.225" /><testcase classname="tests.test_refresh_token_hotfix_2026_06_24" name="test_login_then_refresh_then_admin_endpoint" time="0.454" /><testcase classname="tests.test_consensus_indexes_and_api_regression.TestConsensusIndexesLive" name="test_ensure_indexes_runs" time="0.037" /><testcase classname="tests.test_consensus_indexes_and_api_regression.TestConsensusIndexesLive" name="test_pool_compound_lookup_idx" time="0.012" /><testcase classname="tests.test_consensus_indexes_and_api_regression.TestConsensusIndexesLive" name="test_pool_ttl_15m" time="0.014" /><testcase classname="tests.test_consensus_indexes_and_api_regression.TestConsensusIndexesLive" name="test_telemetry_intent_idx" time="0.015" /><testcase classname="tests.test_consensus_indexes_and_api_regression.TestConsensusIndexesLive" name="test_telemetry_ttl_15m" time="0.011" /><testcase classname="tests.test_consensus_indexes_and_api_regression.TestApiRegression" name="test_login_returns_tokens" time="0.367" /><testcase classname="tests.test_consensus_indexes_and_api_regression.TestApiRegression" name="test_refresh_returns_access_token_in_body" time="0.047" /><testcase classname="tests.test_consensus_indexes_and_api_regression.TestApiRegression" name="test_admin_brain_metrics_5kpi" time="0.118" /><testcase classname="tests.test_consensus_indexes_and_api_regression.TestApiRegression" name="test_admin_roster_returns_8_seat_map" time="0.097" /></testsuite></testsuites>