<?xml version="1.0" encoding="utf-8"?><testsuites name="pytest tests"><testsuite name="pytest" errors="0" failures="0" skipped="0" tests="128" time="13.785" timestamp="2026-07-09T11:26:39.950660+00:00" hostname="agent-env-b177ffdc-73ff-45fb-9ba4-f1e63e5e4274"><testcase classname="tests.test_brain_runtime" name="test_roster_brain_caller_cannot_peek_other_brain" time="0.003" /><testcase classname="tests.test_brain_runtime" name="test_roster_payload_is_lean_no_policy_doctrine_dump" time="0.001" /><testcase classname="tests.test_brain_runtime" name="test_status_endpoint_requires_operator_jwt" time="0.001" /><testcase classname="tests.test_brain_runtime" name="test_status_endpoint_returns_in_process_marker" time="0.001" /><testcase classname="tests.test_brain_runtime" name="test_status_endpoint_never_500s_on_build_failure" time="0.001" /><testcase classname="tests.test_brain_runtime" name="test_status_payload_uses_section_names_the_tile_renders" time="0.002" /><testcase classname="tests.test_brain_runtime" name="test_status_endpoint_does_not_reach_for_external_sidecars" time="0.022" /><testcase classname="tests.test_brain_runtime" name="test_universe_endpoint_uses_dual_auth" time="0.001" /><testcase classname="tests.test_brain_runtime" name="test_universe_endpoint_pins_brain_auth_to_path" time="0.001" /><testcase classname="tests.test_brain_runtime" name="test_module_never_serves_broker_keys" time="0.000" /><testcase classname="tests.test_brain_runtime" name="test_module_is_read_only_on_roster" time="0.000" /><testcase classname="tests.test_brain_runtime" name="test_roster_endpoint_doctrine_compatible" time="0.000" /><testcase classname="tests.test_brain_runtime" name="test_routes_registered" time="0.000" /><testcase classname="tests.test_admin_native_runtime_status" name="test_brain_status_disabled_is_never_silent" time="0.034" /><testcase classname="tests.test_admin_native_runtime_status" name="test_brain_status_silent_when_enabled_and_no_recent_tick" time="0.012" /><testcase classname="tests.test_admin_native_runtime_status" name="test_brain_status_aggregates_last_60m" time="0.014" /><testcase classname="tests.test_admin_native_runtime_status" name="test_silent_threshold_is_five_minutes" time="0.000" /><testcase classname="tests.test_barracuda_native_runtime" name="test_strategy_returns_buy_on_oversold_mean_reversion" time="0.000" /><testcase classname="tests.test_barracuda_native_runtime" name="test_strategy_holds_when_indicators_not_ready" time="0.000" /><testcase classname="tests.test_barracuda_native_runtime" name="test_strategy_holds_on_missing_indicators" time="0.000" /><testcase classname="tests.test_barracuda_native_runtime" name="test_strategy_holds_when_signal_too_weak" time="0.000" /><testcase classname="tests.test_barracuda_native_runtime" name="test_strategy_holds_when_below_50sma_floor" time="0.000" /><testcase classname="tests.test_barracuda_native_runtime" name="test_strategy_short_disabled_by_default" time="0.000" /><testcase classname="tests.test_barracuda_native_runtime" name="test_strategy_short_when_explicitly_enabled" time="0.000" /><testcase classname="tests.test_barracuda_native_runtime" name="test_runner_tick_emits_to_canonical_intents" time="2.442" /><testcase classname="tests.test_barracuda_native_runtime" name="test_runner_records_no_snapshot_symbols" time="2.402" /><testcase classname="tests.test_barracuda_native_runtime" name="test_scheduler_disabled_by_default" time="0.000" /><testcase classname="tests.test_barracuda_native_runtime" name="test_scheduler_enabled_via_env" time="0.000" /><testcase classname="tests.test_barracuda_native_runtime" name="test_scheduler_start_worker_is_noop_when_disabled" time="0.000" /><testcase classname="tests.test_barracuda_native_runtime" name="test_neutral_brains_skips_barracuda_when_native_runtime_enabled" time="0.001" /><testcase classname="tests.test_native_brain_runtimes_full_stack" name="test_gto_buy_on_momentum_confirmed" time="0.000" /><testcase classname="tests.test_native_brain_runtimes_full_stack" name="test_gto_holds_on_neutral_macd" time="0.000" /><testcase classname="tests.test_native_brain_runtimes_full_stack" name="test_gto_holds_on_missing_macd_hist" time="0.000" /><testcase classname="tests.test_native_brain_runtimes_full_stack" name="test_gto_short_disabled_by_default" time="0.000" /><testcase classname="tests.test_native_brain_runtimes_full_stack" name="test_gto_short_when_explicitly_enabled" time="0.000" /><testcase classname="tests.test_native_brain_runtimes_full_stack" name="test_camino_buy_on_clean_uptrend" time="0.000" /><testcase classname="tests.test_native_brain_runtimes_full_stack" name="test_camino_holds_when_below_50sma" time="0.000" /><testcase classname="tests.test_native_brain_runtimes_full_stack" name="test_camino_holds_on_overbought_rsi" time="0.000" /><testcase classname="tests.test_native_brain_runtimes_full_stack" name="test_camino_holds_when_missing_indicators" time="0.000" /><testcase classname="tests.test_native_brain_runtimes_full_stack" name="test_camino_short_disabled_by_default" time="0.000" /><testcase classname="tests.test_native_brain_runtimes_full_stack" name="test_camino_short_when_explicitly_enabled" time="0.000" /><testcase classname="tests.test_native_brain_runtimes_full_stack" name="test_hellcat_buy_on_confirmed_breakout" time="0.000" /><testcase classname="tests.test_native_brain_runtimes_full_stack" name="test_hellcat_holds_below_upper_band" time="0.000" /><testcase classname="tests.test_native_brain_runtimes_full_stack" name="test_hellcat_holds_when_below_sma20" time="0.000" /><testcase classname="tests.test_native_brain_runtimes_full_stack" name="test_hellcat_short_disabled_by_default" time="0.000" /><testcase classname="tests.test_native_brain_runtimes_full_stack" name="test_hellcat_short_when_explicitly_enabled" time="0.000" /><testcase classname="tests.test_native_brain_runtimes_full_stack" name="test_runner_emits_to_canonical_intents[gto-tick_once-gto_native_runtime_ticks-True]" time="0.765" /><testcase classname="tests.test_native_brain_runtimes_full_stack" name="test_runner_emits_to_canonical_intents[camino-tick_once-camino_native_runtime_ticks-True]" time="1.304" /><testcase classname="tests.test_native_brain_runtimes_full_stack" name="test_runner_emits_to_canonical_intents[hellcat-tick_once-hellcat_native_runtime_ticks-True]" time="1.721" /><testcase classname="tests.test_native_brain_runtimes_full_stack" name="test_scheduler_default_off[shared.runtime.gto_runtime-GTO_NATIVE_RUNTIME_ENABLED]" time="0.001" /><testcase classname="tests.test_native_brain_runtimes_full_stack" name="test_scheduler_default_off[shared.runtime.camino_runtime-CAMINO_NATIVE_RUNTIME_ENABLED]" time="0.000" /><testcase classname="tests.test_native_brain_runtimes_full_stack" name="test_scheduler_default_off[shared.runtime.hellcat_runtime-HELLCAT_NATIVE_RUNTIME_ENABLED]" time="0.000" /><testcase classname="tests.test_native_brain_runtimes_full_stack" name="test_scheduler_enable_via_env[shared.runtime.gto_runtime-GTO_NATIVE_RUNTIME_ENABLED]" time="0.000" /><testcase classname="tests.test_native_brain_runtimes_full_stack" name="test_scheduler_enable_via_env[shared.runtime.camino_runtime-CAMINO_NATIVE_RUNTIME_ENABLED]" time="0.000" /><testcase classname="tests.test_native_brain_runtimes_full_stack" name="test_scheduler_enable_via_env[shared.runtime.hellcat_runtime-HELLCAT_NATIVE_RUNTIME_ENABLED]" time="0.000" /><testcase classname="tests.test_native_brain_runtimes_full_stack" name="test_neutral_brains_skips_all_four_when_native_enabled" time="0.001" /><testcase classname="tests.test_native_brain_runtimes_full_stack" name="test_neutral_brains_actual_takeover_behavior" time="0.001" /><testcase classname="tests.test_native_runtime_not_doctrine_blocked" name="test_native_buy_is_not_doctrine_blocked" time="2.431" /><testcase classname="tests.test_brain_runtime_status_live" name="test_status_requires_auth_no_token" time="0.190" /><testcase classname="tests.test_brain_runtime_status_live" name="test_status_rejects_bad_token" time="0.042" /><testcase classname="tests.test_brain_runtime_status_live" name="test_status_ok_true_and_fast[camino]" time="0.329" /><testcase classname="tests.test_brain_runtime_status_live" name="test_status_ok_true_and_fast[barracuda]" time="0.051" /><testcase classname="tests.test_brain_runtime_status_live" name="test_status_ok_true_and_fast[hellcat]" time="0.050" /><testcase classname="tests.test_brain_runtime_status_live" name="test_status_ok_true_and_fast[gto]" time="0.049" /><testcase classname="tests.test_brain_runtime_status_live" name="test_status_payload_shape[camino]" time="0.053" /><testcase classname="tests.test_brain_runtime_status_live" name="test_status_payload_shape[barracuda]" time="0.046" /><testcase classname="tests.test_brain_runtime_status_live" name="test_status_payload_shape[hellcat]" time="0.044" /><testcase classname="tests.test_brain_runtime_status_live" name="test_status_payload_shape[gto]" time="0.046" /><testcase classname="tests.test_brain_runtime_status_live" name="test_status_unknown_brain_is_404" time="0.047" /><testcase classname="tests.test_brain_runtime_status_live" name="test_silent_brain_returns_latest_ts_none" time="0.007" /><testcase classname="tests.test_brain_runtime_status_live" name="test_composite_index_exists_on_shared_intents" time="0.002" /><testcase classname="tests.test_admin_brain_input_health" name="test_complete_indicators_satisfy_every_brain[_check_barracuda]" time="0.000" /><testcase classname="tests.test_admin_brain_input_health" name="test_complete_indicators_satisfy_every_brain[_check_gto]" time="0.000" /><testcase classname="tests.test_admin_brain_input_health" name="test_complete_indicators_satisfy_every_brain[_check_camino]" time="0.000" /><testcase classname="tests.test_admin_brain_input_health" name="test_complete_indicators_satisfy_every_brain[_check_hellcat]" time="0.000" /><testcase classname="tests.test_admin_brain_input_health" name="test_strategy_and_checker_agree_on_missing[shared.brains.barracuda.strategy-_check_barracuda-rsi14-None]" time="0.000" /><testcase classname="tests.test_admin_brain_input_health" name="test_strategy_and_checker_agree_on_missing[shared.brains.barracuda.strategy-_check_barracuda-atr14--1]" time="0.000" /><testcase classname="tests.test_admin_brain_input_health" name="test_strategy_and_checker_agree_on_missing[shared.brains.gto.strategy-_check_gto-rsi14-None]" time="0.000" /><testcase classname="tests.test_admin_brain_input_health" name="test_strategy_and_checker_agree_on_missing[shared.brains.camino.strategy-_check_camino-rsi14-None]" time="0.000" /><testcase classname="tests.test_admin_brain_input_health" name="test_strategy_and_checker_agree_on_missing[shared.brains.hellcat.strategy-_check_hellcat-rsi14-None]" time="0.000" /><testcase classname="tests.test_admin_brain_input_health" name="test_bb_position_missing_breaks_barracuda_and_hellcat" time="0.000" /><testcase classname="tests.test_admin_brain_input_health" name="test_macd_hist_missing_only_breaks_gto" time="0.000" /><testcase classname="tests.test_admin_brain_input_health" name="test_sma50_missing_breaks_barracuda_and_camino_only" time="0.000" /><testcase classname="tests.test_admin_brain_input_health" name="test_thresholds_are_operator_pinned" time="0.000" /><testcase classname="tests.test_admin_brain_input_health" name="test_brain_checkers_cover_exactly_four_brains" time="0.000" /><testcase classname="tests.test_capital_ledger_wiring" name="test_live_micro_entry_reserves_capital_before_broker" time="0.193" /><testcase classname="tests.test_capital_ledger_wiring" name="test_observe_route_does_not_reserve" time="0.158" /><testcase classname="tests.test_capital_ledger_wiring" name="test_sell_action_does_not_reserve" time="0.180" /><testcase classname="tests.test_capital_ledger_wiring" name="test_cap_exceeded_blocks_before_broker" time="0.210" /><testcase classname="tests.test_capital_ledger_wiring" name="test_position_close_releases_ledger" time="0.176" /><testcase classname="tests.test_live_execution_path" name="test_happy_path_intent_gets_executed" time="0.009" /><testcase classname="tests.test_live_execution_path" name="test_seat_pass_stamps_advisory_only_and_skips_broker" time="0.004" /><testcase classname="tests.test_live_execution_path" name="test_vacant_executor_seat_blocks_intent_before_broker" time="0.004" /><testcase classname="tests.test_live_execution_path" name="test_governor_multiplier_reduces_notional_before_risk_check" time="0.007" /><testcase classname="tests.test_live_execution_path" name="test_council_participant_gets_50pct_dampener" time="0.008" /><testcase classname="tests.test_live_execution_path" name="test_risk_block_stamps_intent_and_skips_broker" time="0.004" /><testcase classname="tests.test_live_execution_path" name="test_crypto_pair_floor_size_up_raises_broker_notional" time="0.007" /><testcase classname="tests.test_live_execution_path" name="test_crypto_pair_floor_reject_policy_terminates_intent" time="0.004" /><testcase classname="tests.test_live_execution_path" name="test_equity_intent_never_consults_pair_floor" time="0.008" /><testcase classname="tests.test_live_execution_path" name="test_broker_route_blocked_stamps_intent_and_records_execution" time="0.008" /><testcase classname="tests.test_live_execution_path" name="test_execution_row_stamps_all_four_seat_holders_and_angels" time="0.008" /><testcase classname="tests.test_live_execution_path" name="test_exactly_one_execution_row_per_attempt" time="0.008" /><testcase classname="tests.test_live_execution_path" name="test_success_stamps_executed_true_with_broker_order_embedded" time="0.009" /><testcase classname="tests.test_live_execution_path" name="test_pair_floor_exceeding_per_order_cap_blocks_intent" time="0.004" /><testcase classname="tests.test_live_execution_path" name="test_pair_floor_at_or_below_cap_passes_through" time="0.008" /><testcase classname="tests.test_live_execution_path" name="test_equity_risk_downsize_ships_clipped_notional_not_raw" time="0.008" /><testcase classname="tests.test_live_execution_path" name="test_success_stamps_final_notional_usd_on_intent" time="0.007" /><testcase classname="tests.test_live_execution_path" name="test_expired_unrouted_sweep_stamps_stale_intents" time="0.001" /><testcase classname="tests.test_live_execution_path" name="test_expired_unrouted_sweep_respects_expire_min_env" time="0.002" /><testcase classname="tests.test_live_execution_path" name="test_expired_unrouted_sweep_short_circuits_when_no_stale_intents" time="0.001" /><testcase classname="tests.test_live_execution_path" name="test_tick_query_excludes_expired_unrouted_intents" time="0.001" /><testcase classname="tests.test_live_execution_path" name="test_expire_min_default_is_120" time="0.001" /><testcase classname="tests.test_live_execution_path" name="test_market_closed_equity_intent_blocked_before_broker" time="0.004" /><testcase classname="tests.test_live_execution_path" name="test_market_closed_crypto_intent_still_reaches_broker" time="0.008" /><testcase classname="tests.test_live_execution_path" name="test_market_open_equity_intent_reaches_broker" time="0.008" /><testcase classname="tests.test_live_execution_path" name="test_after_hours_with_extended_flag_reaches_broker" time="0.008" /><testcase classname="tests.test_live_execution_path" name="test_preflight_block_is_not_a_broker_error" time="0.005" /><testcase classname="tests.test_live_execution_path" name="test_preflight_writes_exactly_one_execution_row" time="0.004" /><testcase classname="tests.test_live_execution_path" name="test_reconcile_filled_transitions_intent_to_filled" time="0.002" /><testcase classname="tests.test_live_execution_path" name="test_reconcile_terminal_bucket_reject_goes_broker_rejected" time="0.002" /><testcase classname="tests.test_live_execution_path" name="test_reconcile_transient_reject_under_cap_requeues_as_pending" time="0.002" /><testcase classname="tests.test_live_execution_path" name="test_reconcile_transient_reject_at_cap_goes_broker_rejected" time="0.002" /><testcase classname="tests.test_live_execution_path" name="test_reconcile_partial_and_working_are_no_ops" time="0.002" /><testcase classname="tests.test_live_execution_path" name="test_reconcile_broker_exception_is_caught_and_counted" time="0.002" /><testcase classname="tests.test_live_execution_path" name="test_reconcile_near_boundary_warning_increments_counter" time="0.002" /><testcase classname="tests.test_live_execution_path" name="test_reconcile_query_filter_excludes_crypto_lane" time="0.001" /><testcase classname="tests.test_live_execution_path" name="test_reconcile_returns_zero_counts_when_adapter_unavailable" time="0.001" /><testcase classname="tests.test_live_execution_path" name="test_reconcile_rate_limits_back_to_back_calls" time="0.003" /></testsuite></testsuites>