<?xml version="1.0" encoding="utf-8"?><testsuites name="pytest tests"><testsuite name="pytest" errors="0" failures="0" skipped="0" tests="134" time="7.747" timestamp="2026-06-25T21:21:58.987202+00:00" hostname="agent-env-b177ffdc-73ff-45fb-9ba4-f1e63e5e4274"><testcase classname="tests.test_phase_c_no_stack_groupings_regression" name="test_no_new_dollar_stack_groupings_or_input_filters" time="0.081" /><testcase classname="tests.test_phase_c_no_stack_groupings_regression" name="test_allowed_files_actually_exist" time="0.001" /><testcase classname="tests.test_brain_legend_dual_field" name="test_canonicalize_stack_resolves_every_known_form[camino-camino]" time="0.000" /><testcase classname="tests.test_brain_legend_dual_field" name="test_canonicalize_stack_resolves_every_known_form[barracuda-barracuda]" time="0.000" /><testcase classname="tests.test_brain_legend_dual_field" name="test_canonicalize_stack_resolves_every_known_form[hellcat-hellcat]" time="0.000" /><testcase classname="tests.test_brain_legend_dual_field" name="test_canonicalize_stack_resolves_every_known_form[gto-gto0]" time="0.000" /><testcase classname="tests.test_brain_legend_dual_field" name="test_canonicalize_stack_resolves_every_known_form[alpha-camino]" time="0.000" /><testcase classname="tests.test_brain_legend_dual_field" name="test_canonicalize_stack_resolves_every_known_form[camaro-barracuda]" time="0.000" /><testcase classname="tests.test_brain_legend_dual_field" name="test_canonicalize_stack_resolves_every_known_form[chevelle-hellcat]" time="0.000" /><testcase classname="tests.test_brain_legend_dual_field" name="test_canonicalize_stack_resolves_every_known_form[redeye-gto]" time="0.000" /><testcase classname="tests.test_brain_legend_dual_field" name="test_canonicalize_stack_resolves_every_known_form[Camino-camino]" time="0.000" /><testcase classname="tests.test_brain_legend_dual_field" name="test_canonicalize_stack_resolves_every_known_form[Barracuda-barracuda]" time="0.000" /><testcase classname="tests.test_brain_legend_dual_field" name="test_canonicalize_stack_resolves_every_known_form[Hellcat-hellcat]" time="0.000" /><testcase classname="tests.test_brain_legend_dual_field" name="test_canonicalize_stack_resolves_every_known_form[GTO-gto]" time="0.000" /><testcase classname="tests.test_brain_legend_dual_field" name="test_canonicalize_stack_resolves_every_known_form[gto-gto1]" time="0.000" /><testcase classname="tests.test_brain_legend_dual_field" name="test_canonicalize_stack_resolves_every_known_form[  CAMARO  -barracuda]" time="0.000" /><testcase classname="tests.test_brain_legend_dual_field" name="test_canonicalize_stack_resolves_every_known_form[HELLCAT-hellcat]" time="0.000" /><testcase classname="tests.test_brain_legend_dual_field" name="test_canonicalize_stack_resolves_every_known_form[Alpha-camino]" time="0.000" /><testcase classname="tests.test_brain_legend_dual_field" name="test_canonicalize_stack_resolves_every_known_form[-]" time="0.000" /><testcase classname="tests.test_brain_legend_dual_field" name="test_canonicalize_stack_resolves_every_known_form[None-]" time="0.000" /><testcase classname="tests.test_brain_legend_dual_field" name="test_canonicalize_stack_resolves_every_known_form[ghostbrain-ghostbrain]" time="0.000" /><testcase classname="tests.test_brain_legend_dual_field" name="test_canonicalize_stack_resolves_every_known_form[RogueBrain-roguebrain]" time="0.000" /><testcase classname="tests.test_brain_legend_dual_field" name="test_canonical_set_has_four_brains" time="0.000" /><testcase classname="tests.test_brain_legend_dual_field" name="test_legacy_map_covers_all_four_brains" time="0.000" /><testcase classname="tests.test_brain_legend_dual_field" name="test_display_names_use_correct_casing" time="0.000" /><testcase classname="tests.test_brain_legend_dual_field" name="test_legend_doc_shape_for_barracuda" time="0.000" /><testcase classname="tests.test_brain_legend_dual_field" name="test_legend_doc_for_gto_uses_acronym_display_name" time="0.000" /><testcase classname="tests.test_matches_tier_1_seat_authority_precheck" name="test_passes_when_intent_author_matches_seat_holder" time="0.008" /><testcase classname="tests.test_matches_tier_1_seat_authority_precheck" name="test_skips_when_intent_author_mismatches_seat_holder" time="0.001" /><testcase classname="tests.test_matches_tier_1_seat_authority_precheck" name="test_skips_when_no_seat_holder" time="0.001" /><testcase classname="tests.test_matches_tier_1_seat_authority_precheck" name="test_seat_check_runs_AFTER_cheap_filters" time="0.001" /><testcase classname="tests.test_matches_tier_1_seat_authority_precheck" name="test_seat_check_defers_to_evaluate_gates_on_lookup_error" time="0.001" /><testcase classname="tests.test_doctrine_alignment_2026_02_20" name="test_confidence_min_default_is_0_70" time="0.000" /><testcase classname="tests.test_doctrine_alignment_2026_02_20" name="test_notional_default_usd_is_10" time="0.000" /><testcase classname="tests.test_doctrine_alignment_2026_02_20" name="test_chosen_notional_respects_loosened_default" time="0.000" /><testcase classname="tests.test_doctrine_alignment_2026_02_20" name="test_normalize_brain_handles_all_three_forms[camino-camino]" time="0.000" /><testcase classname="tests.test_doctrine_alignment_2026_02_20" name="test_normalize_brain_handles_all_three_forms[barracuda-barracuda]" time="0.000" /><testcase classname="tests.test_doctrine_alignment_2026_02_20" name="test_normalize_brain_handles_all_three_forms[hellcat-hellcat]" time="0.000" /><testcase classname="tests.test_doctrine_alignment_2026_02_20" name="test_normalize_brain_handles_all_three_forms[gto-gto]" time="0.000" /><testcase classname="tests.test_doctrine_alignment_2026_02_20" name="test_normalize_brain_handles_all_three_forms[alpha-camino]" time="0.001" /><testcase classname="tests.test_doctrine_alignment_2026_02_20" name="test_normalize_brain_handles_all_three_forms[camaro-barracuda]" time="0.000" /><testcase classname="tests.test_doctrine_alignment_2026_02_20" name="test_normalize_brain_handles_all_three_forms[chevelle-hellcat]" time="0.000" /><testcase classname="tests.test_doctrine_alignment_2026_02_20" name="test_normalize_brain_handles_all_three_forms[redeye-gto]" time="0.000" /><testcase classname="tests.test_doctrine_alignment_2026_02_20" name="test_normalize_brain_handles_all_three_forms[Camino-camino]" time="0.000" /><testcase classname="tests.test_doctrine_alignment_2026_02_20" name="test_normalize_brain_handles_all_three_forms[Barracuda-barracuda]" time="0.000" /><testcase classname="tests.test_doctrine_alignment_2026_02_20" name="test_normalize_brain_handles_all_three_forms[Hellcat-hellcat]" time="0.000" /><testcase classname="tests.test_doctrine_alignment_2026_02_20" name="test_normalize_brain_handles_all_three_forms[GTO-gto]" time="0.000" /><testcase classname="tests.test_doctrine_alignment_2026_02_20" name="test_normalize_brain_handles_all_three_forms[  camaro  -barracuda]" time="0.000" /><testcase classname="tests.test_doctrine_alignment_2026_02_20" name="test_normalize_brain_handles_all_three_forms[  Hellcat  -hellcat]" time="0.000" /><testcase classname="tests.test_doctrine_alignment_2026_02_20" name="test_normalize_brain_passes_through_unknown_unchanged" time="0.000" /><testcase classname="tests.test_doctrine_alignment_2026_02_20" name="test_matches_tier_1_accepts_display_name" time="0.005" /><testcase classname="tests.test_doctrine_alignment_2026_02_20" name="test_matches_tier_1_accepts_brain_id" time="0.001" /><testcase classname="tests.test_doctrine_alignment_2026_02_20" name="test_matches_tier_1_unknown_brain_still_rejected" time="0.001" /><testcase classname="tests.test_doctrine_alignment_2026_02_20" name="test_matches_tier_1_loosened_confidence_pass" time="0.001" /><testcase classname="tests.test_doctrine_alignment_2026_02_20" name="test_matches_tier_1_below_loosened_floor_still_rejected" time="0.001" /><testcase classname="tests.test_market_hours" name="test_rth_mid_session_summer_dst" time="0.000" /><testcase classname="tests.test_market_hours" name="test_rth_mid_session_winter_est" time="0.000" /><testcase classname="tests.test_market_hours" name="test_rth_open_inclusive" time="0.000" /><testcase classname="tests.test_market_hours" name="test_rth_close_exclusive" time="0.000" /><testcase classname="tests.test_market_hours" name="test_rejects_pre_market" time="0.000" /><testcase classname="tests.test_market_hours" name="test_rejects_after_hours" time="0.000" /><testcase classname="tests.test_market_hours" name="test_rejects_saturday" time="0.000" /><testcase classname="tests.test_market_hours" name="test_rejects_sunday" time="0.000" /><testcase classname="tests.test_market_hours" name="test_rejects_christmas_2026" time="0.000" /><testcase classname="tests.test_market_hours" name="test_rejects_thanksgiving_2026" time="0.000" /><testcase classname="tests.test_market_hours" name="test_rejects_july4_observed_2026" time="0.000" /><testcase classname="tests.test_market_hours" name="test_bypass_forces_open" time="0.000" /><testcase classname="tests.test_market_hours" name="test_bypass_off_values_dont_override[false]" time="0.000" /><testcase classname="tests.test_market_hours" name="test_bypass_off_values_dont_override[0]" time="0.000" /><testcase classname="tests.test_market_hours" name="test_bypass_off_values_dont_override[no]" time="0.000" /><testcase classname="tests.test_market_hours" name="test_bypass_off_values_dont_override[]" time="0.000" /><testcase classname="tests.test_market_hours" name="test_bypass_off_values_dont_override[  ]" time="0.000" /><testcase classname="tests.test_market_hours" name="test_next_open_from_weekend" time="0.000" /><testcase classname="tests.test_market_hours" name="test_next_open_skips_holiday" time="0.000" /><testcase classname="tests.test_market_hours" name="test_next_open_after_close" time="0.000" /><testcase classname="tests.test_market_hours" name="test_reason_holiday" time="0.000" /><testcase classname="tests.test_market_hours" name="test_reason_weekend" time="0.000" /><testcase classname="tests.test_market_hours" name="test_reason_outside_rth" time="0.000" /><testcase classname="tests.test_market_hours" name="test_matches_tier_1_blocks_equity_after_hours" time="0.001" /><testcase classname="tests.test_auto_submit_dry_run_categories_2026_02_20" name="test_categorize_dry_run_blocked_state" time="0.000" /><testcase classname="tests.test_auto_submit_dry_run_categories_2026_02_20" name="test_categorize_dry_run_blocked_long_state_literal" time="0.000" /><testcase classname="tests.test_auto_submit_dry_run_categories_2026_02_20" name="test_categorize_dry_run_failed_aliases" time="0.000" /><testcase classname="tests.test_auto_submit_dry_run_categories_2026_02_20" name="test_categorize_dry_run_pending_state" time="0.000" /><testcase classname="tests.test_auto_submit_dry_run_categories_2026_02_20" name="test_categorize_dry_run_pending_aliases" time="0.000" /><testcase classname="tests.test_auto_submit_dry_run_categories_2026_02_20" name="test_categorize_dry_run_missing_empty_state" time="0.000" /><testcase classname="tests.test_auto_submit_dry_run_categories_2026_02_20" name="test_categorize_dry_run_missing_unknown_state" time="0.000" /><testcase classname="tests.test_auto_submit_dry_run_categories_2026_02_20" name="test_categorize_dry_run_unknown_state_falls_back_to_legacy_bucket" time="0.000" /><testcase classname="tests.test_auto_submit_dry_run_categories_2026_02_20" name="test_e2e_blocked_lands_in_blocked_bucket" time="0.000" /><testcase classname="tests.test_auto_submit_dry_run_categories_2026_02_20" name="test_e2e_pending_lands_in_pending_bucket" time="0.000" /><testcase classname="tests.test_auto_submit_dry_run_categories_2026_02_20" name="test_e2e_missing_lands_in_missing_bucket" time="0.000" /><testcase classname="tests.test_auto_submit_dry_run_categories_2026_02_20" name="test_e2e_missing_when_field_absent" time="0.000" /><testcase classname="tests.test_auto_submit_chain_audit_guarantee" name="test_maybe_auto_submit_writes_audit_when_intent_missing" time="0.290" /><testcase classname="tests.test_auto_submit_chain_audit_guarantee" name="test_chain_writes_audit_when_inner_raises" time="0.274" /><testcase classname="tests.test_auto_submit_chain_audit_guarantee" name="test_chain_marks_phase_post_dry_run_when_submit_step_raises" time="0.263" /><testcase classname="tests.test_auto_submit_chain_audit_guarantee" name="test_submit_raised_writes_skip_category" time="0.297" /><testcase classname="tests.test_auto_submit_chain_audit_guarantee" name="test_execution_path_leak_when_submit_returns_none" time="0.302" /><testcase classname="tests.test_auto_submit_chain_audit_guarantee" name="test_success_path_writes_auto_submit_submitted" time="0.296" /><testcase classname="tests.test_auto_submit_chain_audit_guarantee" name="test_unexpected_exception_writes_auto_submit_exception_and_reraises" time="0.294" /><testcase classname="tests.test_auto_submit_skip_audit" name="test_categorize_hold" time="0.001" /><testcase classname="tests.test_auto_submit_skip_audit" name="test_categorize_low_confidence" time="0.001" /><testcase classname="tests.test_auto_submit_skip_audit" name="test_categorize_lane_filtered" time="0.000" /><testcase classname="tests.test_auto_submit_skip_audit" name="test_categorize_brain_filtered" time="0.001" /><testcase classname="tests.test_auto_submit_skip_audit" name="test_categorize_dry_run_not_ready" time="0.001" /><testcase classname="tests.test_auto_submit_skip_audit" name="test_categorize_disabled" time="0.000" /><testcase classname="tests.test_auto_submit_skip_audit" name="test_categorize_already_executed" time="0.001" /><testcase classname="tests.test_auto_submit_skip_audit" name="test_categorize_unknown_falls_back_to_other" time="0.000" /><testcase classname="tests.test_auto_submit_skip_audit" name="test_action_filtered_separate_from_hold" time="0.000" /><testcase classname="tests.test_dry_run_auto_submit_chain" name="test_manual_dry_run_endpoint_chains_to_auto_submit" time="0.004" /><testcase classname="tests.test_dry_run_auto_submit_chain" name="test_manual_dry_run_skips_auto_submit_when_blocked" time="0.001" /><testcase classname="tests.test_dry_run_auto_submit_chain" name="test_auto_dry_run_drain_chains_to_auto_submit" time="0.052" /><testcase classname="tests.test_dry_run_auto_submit_chain" name="test_drain_records_auto_submit_failures" time="0.050" /><testcase classname="tests.test_seat_authority_modes" name="test_seat_bound_when_stack_matches_holder" time="0.483" /><testcase classname="tests.test_seat_authority_modes" name="test_requires_override_when_stack_mismatches_holder" time="0.330" /><testcase classname="tests.test_seat_authority_modes" name="test_vacant_when_no_holder" time="0.328" /><testcase classname="tests.test_seat_authority_modes" name="test_execution_submit_refuses_override_required_intent" time="0.411" /><testcase classname="tests.test_seat_authority_modes" name="test_submit_override_requires_reason" time="0.212" /><testcase classname="tests.test_seat_authority_modes" name="test_submit_override_rejects_seat_bound_intent" time="0.328" /><testcase classname="tests.test_seat_authority_modes" name="test_submit_override_audits_request_before_broker_call" time="0.380" /><testcase classname="tests.test_seat_authority_modes" name="test_auto_submit_blocked_by_override_requirement" time="0.356" /><testcase classname="tests.test_seat_authority_modes" name="test_submit_rejects_brain_name_mismatch" time="0.240" /><testcase classname="tests.test_seat_authority_modes" name="test_submit_brain_name_case_insensitive_match" time="0.357" /><testcase classname="tests.test_seat_authority_modes" name="test_submit_body_requires_brain_name_field" time="0.214" /><testcase classname="tests.test_operator_override_and_action_override" name="test_override_lifts_soft_gate" time="0.085" /><testcase classname="tests.test_operator_override_and_action_override" name="test_override_cannot_lift_exposure_cap" time="0.004" /><testcase classname="tests.test_operator_override_and_action_override" name="test_override_off_does_not_stamp_audit" time="0.087" /><testcase classname="tests.test_operator_override_and_action_override" name="test_override_requires_reason" time="0.291" /><testcase classname="tests.test_operator_override_and_action_override" name="test_action_override_rejects_bad_value" time="0.272" /><testcase classname="tests.test_operator_override_and_action_override" name="test_hold_intent_without_action_override_refuses" time="0.386" /><testcase classname="tests.test_authority_call_mirror" name="test_mirror_lands_in_receipts_with_council_signal_shape" time="0.016" /><testcase classname="tests.test_authority_call_mirror" name="test_hard_veto_round_trip_produces_hard_block_verdict" time="0.024" /><testcase classname="tests.test_authority_call_mirror" name="test_warn_status_round_trip_produces_soft_dissent_downweight" time="0.025" /><testcase classname="tests.test_authority_call_mirror" name="test_allow_status_round_trip_passes_through" time="0.024" /><testcase classname="tests.test_authority_call_mirror" name="test_mirror_refuses_brain_impersonation" time="0.015" /><testcase classname="tests.test_authority_call_mirror" name="test_mirror_skipped_when_no_authority_call" time="0.016" /></testsuite></testsuites>