<?xml version="1.0" encoding="utf-8"?><testsuites name="pytest tests"><testsuite name="pytest" errors="0" failures="0" skipped="0" tests="13" time="0.318" timestamp="2026-07-09T09:35:05.544905+00:00" hostname="agent-env-b177ffdc-73ff-45fb-9ba4-f1e63e5e4274"><testcase classname="tests.test_brain_runtime" name="test_roster_brain_caller_cannot_peek_other_brain" time="0.003" /><testcase classname="tests.test_brain_runtime" name="test_roster_payload_is_lean_no_policy_doctrine_dump" time="0.001" /><testcase classname="tests.test_brain_runtime" name="test_status_endpoint_requires_operator_jwt" time="0.001" /><testcase classname="tests.test_brain_runtime" name="test_status_endpoint_returns_in_process_marker" time="0.001" /><testcase classname="tests.test_brain_runtime" name="test_status_endpoint_never_500s_on_build_failure" time="0.001" /><testcase classname="tests.test_brain_runtime" name="test_status_payload_uses_section_names_the_tile_renders" time="0.002" /><testcase classname="tests.test_brain_runtime" name="test_status_endpoint_does_not_reach_for_external_sidecars" time="0.006" /><testcase classname="tests.test_brain_runtime" name="test_universe_endpoint_uses_dual_auth" time="0.001" /><testcase classname="tests.test_brain_runtime" name="test_universe_endpoint_pins_brain_auth_to_path" time="0.001" /><testcase classname="tests.test_brain_runtime" name="test_module_never_serves_broker_keys" time="0.000" /><testcase classname="tests.test_brain_runtime" name="test_module_is_read_only_on_roster" time="0.000" /><testcase classname="tests.test_brain_runtime" name="test_roster_endpoint_doctrine_compatible" time="0.000" /><testcase classname="tests.test_brain_runtime" name="test_routes_registered" time="0.001" /></testsuite></testsuites>