<?xml version="1.0" encoding="utf-8"?><testsuites name="pytest tests"><testsuite name="pytest" errors="0" failures="0" skipped="0" tests="15" time="3.360" timestamp="2026-08-05T22:23:49.172993+00:00" hostname="agent-env-b177ffdc-73ff-45fb-9ba4-f1e63e5e4274"><testcase classname="tests.test_exit_only_iter36" name="test_entry_mode_default_exit_only" time="0.551" /><testcase classname="tests.test_exit_only_iter36" name="test_promotion_gate_blocks_live" time="0.130" /><testcase classname="tests.test_exit_only_iter36" name="test_promotion_gate_blocks_canary" time="0.128" /><testcase classname="tests.test_exit_only_iter36" name="test_override_canary_then_restore" time="0.504" /><testcase classname="tests.test_exit_only_iter36" name="test_promotion_gate_endpoint" time="0.112" /><testcase classname="tests.test_exit_only_iter36" name="test_closed_trades_empty_with_note" time="0.113" /><testcase classname="tests.test_exit_only_iter36" name="test_broker_actuals_merge_preserves" time="0.243" /><testcase classname="tests.test_exit_only_iter36" name="test_entry_latency_report" time="0.182" /><testcase classname="tests.test_exit_only_iter36" name="test_gate_new_entry_direct" time="0.677" /><testcase classname="tests.test_exit_only_iter36" name="test_shadow_fill_written_for_test_x" time="0.142" /><testcase classname="tests.test_exit_only_iter36" name="test_broker_router_only_gates_buy_short" time="0.000" /><testcase classname="tests.test_exit_only_iter36" name="test_regression_endpoints[/api/admin/momentum-scanner]" time="0.114" /><testcase classname="tests.test_exit_only_iter36" name="test_regression_endpoints[/api/admin/missed-entries]" time="0.121" /><testcase classname="tests.test_exit_only_iter36" name="test_regression_endpoints[/api/admin/sell-point]" time="0.124" /><testcase classname="tests.test_exit_only_iter36" name="test_regression_endpoints[/api/admin/tape-quality]" time="0.116" /></testsuite></testsuites>