<?xml version="1.0" encoding="utf-8"?><testsuites name="pytest tests"><testsuite name="pytest" errors="0" failures="0" skipped="0" tests="9" time="0.978" timestamp="2026-06-24T23:06:58.434697+00:00" hostname="agent-env-b177ffdc-73ff-45fb-9ba4-f1e63e5e4274"><testcase classname="tests.test_consensus_indexes_and_api_regression.TestConsensusIndexesLive" name="test_ensure_indexes_runs" time="0.014" /><testcase classname="tests.test_consensus_indexes_and_api_regression.TestConsensusIndexesLive" name="test_pool_compound_lookup_idx" time="0.011" /><testcase classname="tests.test_consensus_indexes_and_api_regression.TestConsensusIndexesLive" name="test_pool_ttl_15m" time="0.008" /><testcase classname="tests.test_consensus_indexes_and_api_regression.TestConsensusIndexesLive" name="test_telemetry_intent_idx" time="0.008" /><testcase classname="tests.test_consensus_indexes_and_api_regression.TestConsensusIndexesLive" name="test_telemetry_ttl_15m" time="0.010" /><testcase classname="tests.test_consensus_indexes_and_api_regression.TestApiRegression" name="test_login_returns_tokens" time="0.473" /><testcase classname="tests.test_consensus_indexes_and_api_regression.TestApiRegression" name="test_refresh_returns_access_token_in_body" time="0.050" /><testcase classname="tests.test_consensus_indexes_and_api_regression.TestApiRegression" name="test_admin_brain_metrics_5kpi" time="0.158" /><testcase classname="tests.test_consensus_indexes_and_api_regression.TestApiRegression" name="test_admin_roster_returns_8_seat_map" time="0.120" /></testsuite></testsuites>