<?xml version="1.0" encoding="utf-8"?><testsuites name="pytest tests"><testsuite name="pytest" errors="0" failures="0" skipped="0" tests="6" time="0.037" timestamp="2026-06-25T12:17:59.251090+00:00" hostname="agent-env-b177ffdc-73ff-45fb-9ba4-f1e63e5e4274"><testcase classname="tests.test_api_js_transient_5xx_retry" name="test_transient_status_codes_set_present" time="0.001" /><testcase classname="tests.test_api_js_transient_5xx_retry" name="test_read_retry_delays_present_with_meaningful_backoff" time="0.000" /><testcase classname="tests.test_api_js_transient_5xx_retry" name="test_retry_guard_excludes_non_get_methods" time="0.000" /><testcase classname="tests.test_api_js_transient_5xx_retry" name="test_network_error_branch_also_retries" time="0.000" /><testcase classname="tests.test_api_js_transient_5xx_retry" name="test_retry_counter_threaded_through_cfg" time="0.000" /><testcase classname="tests.test_api_js_transient_5xx_retry" name="test_retry_branch_runs_before_error_decode" time="0.000" /></testsuite></testsuites>