<?xml version="1.0" encoding="utf-8"?><testsuites name="pytest tests"><testsuite name="pytest" errors="0" failures="0" skipped="0" tests="24" time="48.636" timestamp="2026-07-13T15:12:36.201246+00:00" hostname="agent-env-b177ffdc-73ff-45fb-9ba4-f1e63e5e4274"><testcase classname="tests.test_p0_pulse_arbiter_intent_smoke.TestArbiterRuntimeMode" name="test_state_is_readable" time="0.887" /><testcase classname="tests.test_p0_pulse_arbiter_intent_smoke.TestArbiterRuntimeMode" name="test_flip_to_live_and_back" time="0.487" /><testcase classname="tests.test_p0_pulse_arbiter_intent_smoke.TestPulseHealth" name="test_per_brain_pulse_health[barracuda]" time="0.846" /><testcase classname="tests.test_p0_pulse_arbiter_intent_smoke.TestPulseHealth" name="test_per_brain_pulse_health[hellcat]" time="0.644" /><testcase classname="tests.test_p0_pulse_arbiter_intent_smoke.TestPulseHealth" name="test_per_brain_pulse_health[gto]" time="0.633" /><testcase classname="tests.test_p0_pulse_arbiter_intent_smoke.TestPulseHealth" name="test_per_brain_pulse_health[camino]" time="0.749" /><testcase classname="tests.test_p0_pulse_arbiter_intent_smoke.TestPulseHealth" name="test_per_brain_history[barracuda]" time="0.132" /><testcase classname="tests.test_p0_pulse_arbiter_intent_smoke.TestPulseHealth" name="test_per_brain_history[hellcat]" time="0.104" /><testcase classname="tests.test_p0_pulse_arbiter_intent_smoke.TestPulseHealth" name="test_per_brain_history[gto]" time="0.127" /><testcase classname="tests.test_p0_pulse_arbiter_intent_smoke.TestPulseHealth" name="test_per_brain_history[camino]" time="0.114" /><testcase classname="tests.test_p0_pulse_arbiter_intent_smoke.TestPulseHealth" name="test_per_brain_by_regime[barracuda]" time="0.106" /><testcase classname="tests.test_p0_pulse_arbiter_intent_smoke.TestPulseHealth" name="test_per_brain_by_regime[hellcat]" time="0.103" /><testcase classname="tests.test_p0_pulse_arbiter_intent_smoke.TestPulseHealth" name="test_per_brain_by_regime[gto]" time="0.121" /><testcase classname="tests.test_p0_pulse_arbiter_intent_smoke.TestPulseHealth" name="test_per_brain_by_regime[camino]" time="0.162" /><testcase classname="tests.test_p0_pulse_arbiter_intent_smoke.TestE2ETrace" name="test_e2e_trace_returns_stages" time="0.183" /><testcase classname="tests.test_p0_pulse_arbiter_intent_smoke.TestDiagnostics" name="test_diagnostics_lane_execution_present" time="0.236" /><testcase classname="tests.test_p0_pulse_arbiter_intent_smoke.TestDiagnostics" name="test_no_alpaca_reference" time="0.133" /><testcase classname="tests.test_p0_pulse_arbiter_intent_smoke.TestBrainRuntimeStatusCache" name="test_status_fast_and_hydrated[barracuda]" time="0.110" /><testcase classname="tests.test_p0_pulse_arbiter_intent_smoke.TestBrainRuntimeStatusCache" name="test_status_fast_and_hydrated[hellcat]" time="0.124" /><testcase classname="tests.test_p0_pulse_arbiter_intent_smoke.TestBrainRuntimeStatusCache" name="test_status_fast_and_hydrated[gto]" time="0.107" /><testcase classname="tests.test_p0_pulse_arbiter_intent_smoke.TestBrainRuntimeStatusCache" name="test_status_fast_and_hydrated[camino]" time="0.112" /><testcase classname="tests.test_p0_pulse_arbiter_intent_smoke.TestPulseTickSignatureLocal" name="test_pulse_tick_accepts_auto_arbitrate_kw" time="0.077" /><testcase classname="tests.test_p0_pulse_arbiter_intent_smoke.TestPulseTickSignatureLocal" name="test_pulse_worker_reads_env_toggles" time="0.158" /><testcase classname="tests.test_p0_pulse_arbiter_intent_smoke.TestE2EPulseToIntent" name="test_pulse_emits_intent_when_arbiter_live" time="42.054" /></testsuite></testsuites>