<?xml version="1.0" encoding="utf-8"?><testsuites name="pytest tests"><testsuite name="pytest" errors="0" failures="0" skipped="0" tests="8" time="2.213" timestamp="2026-07-20T14:30:34.294813+00:00" hostname="agent-env-b177ffdc-73ff-45fb-9ba4-f1e63e5e4274"><testcase classname="tests.test_iter28_auto_router_killmap" name="test_admin_login_returns_token" time="0.494" /><testcase classname="tests.test_iter28_auto_router_killmap" name="test_auto_router_status_shape" time="0.101" /><testcase classname="tests.test_iter28_auto_router_killmap" name="test_auto_router_force_tick" time="0.118" /><testcase classname="tests.test_iter28_auto_router_killmap" name="test_kill_map_24h" time="0.172" /><testcase classname="tests.test_iter28_auto_router_killmap" name="test_kill_map_168h" time="0.860" /><testcase classname="tests.test_iter28_auto_router_killmap" name="test_nuke_test_data_gone" time="0.111" /><testcase classname="tests.test_iter28_auto_router_killmap" name="test_emergency_purge_gone[get]" time="0.115" /><testcase classname="tests.test_iter28_auto_router_killmap" name="test_emergency_purge_gone[post]" time="0.181" /></testsuite></testsuites>