<?xml version="1.0" encoding="utf-8"?><testsuites name="pytest tests"><testsuite name="pytest" errors="0" failures="0" skipped="0" tests="15" time="0.409" timestamp="2026-06-24T23:32:16.564590+00:00" hostname="agent-env-b177ffdc-73ff-45fb-9ba4-f1e63e5e4274"><testcase classname="tests.test_consensus_applied_rate_metric_2026_06_24" name="test_telemetry_ttl_is_seven_days" time="0.059" /><testcase classname="tests.test_consensus_applied_rate_metric_2026_06_24.TestClassifier" name="test_no_data" time="0.000" /><testcase classname="tests.test_consensus_applied_rate_metric_2026_06_24.TestClassifier" name="test_noise_band" time="0.000" /><testcase classname="tests.test_consensus_applied_rate_metric_2026_06_24.TestClassifier" name="test_healthy_band" time="0.000" /><testcase classname="tests.test_consensus_applied_rate_metric_2026_06_24.TestClassifier" name="test_heavy_band" time="0.000" /><testcase classname="tests.test_consensus_applied_rate_metric_2026_06_24.TestClassifier" name="test_over_dependent_band" time="0.000" /><testcase classname="tests.test_consensus_applied_rate_metric_2026_06_24.TestClassifier" name="test_bands_cover_full_range" time="0.000" /><testcase classname="tests.test_consensus_applied_rate_metric_2026_06_24.TestAppliedRate" name="test_no_telemetry_returns_none" time="0.034" /><testcase classname="tests.test_consensus_applied_rate_metric_2026_06_24.TestAppliedRate" name="test_zero_applied" time="0.030" /><testcase classname="tests.test_consensus_applied_rate_metric_2026_06_24.TestAppliedRate" name="test_healthy_band_15_percent" time="0.046" /><testcase classname="tests.test_consensus_applied_rate_metric_2026_06_24.TestAppliedRate" name="test_over_dependent_band" time="0.031" /><testcase classname="tests.test_consensus_applied_rate_metric_2026_06_24.TestAppliedRate" name="test_window_excludes_old_rows" time="0.033" /><testcase classname="tests.test_consensus_applied_rate_metric_2026_06_24.TestAppliedRate" name="test_mixed_positive_and_negative_boost" time="0.030" /><testcase classname="tests.test_consensus_applied_rate_metric_2026_06_24.TestAppliedRate" name="test_applied_inferred_from_boost_value_when_flag_missing" time="0.031" /><testcase classname="tests.test_consensus_applied_rate_metric_2026_06_24" name="test_health_band_constants_match_operator_spec" time="0.001" /></testsuite></testsuites>