<?xml version="1.0" encoding="utf-8"?><testsuites name="pytest tests"><testsuite name="pytest" errors="0" failures="0" skipped="0" tests="4" time="1.187" timestamp="2026-06-25T14:24:49.219325+00:00" hostname="agent-env-b177ffdc-73ff-45fb-9ba4-f1e63e5e4274"><testcase classname="tests.test_iter14_live_preview_seat_authority" name="test_submit_missing_brain_name_returns_422" time="0.679" /><testcase classname="tests.test_iter14_live_preview_seat_authority" name="test_submit_override_short_reason_returns_400" time="0.163" /><testcase classname="tests.test_iter14_live_preview_seat_authority" name="test_submit_with_brain_name_passes_pydantic_layer" time="0.171" /><testcase classname="tests.test_iter14_live_preview_seat_authority" name="test_submit_override_missing_brain_name_returns_422" time="0.138" /></testsuite></testsuites>