<?xml version="1.0" encoding="utf-8"?><testsuites name="pytest tests"><testsuite name="pytest" errors="0" failures="0" skipped="0" tests="11" time="2.599" timestamp="2026-06-25T07:43:52.806325+00:00" hostname="agent-env-b177ffdc-73ff-45fb-9ba4-f1e63e5e4274"><testcase classname="tests.test_system_flags_live_api" name="test_get_requires_auth" time="0.547" /><testcase classname="tests.test_system_flags_live_api" name="test_post_requires_auth" time="0.115" /><testcase classname="tests.test_system_flags_live_api" name="test_get_system_flags_shape" time="0.098" /><testcase classname="tests.test_system_flags_live_api" name="test_set_paradox_v3_brains_camino_and_reflects" time="0.233" /><testcase classname="tests.test_system_flags_live_api" name="test_set_paradox_v3_brains_rejects_unknown" time="0.131" /><testcase classname="tests.test_system_flags_live_api" name="test_set_paradox_v3_brains_empty_is_explicit_none" time="0.219" /><testcase classname="tests.test_system_flags_live_api" name="test_trigger_watcher_round_trip" time="0.200" /><testcase classname="tests.test_system_flags_live_api" name="test_trigger_refire_round_trip" time="0.233" /><testcase classname="tests.test_system_flags_live_api" name="test_changes_feed_shape_and_order" time="0.293" /><testcase classname="tests.test_system_flags_live_api" name="test_paradox_v3_status_includes_db_flags_and_effective_brains" time="0.240" /><testcase classname="tests.test_system_flags_live_api" name="test_zzz_cleanup" time="0.235" /></testsuite></testsuites>