<?xml version="1.0" encoding="utf-8"?><testsuites name="pytest tests"><testsuite name="pytest" errors="0" failures="0" skipped="0" tests="9" time="0.203" timestamp="2026-06-24T23:47:49.700261+00:00" hostname="agent-env-b177ffdc-73ff-45fb-9ba4-f1e63e5e4274"><testcase classname="tests.test_advisor_performance_2026_06_24.TestPctHelper" name="test_zero_denominator_returns_none" time="0.001" /><testcase classname="tests.test_advisor_performance_2026_06_24.TestPctHelper" name="test_basic_math" time="0.000" /><testcase classname="tests.test_advisor_performance_2026_06_24.TestAdvisorPerformance" name="test_empty_window" time="0.006" /><testcase classname="tests.test_advisor_performance_2026_06_24.TestAdvisorPerformance" name="test_single_advisor_agree_with_win" time="0.013" /><testcase classname="tests.test_advisor_performance_2026_06_24.TestAdvisorPerformance" name="test_disagree_was_right_signal" time="0.012" /><testcase classname="tests.test_advisor_performance_2026_06_24.TestAdvisorPerformance" name="test_mixed_advisors_full_table" time="0.015" /><testcase classname="tests.test_advisor_performance_2026_06_24.TestAdvisorPerformance" name="test_unresolved_outcomes_excluded_from_win_rate" time="0.013" /><testcase classname="tests.test_advisor_performance_2026_06_24.TestAdvisorPerformance" name="test_window_filters_old_rows" time="0.015" /><testcase classname="tests.test_advisor_performance_2026_06_24.TestAdvisorPerformance" name="test_advisors_sorted_by_appearances_desc" time="0.015" /></testsuite></testsuites>