<?xml version="1.0" encoding="utf-8"?><testsuites name="pytest tests"><testsuite name="pytest" errors="0" failures="0" skipped="0" tests="11" time="3.562" timestamp="2026-07-10T14:35:16.216859+00:00" hostname="agent-env-b177ffdc-73ff-45fb-9ba4-f1e63e5e4274"><testcase classname="tests.test_stack_status_and_failsoft.TestStackStatusHappyShape" name="test_stack_returns_200_ok_true" time="0.691" /><testcase classname="tests.test_stack_status_and_failsoft.TestStackStatusHappyShape" name="test_stack_shape_contract" time="0.126" /><testcase classname="tests.test_stack_status_and_failsoft.TestStackStatusHappyShape" name="test_stack_contains_all_four_brains" time="0.143" /><testcase classname="tests.test_stack_status_and_failsoft.TestStackStatusHappyShape" name="test_stack_brain_section_shape" time="0.111" /><testcase classname="tests.test_stack_status_and_failsoft.TestStackAbsentDocContract" name="test_absent_doc_returns_200_degraded_true" time="0.181" /><testcase classname="tests.test_stack_status_and_failsoft.TestStackAbsentDocDirect" name="test_returns_amber_when_doc_missing" time="0.239" /><testcase classname="tests.test_stack_status_and_failsoft.TestStackAbsentDocDirect" name="test_returns_amber_when_atlas_raises" time="0.000" /><testcase classname="tests.test_stack_status_and_failsoft.TestEmissionBumpsStackDoc" name="test_bump_stack_on_emit_bumps_section" time="0.613" /><testcase classname="tests.test_stack_status_and_failsoft.TestPerBrainEndpointFailsSoft" name="test_builder_exception_returns_amber" time="0.001" /><testcase classname="tests.test_stack_status_and_failsoft.TestPerBrainEndpointFailsSoft" name="test_unknown_brain_still_404" time="0.104" /><testcase classname="tests.test_stack_status_and_failsoft.TestStackSustainedLoad" name="test_stack_read_under_load" time="1.265" /></testsuite></testsuites>