<?xml version="1.0" encoding="utf-8"?><testsuites name="pytest tests"><testsuite name="pytest" errors="0" failures="2" skipped="0" tests="43" time="6.022" timestamp="2026-07-09T10:30:08.247641+00:00" hostname="agent-env-b177ffdc-73ff-45fb-9ba4-f1e63e5e4274"><testcase classname="tests.test_live_execution_path" name="test_happy_path_intent_gets_executed" time="0.220" /><testcase classname="tests.test_live_execution_path" name="test_seat_pass_stamps_advisory_only_and_skips_broker" time="0.213" /><testcase classname="tests.test_live_execution_path" name="test_vacant_executor_seat_blocks_intent_before_broker" time="0.189" /><testcase classname="tests.test_live_execution_path" name="test_governor_multiplier_reduces_notional_before_risk_check" time="0.233" /><testcase classname="tests.test_live_execution_path" name="test_council_participant_gets_50pct_dampener" time="0.197" /><testcase classname="tests.test_live_execution_path" name="test_risk_block_stamps_intent_and_skips_broker" time="0.253" /><testcase classname="tests.test_live_execution_path" name="test_crypto_pair_floor_size_up_raises_broker_notional" time="0.193" /><testcase classname="tests.test_live_execution_path" name="test_crypto_pair_floor_reject_policy_terminates_intent" time="0.269" /><testcase classname="tests.test_live_execution_path" name="test_equity_intent_never_consults_pair_floor" time="0.193" /><testcase classname="tests.test_live_execution_path" name="test_broker_route_blocked_stamps_intent_and_records_execution" time="0.287" /><testcase classname="tests.test_live_execution_path" name="test_execution_row_stamps_all_four_seat_holders_and_angels" time="0.159" /><testcase classname="tests.test_live_execution_path" name="test_exactly_one_execution_row_per_attempt" time="0.159" /><testcase classname="tests.test_live_execution_path" name="test_success_stamps_executed_true_with_broker_order_embedded" time="0.259" /><testcase classname="tests.test_live_execution_path" name="test_pair_floor_exceeding_per_order_cap_blocks_intent" time="0.153" /><testcase classname="tests.test_live_execution_path" name="test_pair_floor_at_or_below_cap_passes_through" time="0.157" /><testcase classname="tests.test_live_execution_path" name="test_equity_risk_downsize_ships_clipped_notional_not_raw" time="0.260" /><testcase classname="tests.test_live_execution_path" name="test_success_stamps_final_notional_usd_on_intent" time="0.158" /><testcase classname="tests.test_live_execution_path" name="test_expired_unrouted_sweep_stamps_stale_intents" time="0.001" /><testcase classname="tests.test_live_execution_path" name="test_expired_unrouted_sweep_respects_expire_min_env" time="0.001" /><testcase classname="tests.test_live_execution_path" name="test_expired_unrouted_sweep_short_circuits_when_no_stale_intents" time="0.001" /><testcase classname="tests.test_live_execution_path" name="test_tick_query_excludes_expired_unrouted_intents" time="0.002" /><testcase classname="tests.test_live_execution_path" name="test_expire_min_default_is_120" time="0.001" /><testcase classname="tests.test_live_execution_path" name="test_market_closed_equity_intent_blocked_before_broker" time="0.152" /><testcase classname="tests.test_live_execution_path" name="test_market_closed_crypto_intent_still_reaches_broker" time="0.270" /><testcase classname="tests.test_live_execution_path" name="test_market_open_equity_intent_reaches_broker" time="0.160" /><testcase classname="tests.test_live_execution_path" name="test_after_hours_with_extended_flag_reaches_broker" time="0.158" /><testcase classname="tests.test_live_execution_path" name="test_preflight_block_is_not_a_broker_error" time="0.288" /><testcase classname="tests.test_live_execution_path" name="test_preflight_writes_exactly_one_execution_row" time="0.165" /><testcase classname="tests.test_live_execution_path" name="test_reconcile_filled_transitions_intent_to_filled" time="0.003" /><testcase classname="tests.test_live_execution_path" name="test_reconcile_terminal_bucket_reject_goes_broker_rejected" time="0.002" /><testcase classname="tests.test_live_execution_path" name="test_reconcile_transient_reject_under_cap_requeues_as_pending" time="0.002" /><testcase classname="tests.test_live_execution_path" name="test_reconcile_transient_reject_at_cap_goes_broker_rejected" time="0.002" /><testcase classname="tests.test_live_execution_path" name="test_reconcile_partial_and_working_are_no_ops" time="0.002" /><testcase classname="tests.test_live_execution_path" name="test_reconcile_broker_exception_is_caught_and_counted" time="0.002" /><testcase classname="tests.test_live_execution_path" name="test_reconcile_near_boundary_warning_increments_counter" time="0.003" /><testcase classname="tests.test_live_execution_path" name="test_reconcile_query_filter_excludes_crypto_lane" time="0.001" /><testcase classname="tests.test_live_execution_path" name="test_reconcile_returns_zero_counts_when_adapter_unavailable" time="0.001" /><testcase classname="tests.test_live_execution_path" name="test_reconcile_rate_limits_back_to_back_calls" time="0.002" /><testcase classname="tests.test_capital_ledger_wiring" name="test_live_micro_entry_reserves_capital_before_broker" time="0.312"><failure message="AssertionError: assert 'blocked' == 'executed'&#10;  &#10;  - executed&#10;  + blocked">tests/test_capital_ledger_wiring.py:160: in test_live_micro_entry_reserves_capital_before_broker
    assert result["verdict"] == "executed"
E   AssertionError: assert 'blocked' == 'executed'
E     
E     - executed
E     + blocked</failure></testcase><testcase classname="tests.test_capital_ledger_wiring" name="test_observe_route_does_not_reserve" time="0.188"><failure message="AssertionError: observe route must not consume ledger headroom&#10;assert 50.0 == 0.0">tests/test_capital_ledger_wiring.py:204: in test_observe_route_does_not_reserve
    assert head["reserved"] == 0.0, (
E   AssertionError: observe route must not consume ledger headroom
E   assert 50.0 == 0.0</failure></testcase><testcase classname="tests.test_capital_ledger_wiring" name="test_sell_action_does_not_reserve" time="0.181" /><testcase classname="tests.test_capital_ledger_wiring" name="test_cap_exceeded_blocks_before_broker" time="0.204" /><testcase classname="tests.test_capital_ledger_wiring" name="test_position_close_releases_ledger" time="0.185" /></testsuite></testsuites>