<?xml version="1.0" encoding="utf-8"?><testsuites name="pytest tests"><testsuite name="pytest" errors="0" failures="0" skipped="0" tests="20" time="4.889" timestamp="2026-07-11T07:52:51.127538+00:00" hostname="agent-env-b177ffdc-73ff-45fb-9ba4-f1e63e5e4274"><testcase classname="tests.test_atlas_timeout_handler" name="test_atlas_timeout_response_get_returns_200_soft_degrade" time="1.529" /><testcase classname="tests.test_atlas_timeout_handler" name="test_atlas_timeout_response_write_returns_503" time="0.000" /><testcase classname="tests.test_atlas_timeout_handler" name="test_all_timeout_classes_register_without_error" time="0.000" /><testcase classname="tests.test_intent_write_health" name="test_write_health_band_matrix" time="0.003" /><testcase classname="tests.test_intent_write_health" name="test_bump_stack_decision_sets_ts_and_counter" time="0.006" /><testcase classname="tests.test_intent_write_health" name="test_bump_stack_intent_success_directional_vs_hold" time="0.002" /><testcase classname="tests.test_intent_write_health" name="test_bump_stack_intent_failure_records_error" time="0.001" /><testcase classname="tests.test_intent_write_health" name="test_stack_status_decorates_write_health" time="0.571" /><testcase classname="tests.test_intent_write_health" name="test_insert_failure_propagates_and_bumps_failure_counter" time="0.050" /><testcase classname="tests.test_stack_status_and_failsoft.TestStackStatusHappyShape" name="test_stack_returns_200_ok_true" time="0.416" /><testcase classname="tests.test_stack_status_and_failsoft.TestStackStatusHappyShape" name="test_stack_shape_contract" time="0.127" /><testcase classname="tests.test_stack_status_and_failsoft.TestStackStatusHappyShape" name="test_stack_contains_all_four_brains" time="0.132" /><testcase classname="tests.test_stack_status_and_failsoft.TestStackStatusHappyShape" name="test_stack_brain_section_shape" time="0.127" /><testcase classname="tests.test_stack_status_and_failsoft.TestStackAbsentDocContract" name="test_absent_doc_returns_200_degraded_true" time="0.096" /><testcase classname="tests.test_stack_status_and_failsoft.TestStackAbsentDocDirect" name="test_returns_amber_when_doc_missing" time="0.000" /><testcase classname="tests.test_stack_status_and_failsoft.TestStackAbsentDocDirect" name="test_returns_amber_when_atlas_raises" time="0.000" /><testcase classname="tests.test_stack_status_and_failsoft.TestEmissionBumpsStackDoc" name="test_bump_stack_on_emit_bumps_section" time="0.603" /><testcase classname="tests.test_stack_status_and_failsoft.TestPerBrainEndpointFailsSoft" name="test_builder_exception_returns_amber" time="0.001" /><testcase classname="tests.test_stack_status_and_failsoft.TestPerBrainEndpointFailsSoft" name="test_unknown_brain_still_404" time="0.096" /><testcase classname="tests.test_stack_status_and_failsoft.TestStackSustainedLoad" name="test_stack_read_under_load" time="1.052" /></testsuite></testsuites>