<?xml version="1.0" encoding="utf-8"?><testsuites name="pytest tests"><testsuite name="pytest" errors="0" failures="0" skipped="0" tests="6" time="1.054" timestamp="2026-07-09T10:33:36.673321+00:00" hostname="agent-env-b177ffdc-73ff-45fb-9ba4-f1e63e5e4274"><testcase classname="tests.test_micro_notional_fallback" name="test_legacy_notional_wins_brain_legacy" time="0.354" /><testcase classname="tests.test_micro_notional_fallback" name="test_v3_envelope_notional_brain_v3" time="0.114" /><testcase classname="tests.test_micro_notional_fallback" name="test_micro_default_directional_buy" time="0.119" /><testcase classname="tests.test_micro_notional_fallback" name="test_micro_default_directional_sell_zero_notional" time="0.118" /><testcase classname="tests.test_micro_notional_fallback" name="test_hold_action_falls_through_to_env_default" time="0.115" /><testcase classname="tests.test_micro_notional_fallback" name="test_env_override_micro_live_default_usd" time="0.117" /></testsuite></testsuites>