<?xml version="1.0" encoding="utf-8"?><testsuites name="pytest tests"><testsuite name="pytest" errors="0" failures="0" skipped="0" tests="42" time="7.649" timestamp="2026-07-10T14:35:59.897476+00:00" hostname="agent-env-b177ffdc-73ff-45fb-9ba4-f1e63e5e4274"><testcase classname="tests.test_brain_runtime" name="test_roster_brain_caller_cannot_peek_other_brain" time="0.003" /><testcase classname="tests.test_brain_runtime" name="test_roster_payload_is_lean_no_policy_doctrine_dump" time="0.001" /><testcase classname="tests.test_brain_runtime" name="test_status_endpoint_requires_operator_jwt" time="0.001" /><testcase classname="tests.test_brain_runtime" name="test_status_endpoint_returns_in_process_marker" time="0.001" /><testcase classname="tests.test_brain_runtime" name="test_status_endpoint_never_500s_on_build_failure" time="0.001" /><testcase classname="tests.test_brain_runtime" name="test_status_payload_uses_section_names_the_tile_renders" time="0.002" /><testcase classname="tests.test_brain_runtime" name="test_status_endpoint_does_not_reach_for_external_sidecars" time="0.006" /><testcase classname="tests.test_brain_runtime" name="test_universe_endpoint_uses_dual_auth" time="0.001" /><testcase classname="tests.test_brain_runtime" name="test_universe_endpoint_pins_brain_auth_to_path" time="0.001" /><testcase classname="tests.test_brain_runtime" name="test_module_never_serves_broker_keys" time="0.000" /><testcase classname="tests.test_brain_runtime" name="test_module_is_read_only_on_roster" time="0.000" /><testcase classname="tests.test_brain_runtime" name="test_roster_endpoint_doctrine_compatible" time="0.000" /><testcase classname="tests.test_brain_runtime" name="test_routes_registered" time="0.000" /><testcase classname="tests.test_brain_runtime_status_load" name="test_status_returns_cached_source_and_shape[camino]" time="0.690" /><testcase classname="tests.test_brain_runtime_status_load" name="test_status_returns_cached_source_and_shape[barracuda]" time="0.111" /><testcase classname="tests.test_brain_runtime_status_load" name="test_status_returns_cached_source_and_shape[hellcat]" time="0.109" /><testcase classname="tests.test_brain_runtime_status_load" name="test_status_returns_cached_source_and_shape[gto]" time="0.143" /><testcase classname="tests.test_brain_runtime_status_load" name="test_status_sustained_load_camino" time="2.289" /><testcase classname="tests.test_brain_runtime_status_load" name="test_status_no_500[camino]" time="0.102" /><testcase classname="tests.test_brain_runtime_status_load" name="test_status_no_500[barracuda]" time="0.121" /><testcase classname="tests.test_brain_runtime_status_load" name="test_status_no_500[hellcat]" time="0.106" /><testcase classname="tests.test_brain_runtime_status_load" name="test_status_no_500[gto]" time="0.113" /><testcase classname="tests.test_brain_runtime_status_load" name="test_status_no_500[bogus-brain]" time="0.107" /><testcase classname="tests.test_brain_runtime_metrics_cache" name="test_bump_on_emit_upserts_new_brain" time="0.078" /><testcase classname="tests.test_brain_runtime_metrics_cache" name="test_bump_on_emit_increments_lifetime_and_updates_latest" time="0.072" /><testcase classname="tests.test_brain_runtime_metrics_cache" name="test_bump_on_emit_swallows_errors" time="0.069" /><testcase classname="tests.test_brain_runtime_metrics_cache" name="test_refresh_windows_computes_from_shared_intents" time="0.073" /><testcase classname="tests.test_brain_runtime_metrics_cache" name="test_refresh_windows_caches_within_ttl" time="0.075" /><testcase classname="tests.test_brain_runtime_metrics_cache" name="test_refresh_windows_new_brain_returns_zeros" time="0.072" /><testcase classname="tests.test_brain_runtime_metrics_integration" name="test_bump_on_emit_fires_from_production_intent_path" time="0.070" /><testcase classname="tests.test_brain_runtime_metrics_integration" name="test_intents_py_imports_bump_on_emit" time="0.088" /><testcase classname="tests.test_stack_status_and_failsoft.TestStackStatusHappyShape" name="test_stack_returns_200_ok_true" time="0.429" /><testcase classname="tests.test_stack_status_and_failsoft.TestStackStatusHappyShape" name="test_stack_shape_contract" time="0.108" /><testcase classname="tests.test_stack_status_and_failsoft.TestStackStatusHappyShape" name="test_stack_contains_all_four_brains" time="0.110" /><testcase classname="tests.test_stack_status_and_failsoft.TestStackStatusHappyShape" name="test_stack_brain_section_shape" time="0.108" /><testcase classname="tests.test_stack_status_and_failsoft.TestStackAbsentDocContract" name="test_absent_doc_returns_200_degraded_true" time="0.126" /><testcase classname="tests.test_stack_status_and_failsoft.TestStackAbsentDocDirect" name="test_returns_amber_when_doc_missing" time="0.000" /><testcase classname="tests.test_stack_status_and_failsoft.TestStackAbsentDocDirect" name="test_returns_amber_when_atlas_raises" time="0.000" /><testcase classname="tests.test_stack_status_and_failsoft.TestEmissionBumpsStackDoc" name="test_bump_stack_on_emit_bumps_section" time="0.630" /><testcase classname="tests.test_stack_status_and_failsoft.TestPerBrainEndpointFailsSoft" name="test_builder_exception_returns_amber" time="0.001" /><testcase classname="tests.test_stack_status_and_failsoft.TestPerBrainEndpointFailsSoft" name="test_unknown_brain_still_404" time="0.102" /><testcase classname="tests.test_stack_status_and_failsoft.TestStackSustainedLoad" name="test_stack_read_under_load" time="1.095" /></testsuite></testsuites>