<?xml version="1.0" encoding="utf-8"?><testsuites name="pytest tests"><testsuite name="pytest" errors="0" failures="0" skipped="0" tests="112" time="6.676" timestamp="2026-06-25T23:45:10.264364+00:00" hostname="agent-env-b177ffdc-73ff-45fb-9ba4-f1e63e5e4274"><testcase classname="tests.test_brain_legend_dual_field" name="test_canonicalize_stack_resolves_every_known_form[camino-camino]" time="0.001" /><testcase classname="tests.test_brain_legend_dual_field" name="test_canonicalize_stack_resolves_every_known_form[barracuda-barracuda]" time="0.000" /><testcase classname="tests.test_brain_legend_dual_field" name="test_canonicalize_stack_resolves_every_known_form[hellcat-hellcat]" time="0.000" /><testcase classname="tests.test_brain_legend_dual_field" name="test_canonicalize_stack_resolves_every_known_form[gto-gto0]" time="0.000" /><testcase classname="tests.test_brain_legend_dual_field" name="test_canonicalize_stack_resolves_every_known_form[alpha-camino]" time="0.000" /><testcase classname="tests.test_brain_legend_dual_field" name="test_canonicalize_stack_resolves_every_known_form[camaro-barracuda]" time="0.000" /><testcase classname="tests.test_brain_legend_dual_field" name="test_canonicalize_stack_resolves_every_known_form[chevelle-hellcat]" time="0.000" /><testcase classname="tests.test_brain_legend_dual_field" name="test_canonicalize_stack_resolves_every_known_form[redeye-gto]" time="0.000" /><testcase classname="tests.test_brain_legend_dual_field" name="test_canonicalize_stack_resolves_every_known_form[Camino-camino]" time="0.000" /><testcase classname="tests.test_brain_legend_dual_field" name="test_canonicalize_stack_resolves_every_known_form[Barracuda-barracuda]" time="0.000" /><testcase classname="tests.test_brain_legend_dual_field" name="test_canonicalize_stack_resolves_every_known_form[Hellcat-hellcat]" time="0.000" /><testcase classname="tests.test_brain_legend_dual_field" name="test_canonicalize_stack_resolves_every_known_form[GTO-gto]" time="0.000" /><testcase classname="tests.test_brain_legend_dual_field" name="test_canonicalize_stack_resolves_every_known_form[gto-gto1]" time="0.000" /><testcase classname="tests.test_brain_legend_dual_field" name="test_canonicalize_stack_resolves_every_known_form[  CAMARO  -barracuda]" time="0.000" /><testcase classname="tests.test_brain_legend_dual_field" name="test_canonicalize_stack_resolves_every_known_form[HELLCAT-hellcat]" time="0.000" /><testcase classname="tests.test_brain_legend_dual_field" name="test_canonicalize_stack_resolves_every_known_form[Alpha-camino]" time="0.000" /><testcase classname="tests.test_brain_legend_dual_field" name="test_canonicalize_stack_resolves_every_known_form[-]" time="0.000" /><testcase classname="tests.test_brain_legend_dual_field" name="test_canonicalize_stack_resolves_every_known_form[None-]" time="0.000" /><testcase classname="tests.test_brain_legend_dual_field" name="test_canonicalize_stack_resolves_every_known_form[ghostbrain-ghostbrain]" time="0.000" /><testcase classname="tests.test_brain_legend_dual_field" name="test_canonicalize_stack_resolves_every_known_form[RogueBrain-roguebrain]" time="0.000" /><testcase classname="tests.test_brain_legend_dual_field" name="test_canonical_set_has_four_brains" time="0.000" /><testcase classname="tests.test_brain_legend_dual_field" name="test_legacy_map_covers_all_four_brains" time="0.000" /><testcase classname="tests.test_brain_legend_dual_field" name="test_display_names_use_correct_casing" time="0.000" /><testcase classname="tests.test_brain_legend_dual_field" name="test_legend_doc_shape_for_barracuda" time="0.000" /><testcase classname="tests.test_brain_legend_dual_field" name="test_legend_doc_for_gto_uses_acronym_display_name" time="0.000" /><testcase classname="tests.test_matches_tier_1_seat_authority_precheck" name="test_passes_when_intent_author_matches_seat_holder" time="0.026" /><testcase classname="tests.test_matches_tier_1_seat_authority_precheck" name="test_skips_when_intent_author_mismatches_seat_holder" time="0.001" /><testcase classname="tests.test_matches_tier_1_seat_authority_precheck" name="test_skips_when_no_seat_holder" time="0.001" /><testcase classname="tests.test_matches_tier_1_seat_authority_precheck" name="test_seat_check_runs_AFTER_cheap_filters" time="0.001" /><testcase classname="tests.test_matches_tier_1_seat_authority_precheck" name="test_seat_check_defers_to_evaluate_gates_on_lookup_error" time="0.001" /><testcase classname="tests.test_doctrine_alignment_2026_02_20" name="test_confidence_min_default_is_0_70" time="0.000" /><testcase classname="tests.test_doctrine_alignment_2026_02_20" name="test_notional_default_usd_is_10" time="0.000" /><testcase classname="tests.test_doctrine_alignment_2026_02_20" name="test_chosen_notional_respects_loosened_default" time="0.000" /><testcase classname="tests.test_doctrine_alignment_2026_02_20" name="test_normalize_brain_handles_all_three_forms[camino-camino]" time="0.000" /><testcase classname="tests.test_doctrine_alignment_2026_02_20" name="test_normalize_brain_handles_all_three_forms[barracuda-barracuda]" time="0.000" /><testcase classname="tests.test_doctrine_alignment_2026_02_20" name="test_normalize_brain_handles_all_three_forms[hellcat-hellcat]" time="0.000" /><testcase classname="tests.test_doctrine_alignment_2026_02_20" name="test_normalize_brain_handles_all_three_forms[gto-gto]" time="0.000" /><testcase classname="tests.test_doctrine_alignment_2026_02_20" name="test_normalize_brain_handles_all_three_forms[alpha-camino]" time="0.001" /><testcase classname="tests.test_doctrine_alignment_2026_02_20" name="test_normalize_brain_handles_all_three_forms[camaro-barracuda]" time="0.000" /><testcase classname="tests.test_doctrine_alignment_2026_02_20" name="test_normalize_brain_handles_all_three_forms[chevelle-hellcat]" time="0.000" /><testcase classname="tests.test_doctrine_alignment_2026_02_20" name="test_normalize_brain_handles_all_three_forms[redeye-gto]" time="0.000" /><testcase classname="tests.test_doctrine_alignment_2026_02_20" name="test_normalize_brain_handles_all_three_forms[Camino-camino]" time="0.000" /><testcase classname="tests.test_doctrine_alignment_2026_02_20" name="test_normalize_brain_handles_all_three_forms[Barracuda-barracuda]" time="0.000" /><testcase classname="tests.test_doctrine_alignment_2026_02_20" name="test_normalize_brain_handles_all_three_forms[Hellcat-hellcat]" time="0.000" /><testcase classname="tests.test_doctrine_alignment_2026_02_20" name="test_normalize_brain_handles_all_three_forms[GTO-gto]" time="0.000" /><testcase classname="tests.test_doctrine_alignment_2026_02_20" name="test_normalize_brain_handles_all_three_forms[  camaro  -barracuda]" time="0.000" /><testcase classname="tests.test_doctrine_alignment_2026_02_20" name="test_normalize_brain_handles_all_three_forms[  Hellcat  -hellcat]" time="0.000" /><testcase classname="tests.test_doctrine_alignment_2026_02_20" name="test_normalize_brain_passes_through_unknown_unchanged" time="0.000" /><testcase classname="tests.test_doctrine_alignment_2026_02_20" name="test_matches_tier_1_accepts_display_name" time="0.005" /><testcase classname="tests.test_doctrine_alignment_2026_02_20" name="test_matches_tier_1_accepts_brain_id" time="0.001" /><testcase classname="tests.test_doctrine_alignment_2026_02_20" name="test_matches_tier_1_unknown_brain_still_rejected" time="0.001" /><testcase classname="tests.test_doctrine_alignment_2026_02_20" name="test_matches_tier_1_loosened_confidence_pass" time="0.001" /><testcase classname="tests.test_doctrine_alignment_2026_02_20" name="test_matches_tier_1_below_loosened_floor_still_rejected" time="0.001" /><testcase classname="tests.test_seat_authority_modes" name="test_seat_bound_when_stack_matches_holder" time="1.195" /><testcase classname="tests.test_seat_authority_modes" name="test_requires_override_when_stack_mismatches_holder" time="0.357" /><testcase classname="tests.test_seat_authority_modes" name="test_vacant_when_no_holder" time="0.627" /><testcase classname="tests.test_seat_authority_modes" name="test_execution_submit_refuses_override_required_intent" time="0.409" /><testcase classname="tests.test_seat_authority_modes" name="test_submit_override_requires_reason" time="0.209" /><testcase classname="tests.test_seat_authority_modes" name="test_submit_override_rejects_seat_bound_intent" time="0.327" /><testcase classname="tests.test_seat_authority_modes" name="test_submit_override_audits_request_before_broker_call" time="0.376" /><testcase classname="tests.test_seat_authority_modes" name="test_auto_submit_blocked_by_override_requirement" time="0.358" /><testcase classname="tests.test_seat_authority_modes" name="test_submit_rejects_brain_name_mismatch" time="0.239" /><testcase classname="tests.test_seat_authority_modes" name="test_submit_brain_name_case_insensitive_match" time="0.352" /><testcase classname="tests.test_seat_authority_modes" name="test_submit_body_requires_brain_name_field" time="0.209" /><testcase classname="tests.test_authority_call_mirror" name="test_mirror_lands_in_receipts_with_council_signal_shape" time="0.069" /><testcase classname="tests.test_authority_call_mirror" name="test_hard_veto_round_trip_produces_hard_block_verdict" time="0.027" /><testcase classname="tests.test_authority_call_mirror" name="test_warn_status_round_trip_produces_soft_dissent_downweight" time="0.025" /><testcase classname="tests.test_authority_call_mirror" name="test_allow_status_round_trip_passes_through" time="0.025" /><testcase classname="tests.test_authority_call_mirror" name="test_mirror_refuses_brain_impersonation" time="0.015" /><testcase classname="tests.test_authority_call_mirror" name="test_mirror_skipped_when_no_authority_call" time="0.014" /><testcase classname="tests.test_operator_override_and_action_override" name="test_override_lifts_soft_gate" time="0.090" /><testcase classname="tests.test_operator_override_and_action_override" name="test_override_cannot_lift_exposure_cap" time="0.001" /><testcase classname="tests.test_operator_override_and_action_override" name="test_override_off_does_not_stamp_audit" time="0.095" /><testcase classname="tests.test_operator_override_and_action_override" name="test_override_requires_reason" time="0.367" /><testcase classname="tests.test_operator_override_and_action_override" name="test_action_override_rejects_bad_value" time="0.295" /><testcase classname="tests.test_operator_override_and_action_override" name="test_hold_intent_without_action_override_refuses" time="0.451" /><testcase classname="tests.test_broker_status_classifier" name="test_classify_status_string_only[FILLED-filled]" time="0.000" /><testcase classname="tests.test_broker_status_classifier" name="test_classify_status_string_only[filled-filled]" time="0.000" /><testcase classname="tests.test_broker_status_classifier" name="test_classify_status_string_only[  FILLED  -filled]" time="0.000" /><testcase classname="tests.test_broker_status_classifier" name="test_classify_status_string_only[CLOSED-filled]" time="0.000" /><testcase classname="tests.test_broker_status_classifier" name="test_classify_status_string_only[COMPLETE-filled]" time="0.000" /><testcase classname="tests.test_broker_status_classifier" name="test_classify_status_string_only[COMPLETED-filled]" time="0.000" /><testcase classname="tests.test_broker_status_classifier" name="test_classify_status_string_only[EXECUTED-filled]" time="0.000" /><testcase classname="tests.test_broker_status_classifier" name="test_classify_status_string_only[PARTIALLY_FILLED-partially_filled]" time="0.000" /><testcase classname="tests.test_broker_status_classifier" name="test_classify_status_string_only[PARTIAL_FILL-partially_filled]" time="0.000" /><testcase classname="tests.test_broker_status_classifier" name="test_classify_status_string_only[PARTIAL-partially_filled]" time="0.000" /><testcase classname="tests.test_broker_status_classifier" name="test_classify_status_string_only[CANCELED-canceled]" time="0.000" /><testcase classname="tests.test_broker_status_classifier" name="test_classify_status_string_only[CANCELLED-canceled]" time="0.000" /><testcase classname="tests.test_broker_status_classifier" name="test_classify_status_string_only[REJECTED-canceled]" time="0.000" /><testcase classname="tests.test_broker_status_classifier" name="test_classify_status_string_only[EXPIRED-canceled]" time="0.000" /><testcase classname="tests.test_broker_status_classifier" name="test_classify_status_string_only[FAILED-canceled]" time="0.000" /><testcase classname="tests.test_broker_status_classifier" name="test_classify_status_string_only[WORKING-working]" time="0.000" /><testcase classname="tests.test_broker_status_classifier" name="test_classify_status_string_only[OPEN-working]" time="0.000" /><testcase classname="tests.test_broker_status_classifier" name="test_classify_status_string_only[NEW-working]" time="0.000" /><testcase classname="tests.test_broker_status_classifier" name="test_classify_status_string_only[ACCEPTED-working]" time="0.000" /><testcase classname="tests.test_broker_status_classifier" name="test_classify_status_string_only[PENDING-working]" time="0.000" /><testcase classname="tests.test_broker_status_classifier" name="test_classify_status_string_only[PENDING_NEW-working]" time="0.000" /><testcase classname="tests.test_broker_status_classifier" name="test_classify_status_string_only[SUBMITTED-working]" time="0.000" /><testcase classname="tests.test_broker_status_classifier" name="test_classify_status_string_only[ACTIVE-working]" time="0.000" /><testcase classname="tests.test_broker_status_classifier" name="test_classify_status_string_only[QUEUED-working]" time="0.000" /><testcase classname="tests.test_broker_status_classifier" name="test_classify_status_string_only[-unknown]" time="0.000" /><testcase classname="tests.test_broker_status_classifier" name="test_classify_status_string_only[None-unknown]" time="0.000" /><testcase classname="tests.test_broker_status_classifier" name="test_classify_status_string_only[MARGIN_REQUIRED-unknown]" time="0.000" /><testcase classname="tests.test_broker_status_classifier" name="test_classify_status_string_only[foobar-unknown]" time="0.000" /><testcase classname="tests.test_broker_status_classifier" name="test_filled_with_partial_qty_downgrades_to_partial" time="0.000" /><testcase classname="tests.test_broker_status_classifier" name="test_filled_with_full_qty_stays_filled" time="0.001" /><testcase classname="tests.test_broker_status_classifier" name="test_empty_status_with_partial_qty_is_partial" time="0.000" /><testcase classname="tests.test_broker_status_classifier" name="test_empty_status_with_full_qty_is_filled" time="0.000" /><testcase classname="tests.test_broker_status_classifier" name="test_empty_status_with_some_fill_no_total_is_partial" time="0.000" /><testcase classname="tests.test_broker_status_classifier" name="test_empty_status_zero_fill_is_unknown" time="0.000" /><testcase classname="tests.test_broker_status_classifier" name="test_empty_bucket_counts_shape" time="0.000" /><testcase classname="tests.test_broker_status_classifier" name="test_invalid_filled_qty_doesnt_crash" time="0.001" /></testsuite></testsuites>