<?xml version="1.0" encoding="utf-8"?><testsuites name="pytest tests"><testsuite name="pytest" errors="0" failures="0" skipped="0" tests="58" time="1.359" timestamp="2026-07-02T00:21:26.330014+00:00" hostname="agent-env-b177ffdc-73ff-45fb-9ba4-f1e63e5e4274"><testcase classname="tests.test_trader_feed_guard" name="test_ok_row_passes" time="0.054" /><testcase classname="tests.test_trader_feed_guard" name="test_missing_quote_falls_open" time="0.010" /><testcase classname="tests.test_trader_feed_guard" name="test_rejects_stale_quote" time="0.010" /><testcase classname="tests.test_trader_feed_guard" name="test_rejects_absurd_spread" time="0.010" /><testcase classname="tests.test_trader_feed_guard" name="test_rejects_spread_anomaly_vs_history" time="0.032" /><testcase classname="tests.test_trader_feed_guard" name="test_rejects_price_jump" time="0.024" /><testcase classname="tests.test_trader_feed_guard" name="test_rejects_dual_source_divergence" time="0.012" /><testcase classname="tests.test_trader_dissent_accuracy" name="test_dissent_counts_disagreements_correctly" time="0.259" /><testcase classname="tests.test_trader_dissent_accuracy" name="test_dissent_tracks_who_you_dissent_against" time="0.017" /><testcase classname="tests.test_trader_dissent_accuracy" name="test_brain_accuracy_reports_fires_and_fills" time="0.019" /><testcase classname="tests.test_trader_dissent_accuracy" name="test_brain_accuracy_ignores_holds_and_no_signal_cycles" time="0.014" /><testcase classname="tests.test_trader_receipt_quote" name="test_receipt_carries_quote_provenance" time="0.013" /><testcase classname="tests.test_trader_receipt_quote" name="test_receipt_defaults_quote_block_when_omitted" time="0.015" /><testcase classname="tests.test_trader_spread" name="test_parse_kraken_computes_spread_bps" time="0.011" /><testcase classname="tests.test_trader_spread" name="test_parse_kraken_rejects_negative_or_crossed_book" time="0.009" /><testcase classname="tests.test_trader_spread" name="test_fetch_kraken_success" time="0.011" /><testcase classname="tests.test_trader_spread" name="test_fetch_kraken_api_error_returns_none" time="0.012" /><testcase classname="tests.test_trader_spread" name="test_webull_sign_matches_official_sdk_formula" time="0.000" /><testcase classname="tests.test_trader_spread" name="test_webull_sign_incorporates_query_and_body" time="0.000" /><testcase classname="tests.test_trader_spread" name="test_parse_webull_extracts_bid_ask_from_snapshot_array" time="0.012" /><testcase classname="tests.test_trader_spread" name="test_parse_webull_tolerates_legacy_wrapped_shape" time="0.010" /><testcase classname="tests.test_trader_spread" name="test_fetch_webull_sends_correct_headers" time="0.011" /><testcase classname="tests.test_trader_spread" name="test_fetch_webull_missing_creds_returns_none" time="0.010" /><testcase classname="tests.test_trader_spread" name="test_fetch_webull_missing_access_token_returns_none" time="0.011" /><testcase classname="tests.test_trader_spread" name="test_fetch_webull_returns_none_on_403" time="0.010" /><testcase classname="tests.test_trader_spread" name="test_webull_category_defaults_to_us_stock" time="0.000" /><testcase classname="tests.test_trader_spread" name="test_webull_category_flags_etfs_from_env" time="0.000" /><testcase classname="tests.test_trader_spread" name="test_poll_kraken_once_records_and_caches" time="0.012" /><testcase classname="tests.test_trader_spread" name="test_poll_webull_once_records_and_caches" time="0.013" /><testcase classname="tests.test_trader_spread" name="test_check_spread_ok_gate_disabled_returns_true" time="0.010" /><testcase classname="tests.test_trader_spread" name="test_check_spread_ok_blocks_wide_spread_when_gate_on" time="0.010" /><testcase classname="tests.test_trader_spread" name="test_check_spread_ok_fails_open_on_stale" time="0.010" /><testcase classname="tests.test_trader_spread" name="test_check_spread_ok_equity_uses_equity_cap" time="0.010" /><testcase classname="tests.test_trader_spread" name="test_risk_check_blocks_crypto_on_wide_spread" time="0.011" /><testcase classname="tests.test_trader_spread_stream" name="test_on_quote_message_ignores_unrelated_topics" time="0.010" /><testcase classname="tests.test_trader_spread_stream" name="test_on_quote_message_updates_cache_and_store" time="0.011" /><testcase classname="tests.test_trader_spread_stream" name="test_on_quote_message_accepts_dict_shape" time="0.012" /><testcase classname="tests.test_trader_spread_stream" name="test_on_quote_message_rejects_crossed_book" time="0.010" /><testcase classname="tests.test_trader_spread_stream" name="test_on_quote_message_ignores_empty_book" time="0.043" /><testcase classname="tests.test_trader_spread_stream" name="test_start_is_noop_when_disabled" time="0.016" /><testcase classname="tests.test_trader_spread_stream" name="test_start_needs_credentials" time="0.014" /><testcase classname="tests.test_trader_store" name="test_record_execution_writes_jsonl_and_sqlite" time="0.012" /><testcase classname="tests.test_trader_store" name="test_already_executed_reflects_ok_rows" time="0.012" /><testcase classname="tests.test_trader_store" name="test_daily_spent_usd_sums_today_only" time="0.015" /><testcase classname="tests.test_trader_store" name="test_record_receipt_persists_and_reads_back" time="0.014" /><testcase classname="tests.test_trader_store" name="test_seat_cache_upsert_and_read" time="0.010" /><testcase classname="tests.test_trader_store" name="test_flag_cache_roundtrip" time="0.009" /><testcase classname="tests.test_trader_store" name="test_counts_reports_totals_and_pending" time="0.012" /><testcase classname="tests.test_trader_store" name="test_hot_path_does_not_depend_on_mongo" time="0.165" /><testcase classname="tests.test_trader_store" name="test_prune_removes_old_synced_rows" time="0.025" /><testcase classname="tests.test_trader_store" name="test_prune_force_deletes_unmirrored" time="0.018" /><testcase classname="tests.test_trader_store" name="test_prune_rejects_bad_days" time="0.010" /><testcase classname="tests.test_webull_auth" name="test_get_token_returns_none_when_missing" time="0.011" /><testcase classname="tests.test_webull_auth" name="test_create_token_persists_and_sanitizes" time="0.011" /><testcase classname="tests.test_webull_auth" name="test_create_token_raises_on_401" time="0.010" /><testcase classname="tests.test_webull_auth" name="test_get_token_ignores_local_expiry" time="0.010" /><testcase classname="tests.test_webull_auth" name="test_get_token_returns_value_when_valid" time="0.010" /><testcase classname="tests.test_webull_auth" name="test_spread_creds_prefers_persisted_token" time="0.011" /></testsuite></testsuites>