<?xml version="1.0" encoding="utf-8"?><testsuites name="pytest tests"><testsuite name="pytest" errors="0" failures="0" skipped="0" tests="37" time="1.461" timestamp="2026-08-11T04:52:39.842706+00:00" hostname="agent-env-b177ffdc-73ff-45fb-9ba4-f1e63e5e4274"><testcase classname="tests.test_mc_directive_capture_move" name="test_receipt_carries_execution_friction_and_spread" time="0.118" /><testcase classname="tests.test_mc_directive_capture_move" name="test_broker_router_ladder_dispatch_wiring" time="0.044" /><testcase classname="tests.test_mc_directive_capture_move" name="test_funnel_endpoint_exposes_ladder_observability" time="0.396" /><testcase classname="tests.test_mc_directive_capture_move" name="test_funnel_increments_on_synthetic_ladder_event" time="0.474" /><testcase classname="tests.test_mc_directive_capture_move" name="test_backend_modules_import_cleanly" time="0.176" /><testcase classname="tests.test_execution_ladder" name="test_fills_at_first_maker_stage" time="0.011" /><testcase classname="tests.test_execution_ladder" name="test_escalates_to_adaptive_then_aggressive_capped" time="0.041" /><testcase classname="tests.test_execution_ladder" name="test_exhausted_ladder_raises_qualified_but_unexecuted" time="0.042" /><testcase classname="tests.test_execution_ladder" name="test_price_ran_away_abandons_before_aggressive" time="0.031" /><testcase classname="tests.test_execution_ladder" name="test_post_only_reject_climbs_to_next_rung" time="0.011" /><testcase classname="tests.test_execution_ladder" name="test_atr_stop_scales_and_clamps" time="0.001" /><testcase classname="tests.test_execution_ladder" name="test_atr_stop_clamped_to_floor_and_ceiling" time="0.000" /><testcase classname="tests.test_execution_ladder" name="test_no_atr_falls_back_to_exit_policy" time="0.001" /><testcase classname="tests.test_execution_ladder" name="test_router_wiring" time="0.000" /><testcase classname="tests.test_buy_eligibility" name="test_static_mode_defers_to_legacy_allowlist" time="0.001" /><testcase classname="tests.test_buy_eligibility" name="test_hybrid_pin_allowed_with_per_trade_cap" time="0.000" /><testcase classname="tests.test_buy_eligibility" name="test_cap_knob_adjustable_reflects_on_pins" time="0.000" /><testcase classname="tests.test_buy_eligibility" name="test_denylist_blocks_even_liquid_symbols" time="0.000" /><testcase classname="tests.test_buy_eligibility" name="test_rules_admit_icnt_class_with_notional_cap" time="0.000" /><testcase classname="tests.test_buy_eligibility" name="test_pct_of_volume_cap_binds_on_thin_symbols" time="0.000" /><testcase classname="tests.test_buy_eligibility" name="test_volume_floor_and_spread_cap_reject" time="0.000" /><testcase classname="tests.test_buy_eligibility" name="test_dynamic_fails_closed_on_missing_quote" time="0.000" /><testcase classname="tests.test_buy_eligibility" name="test_sizer_wiring" time="0.000" /><testcase classname="tests.test_risk_sizer" name="test_valid_brain_stop_wins" time="0.000" /><testcase classname="tests.test_risk_sizer" name="test_too_tight_brain_stop_falls_back_to_policy" time="0.000" /><testcase classname="tests.test_risk_sizer" name="test_wrong_side_brain_stop_falls_back" time="0.000" /><testcase classname="tests.test_risk_sizer" name="test_operator_example_2pct_stop_1125" time="0.000" /><testcase classname="tests.test_risk_sizer" name="test_policy_fallback_3pct_stop_750" time="0.000" /><testcase classname="tests.test_risk_sizer" name="test_governor_half_is_reduce_only" time="0.000" /><testcase classname="tests.test_risk_sizer" name="test_portfolio_risk_capacity_caps_size" time="0.000" /><testcase classname="tests.test_risk_sizer" name="test_pending_reservations_prevent_double_sizing" time="0.000" /><testcase classname="tests.test_risk_sizer" name="test_balance_fail_closed" time="0.000" /><testcase classname="tests.test_risk_sizer" name="test_key_invariant_projected_loss_within_budget" time="0.001" /><testcase classname="tests.test_risk_sizer" name="test_edge_gate_rejects_when_costs_exceed_edge" time="0.000" /><testcase classname="tests.test_risk_sizer" name="test_receipt_carries_plan_id_and_projected_loss" time="0.000" /><testcase classname="tests.test_risk_sizer" name="test_selection_renormalized_below_sample" time="0.003" /><testcase classname="tests.test_risk_sizer" name="test_selection_hard_gate_at_sample" time="0.001" /></testsuite></testsuites>