<?xml version="1.0" encoding="utf-8"?><testsuites name="pytest tests"><testsuite name="pytest" errors="0" failures="0" skipped="0" tests="13" time="1.405" timestamp="2026-07-09T09:34:52.490203+00:00" hostname="agent-env-b177ffdc-73ff-45fb-9ba4-f1e63e5e4274"><testcase classname="tests.test_brain_runtime_status_live" name="test_status_requires_auth_no_token" time="0.248" /><testcase classname="tests.test_brain_runtime_status_live" name="test_status_rejects_bad_token" time="0.039" /><testcase classname="tests.test_brain_runtime_status_live" name="test_status_ok_true_and_fast[camino]" time="0.312" /><testcase classname="tests.test_brain_runtime_status_live" name="test_status_ok_true_and_fast[barracuda]" time="0.052" /><testcase classname="tests.test_brain_runtime_status_live" name="test_status_ok_true_and_fast[hellcat]" time="0.048" /><testcase classname="tests.test_brain_runtime_status_live" name="test_status_ok_true_and_fast[gto]" time="0.045" /><testcase classname="tests.test_brain_runtime_status_live" name="test_status_payload_shape[camino]" time="0.061" /><testcase classname="tests.test_brain_runtime_status_live" name="test_status_payload_shape[barracuda]" time="0.045" /><testcase classname="tests.test_brain_runtime_status_live" name="test_status_payload_shape[hellcat]" time="0.052" /><testcase classname="tests.test_brain_runtime_status_live" name="test_status_payload_shape[gto]" time="0.043" /><testcase classname="tests.test_brain_runtime_status_live" name="test_status_unknown_brain_is_404" time="0.081" /><testcase classname="tests.test_brain_runtime_status_live" name="test_silent_brain_returns_latest_ts_none" time="0.292" /><testcase classname="tests.test_brain_runtime_status_live" name="test_composite_index_exists_on_shared_intents" time="0.002" /></testsuite></testsuites>