<?xml version="1.0" encoding="utf-8"?><testsuites name="pytest tests"><testsuite name="pytest" errors="0" failures="0" skipped="2" tests="243" time="9.955" timestamp="2026-07-26T17:36:34.638088+00:00" hostname="agent-env-b177ffdc-73ff-45fb-9ba4-f1e63e5e4274"><testcase classname="tests.test_auto_router_helpers.TestResolveNotional" name="test_brain_legacy_sized_wins" time="0.001" /><testcase classname="tests.test_auto_router_helpers.TestResolveNotional" name="test_brain_v3_sized_wins" time="0.000" /><testcase classname="tests.test_auto_router_helpers.TestResolveNotional" name="test_micro_probe_when_directional_and_doctrine_failed" time="0.000" /><testcase classname="tests.test_auto_router_helpers.TestResolveNotional" name="test_micro_default_when_directional_and_doctrine_clean" time="0.000" /><testcase classname="tests.test_auto_router_helpers.TestResolveNotional" name="test_env_default_when_non_directional" time="0.000" /><testcase classname="tests.test_auto_router_helpers.TestResolveNotional" name="test_brain_v3_wins_over_micro_default" time="0.000" /><testcase classname="tests.test_auto_router_helpers.TestResolveNotional" name="test_zero_size_is_treated_as_missing" time="0.000" /><testcase classname="tests.test_auto_router_helpers.TestResolveNotional" name="test_doctrine_packet_malformed_fails_safe_to_micro_default" time="0.000" /><testcase classname="tests.test_auto_router_helpers.TestRouteContext" name="test_route_context_default_construction" time="0.000" /><testcase classname="tests.test_auto_router_helpers.TestRouteContext" name="test_route_context_reason_trail_is_instance_local" time="0.000" /><testcase classname="tests.test_auto_router_master_switch_preflight" name="test_master_switch_defaults_to_disarmed_when_no_doc" time="0.005" /><testcase classname="tests.test_auto_router_master_switch_preflight" name="test_master_switch_returns_true_when_armed" time="0.001" /><testcase classname="tests.test_auto_router_master_switch_preflight" name="test_master_switch_fails_closed_on_read_error" time="0.503" /><testcase classname="tests.test_auto_router_master_switch_preflight" name="test_master_switch_grace_window_uses_last_known" time="1.004" /><testcase classname="tests.test_auto_router_master_switch_preflight" name="test_arm_cache_hits_within_ttl" time="0.001" /><testcase classname="tests.test_auto_router_master_switch_preflight" name="test_invalidate_arm_cache_forces_fresh_read" time="0.001" /><testcase classname="tests.test_auto_router_master_switch_preflight" name="test_route_one_short_circuits_when_disarmed" time="0.003" /><testcase classname="tests.test_auto_router_master_switch_preflight" name="test_route_one_proceeds_when_armed" time="0.064" /><testcase classname="tests.test_auto_router_master_switch_preflight" name="test_tick_returns_empty_when_disarmed" time="0.002" /><testcase classname="tests.test_auto_router_master_switch_preflight" name="test_tick_still_runs_reconcile_sweep_when_disarmed" time="0.001" /><testcase classname="tests.test_brain_outages" name="test_brain_outages_router_is_wired" time="0.000" /><testcase classname="tests.test_brain_runtime" name="test_universe_endpoint_uses_dual_auth" time="0.002" /><testcase classname="tests.test_brain_runtime" name="test_universe_endpoint_pins_brain_auth_to_path" time="0.001" /><testcase classname="tests.test_broker_router_mc_receipt" name="test_enforcement_flag_default_on" time="0.002" /><testcase classname="tests.test_broker_router_mc_receipt" name="test_enforcement_flag_explicit_false" time="0.001" /><testcase classname="tests.test_broker_router_mc_receipt" name="test_enforcement_flag_truthy_variants" time="0.001" /><testcase classname="tests.test_broker_router_mc_receipt" name="test_mint_helper_synthesizes_stamp_when_intent_lacks_runtime" time="0.001" /><testcase classname="tests.test_broker_router_mc_receipt" name="test_mint_helper_uses_sidecar_runtime_when_present" time="0.001" /><testcase classname="tests.test_broker_router_mc_receipt" name="test_mint_helper_rejects_sidecar_with_local_authority" time="0.001" /><testcase classname="tests.test_broker_router_mc_receipt" name="test_route_order_attaches_receipt_metadata_rollout_mode" time="0.439" /><testcase classname="tests.test_broker_router_mc_receipt" name="test_route_order_enforces_when_flag_on_and_receipt_invalid" time="0.007" /><testcase classname="tests.test_broker_router_mc_receipt" name="test_route_order_enforces_and_passes_with_valid_receipt" time="0.006" /><testcase classname="tests.test_broker_router_mc_receipt" name="test_route_order_blocks_lying_sidecar_under_enforcement" time="0.006" /><testcase classname="tests.test_broker_router_webull_override" name="test_webull_is_registered_in_loaders" time="0.000" /><testcase classname="tests.test_broker_router_webull_override" name="test_webull_is_an_override_broker" time="0.000" /><testcase classname="tests.test_broker_router_webull_override" name="test_webull_override_blocked_by_cap_when_disarmed" time="0.001" /><testcase classname="tests.test_broker_router_webull_override" name="test_webull_override_blocked_above_cap" time="0.001" /><testcase classname="tests.test_broker_router_webull_override" name="test_webull_override_blocked_below_floor" time="0.001" /><testcase classname="tests.test_broker_router_webull_override" name="test_unknown_override_falls_back_to_lane_default" time="0.001" /><testcase classname="tests.test_broker_router_webull_override" name="test_crypto_intent_can_override_to_webull" time="0.001" /><testcase classname="tests.test_broker_router_webull_override" name="test_no_override_uses_lane_default" time="0.001" /><testcase classname="tests.test_crypto_doctrine_sidecar" name="test_router_sends_crypto_to_crypto_packet" time="0.000" /><testcase classname="tests.test_crypto_doctrine_sidecar" name="test_router_sends_equity_to_equity_packet" time="0.000" /><testcase classname="tests.test_crypto_doctrine_sidecar" name="test_router_sends_small_cap_strategy_to_small_account_sidecar" time="0.000" /><testcase classname="tests.test_crypto_doctrine_sidecar" name="test_router_rejects_unknown_lane" time="0.000" /><testcase classname="tests.test_crypto_doctrine_sidecar" name="test_router_rejects_missing_lane" time="0.000" /><testcase classname="tests.test_daily_market_snapshots" name="test_sp500_universe_has_500_plus_symbols" time="0.000" /><testcase classname="tests.test_data_stack_phase1" name="test_finnhub_poll_once_no_universe_returns_zero" time="0.003" /><testcase classname="tests.test_data_stack_phase1" name="test_universe_crud_endpoint_round_trip" time="0.606" /><testcase classname="tests.test_doctrine_advisory_kill_switch" name="test_flag_off_returns_stub_without_touching_router" time="0.001" /><testcase classname="tests.test_doctrine_integrity" name="test_risk_flags_read_match_function_source" time="0.007" /><testcase classname="tests.test_doctrine_no_data_short_circuit.TestNoDataShortCircuit" name="test_governor_display_is_no_data_not_risk_down" time="0.000" /><testcase classname="tests.test_doctrine_no_data_short_circuit.TestUnavailableFieldsAreInformational" name="test_has_news_unavailable_does_not_add_no_news_risk" time="0.000" /><testcase classname="tests.test_fractional_sizing_2026_02_20" name="test_lane_router_defaults_equity_to_large_cap" time="0.000" /><testcase classname="tests.test_fractional_sizing_2026_02_20" name="test_lane_router_routes_explicit_small_cap_strategy" time="0.000" /><testcase classname="tests.test_fractional_sizing_2026_02_20" name="test_lane_router_routes_explicit_small_cap_band" time="0.000" /><testcase classname="tests.test_hot_brain_router_2026_02_21" name="test_hot_brain_classified_hot" time="0.000" /><testcase classname="tests.test_hot_brain_router_2026_02_21" name="test_cold_brain_classified_cold" time="0.000" /><testcase classname="tests.test_hot_brain_router_2026_02_21" name="test_neutral_brain_classified_neutral" time="0.000" /><testcase classname="tests.test_hot_brain_router_2026_02_21" name="test_unknown_brain_classified_unknown" time="0.000" /><testcase classname="tests.test_hot_brain_router_2026_02_21" name="test_trades_below_threshold_is_unknown" time="0.000" /><testcase classname="tests.test_hot_brain_router_2026_02_21" name="test_hot_brain_elevates_when_governor_no_vote" time="0.000" /><testcase classname="tests.test_hot_brain_router_2026_02_21" name="test_hot_brain_passes_when_governor_requires_vote" time="0.000" /><testcase classname="tests.test_hot_brain_router_2026_02_21" name="test_hot_brain_reduced_by_portfolio_heat" time="0.000" /><testcase classname="tests.test_hot_brain_router_2026_02_21" name="test_neutral_brain_passes_through" time="0.000" /><testcase classname="tests.test_hot_brain_router_2026_02_21" name="test_cold_brain_blocks_when_no_lane_symbol_edge" time="0.000" /><testcase classname="tests.test_hot_brain_router_2026_02_21" name="test_cold_brain_reduces_when_lane_symbol_favorable" time="0.000" /><testcase classname="tests.test_hot_brain_router_2026_02_21" name="test_unknown_brain_reduces_not_blocks" time="0.000" /><testcase classname="tests.test_hot_brain_router_2026_02_21" name="test_unknown_brain_with_roadguard_blocked" time="0.000" /><testcase classname="tests.test_hot_brain_router_2026_02_21" name="test_roadguard_blocked_overrides_hot" time="0.000" /><testcase classname="tests.test_hot_brain_router_2026_02_21" name="test_locked_seat_blocks_regardless_of_hot_score" time="0.000" /><testcase classname="tests.test_hot_brain_router_2026_02_21" name="test_locked_seat_blocks_unknown" time="0.000" /><testcase classname="tests.test_hot_brain_router_2026_02_21" name="test_time_decay_reduces_old_scores" time="0.000" /><testcase classname="tests.test_hot_brain_router_2026_02_21" name="test_streak_asymmetry_losses_weight_heavier" time="0.000" /><testcase classname="tests.test_hot_brain_router_2026_02_21" name="test_lane_edge_boosts_score" time="0.000" /><testcase classname="tests.test_hot_brain_router_2026_02_21" name="test_final_size_multiplier_formula" time="0.000" /><testcase classname="tests.test_hot_brain_router_2026_02_21" name="test_final_size_clamped_at_zero" time="0.000" /><testcase classname="tests.test_hot_brain_router_2026_02_21" name="test_final_size_clamped_at_two" time="0.000" /><testcase classname="tests.test_hot_brain_router_2026_02_21" name="test_regime_low_vol_when_atr_below_threshold" time="0.000" /><testcase classname="tests.test_hot_brain_router_2026_02_21" name="test_regime_high_vol_when_atr_above_threshold" time="0.000" /><testcase classname="tests.test_hot_brain_router_2026_02_21" name="test_regime_trend_up_when_adx_high_and_higher_high" time="0.000" /><testcase classname="tests.test_hot_brain_router_2026_02_21" name="test_regime_chop_when_adx_low" time="0.000" /><testcase classname="tests.test_hot_brain_router_2026_02_21" name="test_regime_squeeze_when_bb_compressed" time="0.000" /><testcase classname="tests.test_hot_brain_router_2026_02_21" name="test_regime_breakout_when_volume_and_range_spike" time="0.000" /><testcase classname="tests.test_hot_brain_router_2026_02_21" name="test_regime_news_driven_off_hours_gap" time="0.000" /><testcase classname="tests.test_hot_brain_router_2026_02_21" name="test_regime_default_normal_when_nothing_stands_out" time="0.000" /><testcase classname="tests.test_hot_brain_router_2026_02_21" name="test_regime_helpers" time="0.000" /><testcase classname="tests.test_hot_brain_router_2026_02_21" name="test_perf_store_returns_unknown_when_no_trades" time="0.003" /><testcase classname="tests.test_hot_brain_router_2026_02_21" name="test_perf_store_aggregates_wins_and_losses" time="0.006" /><testcase classname="tests.test_hot_brain_router_2026_02_21" name="test_perf_store_respects_lane_filter" time="0.005" /><testcase classname="tests.test_hot_brain_router_2026_02_21" name="test_perf_store_lookback_cap" time="0.009" /><testcase classname="tests.test_hot_brain_router_dry_run_2026_06_22" name="test_dry_run_response_shape_and_buckets" time="0.001" /><testcase classname="tests.test_hot_brain_router_dry_run_2026_06_22" name="test_dry_run_examples_spread_across_buckets" time="0.001" /><testcase classname="tests.test_hot_brain_router_dry_run_2026_06_22" name="test_dry_run_validates_days_range" time="0.002" /><testcase classname="tests.test_hot_brain_router_dry_run_2026_06_22" name="test_dry_run_is_read_only" time="0.001" /><testcase classname="tests.test_hotpath_live_api" name="test_risk_budget_status" time="0.439" /><testcase classname="tests.test_hotpath_live_api" name="test_risk_budget_cap_set_and_revert" time="0.539" /><testcase classname="tests.test_hotpath_live_api" name="test_risk_budget_reset" time="0.270" /><testcase classname="tests.test_hotpath_live_api" name="test_auto_router_status" time="0.116" /><testcase classname="tests.test_intent_clearance_funnel" name="test_risk_sized_requires_positive_multiplier" time="0.000" /><testcase classname="tests.test_intent_envelope_v3_schema.TestPlanBlockEnumCoverage" name="test_every_portfolio_posture_accepted[RISK_ON]" time="0.000" /><testcase classname="tests.test_intent_envelope_v3_schema.TestPlanBlockEnumCoverage" name="test_every_portfolio_posture_accepted[RISK_OFF]" time="0.000" /><testcase classname="tests.test_intent_queue" name="test_risk_check_concurrency_uses_local_queue" time="0.025" /><testcase classname="tests.test_iter28_auto_router_killmap" name="test_admin_login_returns_token" time="0.325" /><testcase classname="tests.test_iter28_auto_router_killmap" name="test_auto_router_status_shape" time="0.103" /><testcase classname="tests.test_iter28_auto_router_killmap" name="test_auto_router_force_tick" time="0.112" /><testcase classname="tests.test_iter28_auto_router_killmap" name="test_kill_map_24h" time="0.113" /><testcase classname="tests.test_iter28_auto_router_killmap" name="test_kill_map_168h" time="0.128" /><testcase classname="tests.test_iter28_auto_router_killmap" name="test_nuke_test_data_gone" time="0.108" /><testcase classname="tests.test_iter28_auto_router_killmap" name="test_emergency_purge_gone[get]" time="0.097" /><testcase classname="tests.test_iter28_auto_router_killmap" name="test_emergency_purge_gone[post]" time="0.107" /><testcase classname="tests.test_iter29_soft_degradation_phase2" name="test_arbiter_size_multiplier_reduces_notional_before_risk_check" time="0.014" /><testcase classname="tests.test_iter29_soft_degradation_phase2" name="test_live_auto_router_status_task_alive" time="0.000"><skipped type="pytest.skip" message="REACT_APP_BACKEND_URL not set">/app/backend/tests/test_iter29_soft_degradation_phase2.py:459: REACT_APP_BACKEND_URL not set</skipped></testcase><testcase classname="tests.test_iter29_soft_degradation_phase2" name="test_live_auto_router_force_tick_ok" time="0.000"><skipped type="pytest.skip" message="REACT_APP_BACKEND_URL not set">/app/backend/tests/test_iter29_soft_degradation_phase2.py:473: REACT_APP_BACKEND_URL not set</skipped></testcase><testcase classname="tests.test_large_cap_doctrine" name="test_router_dispatches_to_large_cap_when_strategy_flag" time="0.000" /><testcase classname="tests.test_large_cap_doctrine" name="test_router_dispatches_to_large_cap_when_market_cap_band_large" time="0.000" /><testcase classname="tests.test_large_cap_doctrine" name="test_router_dispatches_to_large_cap_when_market_cap_band_mega" time="0.000" /><testcase classname="tests.test_large_cap_doctrine" name="test_router_falls_back_to_small_account_when_explicit_small_cap_band" time="0.000" /><testcase classname="tests.test_large_cap_doctrine" name="test_router_returns_no_data_when_no_classification_hints" time="0.000" /><testcase classname="tests.test_live_execution_path" name="test_governor_multiplier_reduces_notional_before_risk_check" time="0.010" /><testcase classname="tests.test_live_execution_path" name="test_risk_block_stamps_intent_and_skips_broker" time="0.004" /><testcase classname="tests.test_live_execution_path" name="test_equity_risk_downsize_ships_clipped_notional_not_raw" time="0.007" /><testcase classname="tests.test_patterns_universe_fake_symbol_guard" name="test_guard_matches_demo_prefix" time="0.000" /><testcase classname="tests.test_patterns_universe_fake_symbol_guard" name="test_guard_matches_test_mock_fake_prefixes" time="0.000" /><testcase classname="tests.test_patterns_universe_fake_symbol_guard" name="test_guard_does_not_match_real_symbols" time="0.000" /><testcase classname="tests.test_patterns_universe_fake_symbol_guard" name="test_guard_handles_non_str_input" time="0.000" /><testcase classname="tests.test_patterns_universe_fake_symbol_guard" name="test_guard_strips_whitespace_before_matching" time="0.000" /><testcase classname="tests.test_patterns_universe_fake_symbol_guard" name="test_filter_drops_polluted_rows_only" time="0.000" /><testcase classname="tests.test_patterns_universe_fake_symbol_guard" name="test_filter_handles_missing_symbol_field" time="0.000" /><testcase classname="tests.test_patterns_universe_integrity" name="test_active_equity_universe_is_exactly_twenty" time="0.001" /><testcase classname="tests.test_patterns_universe_integrity" name="test_active_crypto_universe_is_exactly_twenty" time="0.001" /><testcase classname="tests.test_patterns_universe_integrity" name="test_known_junk_never_active" time="0.001" /><testcase classname="tests.test_patterns_universe_integrity" name="test_every_active_row_has_lane_field" time="0.001" /><testcase classname="tests.test_policy_snapshot" name="test_risk_check_gates_read_snapshot" time="0.020" /><testcase classname="tests.test_public_api.TestHeatmapAndSectors" name="test_sectors_universe_present" time="0.112" /><testcase classname="tests.test_replay_aapl_2026_06_09" name="test_classify_full_cover_in_volatile_regime_lifts_to_risk_off" time="0.000" /><testcase classname="tests.test_replay_aapl_2026_06_09" name="test_classify_high_conviction_add_long_in_calm_is_scale_in_risk_on" time="0.000" /><testcase classname="tests.test_risk_budget" name="test_cap_override_beats_env_and_reverts" time="0.016" /><testcase classname="tests.test_risk_budget" name="test_spend_counter_add_and_reset" time="0.015" /><testcase classname="tests.test_risk_budget" name="test_risk_check_unblocks_after_reset" time="0.019" /><testcase classname="tests.test_risk_budget" name="test_spend_counter_survives_restart" time="0.014" /><testcase classname="tests.test_risk_budget" name="test_atlas_reset_marker_reconciles_counter" time="0.020" /><testcase classname="tests.test_risk_engine_lanes" name="test_roadguard_forces_notional_to_zero" time="0.001" /><testcase classname="tests.test_risk_engine_lanes" name="test_equity_edge_gate" time="0.001" /><testcase classname="tests.test_risk_engine_lanes" name="test_equity_lane_sizes_from_canonical_stop" time="0.001" /><testcase classname="tests.test_risk_engine_lanes" name="test_equity_governor_reduces_risk_and_notional" time="0.000" /><testcase classname="tests.test_risk_engine_lanes" name="test_equity_open_plus_pending_capped_at_2pct" time="0.000" /><testcase classname="tests.test_risk_engine_lanes" name="test_missing_live_and_expired_cache_fail_closed" time="0.000" /><testcase classname="tests.test_risk_engine_lanes" name="test_release_pending_frees_reserved_capital" time="0.000" /><testcase classname="tests.test_risk_engine_lanes" name="test_canonical_stop_identity_with_exit_monitor" time="0.000" /><testcase classname="tests.test_risk_engine_lanes" name="test_options_lane_premium_sizing" time="0.000" /><testcase classname="tests.test_risk_engine_lanes" name="test_options_expensive_premium_rejected" time="0.000" /><testcase classname="tests.test_risk_engine_lanes" name="test_options_governor_reduces_contracts" time="0.000" /><testcase classname="tests.test_risk_engine_lanes" name="test_options_max_premium_cap_binds" time="0.000" /><testcase classname="tests.test_risk_engine_lanes" name="test_options_gate_dte_bounds" time="0.000" /><testcase classname="tests.test_risk_engine_lanes" name="test_options_gate_open_interest_spread_greeks" time="0.000" /><testcase classname="tests.test_risk_engine_lanes" name="test_lane_flags_all_enabled" time="0.000" /><testcase classname="tests.test_risk_guards" name="test_stop_loss_long_triggers_when_loss_exceeds_threshold" time="0.000" /><testcase classname="tests.test_risk_guards" name="test_stop_loss_long_holds_when_within_threshold" time="0.000" /><testcase classname="tests.test_risk_guards" name="test_stop_loss_short_triggers_when_price_rises_against" time="0.000" /><testcase classname="tests.test_risk_guards" name="test_stop_loss_short_holds_when_price_drops_in_favor" time="0.000" /><testcase classname="tests.test_risk_guards" name="test_stop_loss_threshold_magnitude_normalized" time="0.000" /><testcase classname="tests.test_risk_guards" name="test_trailing_stop_inactive_until_activation_threshold" time="0.000" /><testcase classname="tests.test_risk_guards" name="test_trailing_stop_long_close_after_peak_drawdown" time="0.000" /><testcase classname="tests.test_risk_guards" name="test_trailing_stop_long_holds_inside_trail_band" time="0.000" /><testcase classname="tests.test_risk_guards" name="test_trailing_stop_short_close_when_price_rises_from_trough" time="0.000" /><testcase classname="tests.test_risk_guards" name="test_trailing_stop_updates_peak_on_new_high" time="0.000" /><testcase classname="tests.test_risk_guards" name="test_max_hold_time_close_when_held_too_long" time="0.000" /><testcase classname="tests.test_risk_guards" name="test_max_hold_time_holds_when_fresh" time="0.000" /><testcase classname="tests.test_risk_guards" name="test_max_hold_time_handles_invalid_opened_at" time="0.000" /><testcase classname="tests.test_risk_guards" name="test_max_hold_time_supports_pinned_now_for_tests" time="0.000" /><testcase classname="tests.test_risk_guards" name="test_max_hold_time_z_suffix_iso_parses" time="0.000" /><testcase classname="tests.test_risk_monitor_and_policy" name="test_monitor_status" time="0.431" /><testcase classname="tests.test_risk_monitor_and_policy" name="test_monitor_run_once" time="0.047" /><testcase classname="tests.test_risk_monitor_and_policy" name="test_monitor_recent_evaluations" time="0.069" /><testcase classname="tests.test_risk_monitor_and_policy" name="test_stop_loss_long_triggers_close" time="0.051" /><testcase classname="tests.test_risk_monitor_and_policy" name="test_stop_loss_long_holds" time="0.053" /><testcase classname="tests.test_risk_monitor_and_policy" name="test_trailing_stop_inactive" time="0.052" /><testcase classname="tests.test_risk_monitor_and_policy" name="test_trailing_stop_triggers_close" time="0.051" /><testcase classname="tests.test_risk_monitor_and_policy" name="test_max_hold_time_close_old" time="0.050" /><testcase classname="tests.test_risk_monitor_and_policy" name="test_max_hold_time_holds_fresh" time="0.046" /><testcase classname="tests.test_risk_monitor_and_policy" name="test_intent_equity_creates" time="0.070" /><testcase classname="tests.test_risk_monitor_and_policy" name="test_intent_crypto_creates" time="0.063" /><testcase classname="tests.test_risk_monitor_and_policy" name="test_intent_crypto_lane_pin_rejects_equity" time="0.049" /><testcase classname="tests.test_risk_monitor_and_policy" name="test_brain_lane_policy_full_cycle" time="0.313" /><testcase classname="tests.test_risk_sizer" name="test_valid_brain_stop_wins" time="0.001" /><testcase classname="tests.test_risk_sizer" name="test_too_tight_brain_stop_falls_back_to_policy" time="0.000" /><testcase classname="tests.test_risk_sizer" name="test_wrong_side_brain_stop_falls_back" time="0.000" /><testcase classname="tests.test_risk_sizer" name="test_operator_example_2pct_stop_1125" time="0.000" /><testcase classname="tests.test_risk_sizer" name="test_policy_fallback_3pct_stop_750" time="0.000" /><testcase classname="tests.test_risk_sizer" name="test_governor_half_is_reduce_only" time="0.000" /><testcase classname="tests.test_risk_sizer" name="test_portfolio_risk_capacity_caps_size" time="0.000" /><testcase classname="tests.test_risk_sizer" name="test_pending_reservations_prevent_double_sizing" time="0.000" /><testcase classname="tests.test_risk_sizer" name="test_balance_fail_closed" time="0.000" /><testcase classname="tests.test_risk_sizer" name="test_key_invariant_projected_loss_within_budget" time="0.000" /><testcase classname="tests.test_risk_sizer" name="test_edge_gate_rejects_when_costs_exceed_edge" time="0.000" /><testcase classname="tests.test_risk_sizer" name="test_receipt_carries_plan_id_and_projected_loss" time="0.000" /><testcase classname="tests.test_risk_sizer" name="test_selection_renormalized_below_sample" time="0.000" /><testcase classname="tests.test_risk_sizer" name="test_selection_hard_gate_at_sample" time="0.000" /><testcase classname="tests.test_rth_scanner" name="test_universe_excludes_leveraged_by_default" time="0.002" /><testcase classname="tests.test_rth_scanner" name="test_universe_extra_and_exclude_knobs" time="0.001" /><testcase classname="tests.test_sizing_gate_and_kill_switch" name="test_auto_router_blocks_when_trading_disabled" time="0.004" /><testcase classname="tests.test_squeeze_detector_v2" name="test_risk_penalty_actually_subtracts" time="0.000" /><testcase classname="tests.test_strategy_doctrines" name="test_router_dispatches_to_gap_and_go_v1" time="0.000" /><testcase classname="tests.test_strategy_doctrines" name="test_router_dispatches_to_micro_pullback_v1" time="0.000" /><testcase classname="tests.test_strategy_doctrines" name="test_router_falls_back_to_small_account_when_strategy_absent" time="0.000" /><testcase classname="tests.test_strategy_doctrines" name="test_router_falls_back_on_unknown_strategy" time="0.000" /><testcase classname="tests.test_strategy_doctrines" name="test_router_returns_no_data_when_no_classification_hint" time="0.000" /><testcase classname="tests.test_trade_transition" name="test_risk_off_when_de_risking_in_volatile_regime" time="0.000" /><testcase classname="tests.test_trade_transition" name="test_risk_off_on_partial_cover_in_crisis" time="0.000" /><testcase classname="tests.test_trade_transition" name="test_risk_on_when_adding_in_calm_regime" time="0.000" /><testcase classname="tests.test_trade_transition" name="test_risk_on_when_opening_in_bullish_regime" time="0.000" /><testcase classname="tests.test_trade_transition" name="test_neutral_when_de_risking_in_calm_regime" time="0.000" /><testcase classname="tests.test_trade_transition" name="test_flip_in_stressed_regime_is_risk_off" time="0.000" /><testcase classname="tests.test_universe_classifier_and_registry" name="test_classify_crypto_lane" time="0.000" /><testcase classname="tests.test_universe_classifier_and_registry" name="test_classify_explicit_small_cap_band" time="0.000" /><testcase classname="tests.test_universe_classifier_and_registry" name="test_classify_small_cap_strategy_hint" time="0.001" /><testcase classname="tests.test_universe_classifier_and_registry" name="test_classify_explicit_large_cap_band" time="0.000" /><testcase classname="tests.test_universe_classifier_and_registry" name="test_classify_etf_roster_beats_lane_default" time="0.000" /><testcase classname="tests.test_universe_classifier_and_registry" name="test_classify_pinned_mega_cap_roster" time="0.000" /><testcase classname="tests.test_universe_classifier_and_registry" name="test_classify_equity_with_no_hints_is_unknown" time="0.000" /><testcase classname="tests.test_universe_classifier_and_registry" name="test_classify_missing_lane_is_unknown" time="0.000" /><testcase classname="tests.test_universe_classifier_and_registry" name="test_classify_non_dict_input" time="0.000" /><testcase classname="tests.test_universe_classifier_and_registry" name="test_classify_explicit_beats_pinned_roster" time="0.000" /><testcase classname="tests.test_universe_classifier_and_registry" name="test_registry_has_all_four_default_builders_wired" time="0.000" /><testcase classname="tests.test_universe_classifier_and_registry" name="test_registry_unknown_snapshot_returns_no_data_not_reject" time="0.000" /><testcase classname="tests.test_universe_classifier_and_registry" name="test_registry_dispatches_large_cap_for_pinned_symbol" time="0.000" /><testcase classname="tests.test_universe_classifier_and_registry" name="test_registry_dispatches_etf_via_large_cap_builder" time="0.000" /><testcase classname="tests.test_universe_classifier_and_registry" name="test_registry_crypto_snapshot_routes_to_crypto_doctrine" time="0.000" /><testcase classname="tests.test_universe_core_list" name="test_default_core_list_has_quality_names" time="0.000" /><testcase classname="tests.test_universe_core_list" name="test_core_candidates_respect_operator_override" time="0.000" /><testcase classname="tests.test_universe_core_list" name="test_core_rows_bypass_hysteresis_and_price_floor" time="0.000" /><testcase classname="tests.test_universe_core_list" name="test_quality_score_prefers_liquid_movers_over_thin_pumps" time="0.000" /><testcase classname="tests.test_universe_core_list" name="test_quality_score_price_band" time="0.000" /><testcase classname="tests.test_universe_core_list" name="test_dedupe_merges_core_flag_with_screener_row" time="0.000" /><testcase classname="tests.test_universe_quality_knobs" name="test_admit_cap_zero_is_pins_only" time="0.000" /><testcase classname="tests.test_universe_quality_knobs" name="test_admit_cap_limits_screener_rows_but_never_pins" time="0.000" /><testcase classname="tests.test_universe_quality_knobs" name="test_admit_cap_retain_window_scales" time="0.000" /><testcase classname="tests.test_universe_quality_knobs" name="test_admit_cap_none_preserves_default_behavior" time="0.000" /><testcase classname="tests.test_universe_quality_knobs" name="test_min_price_override_drops_penny_stocks" time="0.000" /><testcase classname="tests.test_universe_quality_knobs" name="test_min_price_override_exempts_pins" time="0.000" /><testcase classname="tests.test_universe_quality_knobs" name="test_min_price_override_none_uses_default_dollar_floor" time="0.000" /><testcase classname="tests.test_universe_quality_knobs" name="test_min_price_override_ignored_for_crypto" time="0.002" /></testsuite></testsuites>