<?xml version="1.0" encoding="utf-8"?><testsuites name="pytest tests"><testsuite name="pytest" errors="0" failures="0" skipped="0" tests="18" time="2.301" timestamp="2026-07-09T11:24:45.678294+00:00" hostname="agent-env-b177ffdc-73ff-45fb-9ba4-f1e63e5e4274"><testcase classname="tests.test_brain_runtime_metrics_cache" name="test_bump_on_emit_upserts_new_brain" time="0.080" /><testcase classname="tests.test_brain_runtime_metrics_cache" name="test_bump_on_emit_increments_lifetime_and_updates_latest" time="0.075" /><testcase classname="tests.test_brain_runtime_metrics_cache" name="test_bump_on_emit_swallows_errors" time="0.073" /><testcase classname="tests.test_brain_runtime_metrics_cache" name="test_refresh_windows_computes_from_shared_intents" time="0.075" /><testcase classname="tests.test_brain_runtime_metrics_cache" name="test_refresh_windows_caches_within_ttl" time="0.068" /><testcase classname="tests.test_brain_runtime_metrics_cache" name="test_refresh_windows_new_brain_returns_zeros" time="0.067" /><testcase classname="tests.test_setup_quality_soft_gate" name="test_soft_gate_marginal_setup_shrinks_to_20pct" time="0.368" /><testcase classname="tests.test_setup_quality_soft_gate" name="test_soft_gate_extra_failed_check_is_not_marginal" time="0.141" /><testcase classname="tests.test_setup_quality_soft_gate" name="test_soft_gate_partial_failed_checks_not_marginal" time="0.145" /><testcase classname="tests.test_setup_quality_soft_gate" name="test_soft_gate_no_failed_checks_no_op" time="0.125" /><testcase classname="tests.test_setup_quality_soft_gate" name="test_soft_gate_missing_packet_falls_through" time="0.090" /><testcase classname="tests.test_setup_quality_soft_gate" name="test_soft_gate_composes_with_micro_default" time="0.139" /><testcase classname="tests.test_micro_notional_fallback" name="test_legacy_notional_wins_brain_legacy" time="0.110" /><testcase classname="tests.test_micro_notional_fallback" name="test_v3_envelope_notional_brain_v3" time="0.112" /><testcase classname="tests.test_micro_notional_fallback" name="test_micro_default_directional_buy" time="0.120" /><testcase classname="tests.test_micro_notional_fallback" name="test_micro_default_directional_sell_zero_notional" time="0.119" /><testcase classname="tests.test_micro_notional_fallback" name="test_hold_action_falls_through_to_env_default" time="0.120" /><testcase classname="tests.test_micro_notional_fallback" name="test_env_override_micro_live_default_usd" time="0.118" /></testsuite></testsuites>