<?xml version="1.0" encoding="utf-8"?><testsuites name="pytest tests"><testsuite name="pytest" errors="0" failures="0" skipped="0" tests="2" time="0.481" timestamp="2026-07-09T11:26:17.073571+00:00" hostname="agent-env-b177ffdc-73ff-45fb-9ba4-f1e63e5e4274"><testcase classname="tests.test_brain_runtime_metrics_integration" name="test_bump_on_emit_fires_from_production_intent_path" time="0.103" /><testcase classname="tests.test_brain_runtime_metrics_integration" name="test_intents_py_imports_bump_on_emit" time="0.250" /></testsuite></testsuites>