<?xml version="1.0" encoding="utf-8"?><testsuites name="pytest tests"><testsuite name="pytest" errors="0" failures="0" skipped="0" tests="26" time="1.375" timestamp="2026-06-24T23:05:44.372885+00:00" hostname="agent-env-b177ffdc-73ff-45fb-9ba4-f1e63e5e4274"><testcase classname="tests.test_consensus_boost_2026_06_24.TestComputeBoostMath" name="test_no_advisors_no_boost" time="0.055" /><testcase classname="tests.test_consensus_boost_2026_06_24.TestComputeBoostMath" name="test_one_agreeing_advisor" time="0.048" /><testcase classname="tests.test_consensus_boost_2026_06_24.TestComputeBoostMath" name="test_three_agreeing_advisors_boost_capped" time="0.048" /><testcase classname="tests.test_consensus_boost_2026_06_24.TestComputeBoostMath" name="test_four_agreeing_advisors_hits_cap" time="0.054" /><testcase classname="tests.test_consensus_boost_2026_06_24.TestComputeBoostMath" name="test_disagreeing_advisor_lowers" time="0.053" /><testcase classname="tests.test_consensus_boost_2026_06_24.TestComputeBoostMath" name="test_mixed_agree_and_disagree" time="0.050" /><testcase classname="tests.test_consensus_boost_2026_06_24.TestComputeBoostMath" name="test_hold_opinions_ignored" time="0.053" /><testcase classname="tests.test_consensus_boost_2026_06_24.TestComputeBoostMath" name="test_executor_own_advisories_excluded" time="0.048" /><testcase classname="tests.test_consensus_boost_2026_06_24.TestComputeBoostMath" name="test_executor_hold_gets_no_boost" time="0.047" /><testcase classname="tests.test_consensus_boost_2026_06_24.TestComputeBoostMath" name="test_old_advisories_excluded_by_window" time="0.050" /><testcase classname="tests.test_consensus_boost_2026_06_24.TestComputeBoostMath" name="test_different_symbol_ignored" time="0.051" /><testcase classname="tests.test_consensus_boost_2026_06_24.TestComputeBoostMath" name="test_different_lane_ignored" time="0.051" /><testcase classname="tests.test_consensus_boost_2026_06_24.TestComputeBoostMath" name="test_effective_confidence_clamped_to_zero" time="0.052" /><testcase classname="tests.test_consensus_boost_2026_06_24.TestComputeBoostMath" name="test_effective_confidence_clamped_to_one" time="0.053" /><testcase classname="tests.test_consensus_boost_2026_06_24.TestComputeBoostMath" name="test_brain_with_two_advisories_dedup_to_latest" time="0.055" /><testcase classname="tests.test_consensus_boost_2026_06_24.TestRuntimeFlagOverride" name="test_mongo_override_changes_per_brain_value" time="0.053" /><testcase classname="tests.test_consensus_boost_2026_06_24.TestRuntimeFlagOverride" name="test_defaults_used_when_no_override" time="0.052" /><testcase classname="tests.test_consensus_boost_2026_06_24.TestTelemetry" name="test_record_telemetry_persists" time="0.054" /><testcase classname="tests.test_consensus_boost_2026_06_24.TestSeatPolicyIntegration" name="test_non_executor_still_blocked_AND_pool_captures" time="0.055" /><testcase classname="tests.test_consensus_boost_2026_06_24.TestSeatPolicyIntegration" name="test_executor_below_floor_fails_without_advisors" time="0.055" /><testcase classname="tests.test_consensus_boost_2026_06_24.TestSeatPolicyIntegration" name="test_executor_below_floor_PASSES_with_three_advisors" time="0.053" /><testcase classname="tests.test_consensus_boost_2026_06_24.TestSeatPolicyIntegration" name="test_executor_disagreement_can_block" time="0.059" /><testcase classname="tests.test_consensus_boost_2026_06_24.TestSeatPolicyIntegration" name="test_telemetry_written_on_executor_path" time="0.054" /><testcase classname="tests.test_seat_policy_current_holder_2026_06_19" name="test_seat_policy_blocks_non_current_holder_even_if_trusted" time="0.023" /><testcase classname="tests.test_seat_policy_current_holder_2026_06_19" name="test_seat_policy_blocks_when_executor_seat_is_vacant" time="0.003" /><testcase classname="tests.test_seat_policy_current_holder_2026_06_19" name="test_seat_policy_crypto_lane_also_checks_roster" time="0.004" /></testsuite></testsuites>