<?xml version="1.0" encoding="utf-8"?><testsuites name="pytest tests"><testsuite name="pytest" errors="0" failures="0" skipped="0" tests="10" time="3.374" timestamp="2026-08-12T10:25:32.781391+00:00" hostname="agent-env-b177ffdc-73ff-45fb-9ba4-f1e63e5e4274"><testcase classname="tests.test_iter38_admin_endpoints" name="test_regime_state" time="0.582" /><testcase classname="tests.test_iter38_admin_endpoints" name="test_regime_edge_preview" time="0.212" /><testcase classname="tests.test_iter38_admin_endpoints" name="test_regime_brain_matrix" time="0.069" /><testcase classname="tests.test_iter38_admin_endpoints" name="test_regime_setups" time="0.093" /><testcase classname="tests.test_iter38_admin_endpoints" name="test_regime_model_info" time="1.477" /><testcase classname="tests.test_iter38_admin_endpoints" name="test_regime_refresh" time="0.632" /><testcase classname="tests.test_iter38_admin_endpoints" name="test_moomoo_stream_status" time="0.053" /><testcase classname="tests.test_iter38_admin_endpoints" name="test_moomoo_stream_depth_fallback" time="0.062" /><testcase classname="tests.test_iter38_admin_endpoints" name="test_admin_reconciliation" time="0.059" /><testcase classname="tests.test_iter38_admin_endpoints" name="test_admin_moomoo_status" time="0.052" /></testsuite></testsuites>