<?xml version="1.0" encoding="utf-8"?><testsuites name="pytest tests"><testsuite name="pytest" errors="0" failures="0" skipped="0" tests="8" time="1.559" timestamp="2026-08-04T22:05:58.210208+00:00" hostname="agent-env-b177ffdc-73ff-45fb-9ba4-f1e63e5e4274"><testcase classname="tests.test_ignition_missed_backend" name="test_login_returns_access_token" time="0.599" /><testcase classname="tests.test_ignition_missed_backend" name="test_momentum_scanner_get" time="0.146" /><testcase classname="tests.test_ignition_missed_backend" name="test_momentum_scanner_post_update" time="0.229" /><testcase classname="tests.test_ignition_missed_backend" name="test_missed_entries_get" time="0.119" /><testcase classname="tests.test_ignition_missed_backend" name="test_missed_entries_post_update" time="0.155" /><testcase classname="tests.test_ignition_missed_backend" name="test_missed_entries_run_once_idempotent" time="0.079" /><testcase classname="tests.test_ignition_missed_backend" name="test_no_crypto_scan_cap_nameerror" time="0.001" /><testcase classname="tests.test_ignition_missed_backend" name="test_buy_eligibility_regression" time="0.139" /></testsuite></testsuites>