<?xml version="1.0" encoding="utf-8"?><testsuites name="pytest tests"><testsuite name="pytest" errors="0" failures="0" skipped="2" tests="10" time="0.864" timestamp="2026-07-20T15:30:36.526034+00:00" hostname="agent-env-b177ffdc-73ff-45fb-9ba4-f1e63e5e4274"><testcase classname="tests.test_iter29_soft_degradation_phase2.TestWebullNotionalBandFloor" name="test_default_min_notional_is_5" time="0.002" /><testcase classname="tests.test_iter29_soft_degradation_phase2.TestWebullNotionalBandFloor" name="test_band_none_returns_floor_5" time="0.000" /><testcase classname="tests.test_iter29_soft_degradation_phase2.TestWebullNotionalBandFloor" name="test_mongo_override_below_5_does_not_lower_floor" time="0.000" /><testcase classname="tests.test_iter29_soft_degradation_phase2.TestWebullNotionalBandFloor" name="test_mongo_override_above_5_raises_floor" time="0.000" /><testcase classname="tests.test_iter29_soft_degradation_phase2" name="test_arbiter_size_multiplier_reduces_notional_before_risk_check" time="0.271" /><testcase classname="tests.test_iter29_soft_degradation_phase2" name="test_equity_sub_floor_sized_up_to_five" time="0.197" /><testcase classname="tests.test_iter29_soft_degradation_phase2" name="test_size_multiplier_zero_short_circuits_advisory_only" time="0.164" /><testcase classname="tests.test_iter29_soft_degradation_phase2" name="test_equity_floor_exceeds_per_order_cap_blocks" time="0.164" /><testcase classname="tests.test_iter29_soft_degradation_phase2" name="test_live_auto_router_status_task_alive" time="0.000"><skipped type="pytest.skip" message="REACT_APP_BACKEND_URL not set">/app/backend/tests/test_iter29_soft_degradation_phase2.py:450: REACT_APP_BACKEND_URL not set</skipped></testcase><testcase classname="tests.test_iter29_soft_degradation_phase2" name="test_live_auto_router_force_tick_ok" time="0.000"><skipped type="pytest.skip" message="REACT_APP_BACKEND_URL not set">/app/backend/tests/test_iter29_soft_degradation_phase2.py:464: REACT_APP_BACKEND_URL not set</skipped></testcase></testsuite></testsuites>