<?xml version="1.0" encoding="utf-8"?><testsuites name="pytest tests"><testsuite name="pytest" errors="0" failures="0" skipped="0" tests="38" time="5.593" timestamp="2026-05-09T08:35:37.712526+00:00" hostname="agent-env-b177ffdc-73ff-45fb-9ba4-f1e63e5e4274"><testcase classname="test_risedual_backend.TestHealth" name="test_health_ok" time="0.260" /><testcase classname="test_risedual_backend.TestAuth" name="test_login_success" time="0.334" /><testcase classname="test_risedual_backend.TestAuth" name="test_login_wrong_password" time="0.378" /><testcase classname="test_risedual_backend.TestAuth" name="test_me_with_bearer" time="0.462" /><testcase classname="test_risedual_backend.TestAuth" name="test_me_without_token" time="0.108" /><testcase classname="test_risedual_backend.TestSharedOverview" name="test_overview_requires_auth" time="0.168" /><testcase classname="test_risedual_backend.TestSharedOverview" name="test_overview_three_runtimes" time="0.112" /><testcase classname="test_risedual_backend.TestSharedReceipts" name="test_requires_auth" time="0.100" /><testcase classname="test_risedual_backend.TestSharedReceipts" name="test_no_filter" time="0.115" /><testcase classname="test_risedual_backend.TestSharedReceipts" name="test_filter_alpha" time="0.098" /><testcase classname="test_risedual_backend.TestSharedReceipts" name="test_filter_invalid" time="0.127" /><testcase classname="test_risedual_backend.TestMemoryLabels" name="test_requires_auth" time="0.099" /><testcase classname="test_risedual_backend.TestMemoryLabels" name="test_no_filter" time="0.100" /><testcase classname="test_risedual_backend.TestMemoryLabels" name="test_runtime_filter" time="0.099" /><testcase classname="test_risedual_backend.TestMemoryLabels" name="test_label_filter_safe" time="0.106" /><testcase classname="test_risedual_backend.TestMemoryLabels" name="test_invalid_runtime" time="0.107" /><testcase classname="test_risedual_backend.TestCalibrators" name="test_requires_auth" time="0.105" /><testcase classname="test_risedual_backend.TestCalibrators" name="test_all" time="0.135" /><testcase classname="test_risedual_backend.TestCalibrators" name="test_alpha_filter" time="0.095" /><testcase classname="test_risedual_backend.TestFeatureBuilders" name="test_requires_auth" time="0.093" /><testcase classname="test_risedual_backend.TestFeatureBuilders" name="test_list" time="0.097" /><testcase classname="test_risedual_backend.TestArtifacts" name="test_requires_auth" time="0.098" /><testcase classname="test_risedual_backend.TestArtifacts" name="test_all" time="0.102" /><testcase classname="test_risedual_backend.TestArtifacts" name="test_runtime_filter" time="0.135" /><testcase classname="test_risedual_backend.TestAdminFlags" name="test_requires_auth" time="0.100" /><testcase classname="test_risedual_backend.TestAdminFlags" name="test_flags_observation" time="0.100" /><testcase classname="test_risedual_backend.TestDiagnostics" name="test_requires_auth" time="0.095" /><testcase classname="test_risedual_backend.TestDiagnostics" name="test_diagnostics" time="0.102" /><testcase classname="test_risedual_backend.TestAlphaRuntime" name="test_status_requires_auth" time="0.109" /><testcase classname="test_risedual_backend.TestAlphaRuntime" name="test_status" time="0.115" /><testcase classname="test_risedual_backend.TestAlphaRuntime" name="test_decisions" time="0.099" /><testcase classname="test_risedual_backend.TestCamaroRuntime" name="test_status_requires_auth" time="0.097" /><testcase classname="test_risedual_backend.TestCamaroRuntime" name="test_status" time="0.098" /><testcase classname="test_risedual_backend.TestCamaroRuntime" name="test_shadow_rows" time="0.107" /><testcase classname="test_risedual_backend.TestChevelleRuntime" name="test_status_requires_auth" time="0.122" /><testcase classname="test_risedual_backend.TestChevelleRuntime" name="test_status" time="0.102" /><testcase classname="test_risedual_backend.TestChevelleRuntime" name="test_memory_labels" time="0.101" /><testcase classname="test_risedual_backend.TestNamespacing" name="test_namespaces_populated" time="0.523" /></testsuite></testsuites>