<?xml version="1.0" encoding="utf-8"?><testsuites name="pytest tests"><testsuite name="pytest" errors="0" failures="0" skipped="0" tests="7" time="3.158" timestamp="2026-06-24T18:00:44.132381+00:00" hostname="agent-env-b177ffdc-73ff-45fb-9ba4-f1e63e5e4274"><testcase classname="tests.test_login_hotfix_2026_06_24" name="test_compound_lockout_index_exists" time="0.114" /><testcase classname="tests.test_login_hotfix_2026_06_24" name="test_ttl_index_exists_and_is_15_minutes" time="0.052" /><testcase classname="tests.test_login_hotfix_2026_06_24" name="test_legacy_string_ts_rows_are_purged" time="0.048" /><testcase classname="tests.test_login_hotfix_2026_06_24" name="test_failed_login_writes_ts_as_bson_date" time="2.330" /><testcase classname="tests.test_login_hotfix_2026_06_24" name="test_lockout_triggers_at_five_failed_attempts" time="0.049" /><testcase classname="tests.test_login_hotfix_2026_06_24" name="test_successful_login_clears_identifier_bucket" time="0.487" /><testcase classname="tests.test_login_hotfix_2026_06_24" name="test_count_query_is_bounded" time="0.039" /></testsuite></testsuites>