<?xml version="1.0" encoding="utf-8"?><testsuites name="pytest tests"><testsuite name="pytest" errors="0" failures="0" skipped="0" tests="13" time="1.377" timestamp="2026-05-17T06:39:48.799069+00:00" hostname="agent-env-b177ffdc-73ff-45fb-9ba4-f1e63e5e4274"><testcase classname="tests.test_risk_monitor_and_policy" name="test_monitor_status" time="0.504" /><testcase classname="tests.test_risk_monitor_and_policy" name="test_monitor_run_once" time="0.049" /><testcase classname="tests.test_risk_monitor_and_policy" name="test_monitor_recent_evaluations" time="0.050" /><testcase classname="tests.test_risk_monitor_and_policy" name="test_stop_loss_long_triggers_close" time="0.050" /><testcase classname="tests.test_risk_monitor_and_policy" name="test_stop_loss_long_holds" time="0.049" /><testcase classname="tests.test_risk_monitor_and_policy" name="test_trailing_stop_inactive" time="0.048" /><testcase classname="tests.test_risk_monitor_and_policy" name="test_trailing_stop_triggers_close" time="0.047" /><testcase classname="tests.test_risk_monitor_and_policy" name="test_max_hold_time_close_old" time="0.048" /><testcase classname="tests.test_risk_monitor_and_policy" name="test_max_hold_time_holds_fresh" time="0.049" /><testcase classname="tests.test_risk_monitor_and_policy" name="test_intent_equity_creates" time="0.050" /><testcase classname="tests.test_risk_monitor_and_policy" name="test_intent_crypto_creates" time="0.049" /><testcase classname="tests.test_risk_monitor_and_policy" name="test_intent_crypto_lane_pin_rejects_equity" time="0.047" /><testcase classname="tests.test_risk_monitor_and_policy" name="test_brain_lane_policy_full_cycle" time="0.293" /></testsuite></testsuites>