<?xml version="1.0" encoding="utf-8"?><testsuites name="pytest tests"><testsuite name="pytest" errors="0" failures="0" skipped="0" tests="10" time="2.606" timestamp="2026-05-13T19:14:54.838384+00:00" hostname="agent-env-b177ffdc-73ff-45fb-9ba4-f1e63e5e4274"><testcase classname="backend.tests.test_alpaca_execution_pipeline.TestAlpacaAdmin" name="test_status_when_disconnected" time="0.804" /><testcase classname="backend.tests.test_alpaca_execution_pipeline.TestAlpacaAdmin" name="test_connect_bogus_keys_rejected" time="0.407" /><testcase classname="backend.tests.test_alpaca_execution_pipeline.TestExecutionMeta" name="test_caps_endpoint" time="0.138" /><testcase classname="backend.tests.test_alpaca_execution_pipeline.TestExecutionMeta" name="test_receipts_endpoint" time="0.161" /><testcase classname="backend.tests.test_alpaca_execution_pipeline.TestExecutionGates" name="test_dry_run_returns_all_8_gates" time="0.280" /><testcase classname="backend.tests.test_alpaca_execution_pipeline.TestExecutionGates" name="test_dry_run_cap_per_order_breach" time="0.158" /><testcase classname="backend.tests.test_alpaca_execution_pipeline.TestExecutionGates" name="test_submit_missing_confirm" time="0.135" /><testcase classname="backend.tests.test_alpaca_execution_pipeline.TestExecutionGates" name="test_submit_bad_confirm" time="0.216" /><testcase classname="backend.tests.test_alpaca_execution_pipeline.TestExecutionGates" name="test_submit_nonexistent_intent" time="0.153" /><testcase classname="backend.tests.test_alpaca_execution_pipeline.TestExecutionGates" name="test_submit_blocked_returns_403_with_gates" time="0.115" /></testsuite></testsuites>