<?xml version="1.0" encoding="utf-8"?><testsuites name="pytest tests"><testsuite name="pytest" errors="0" failures="0" skipped="0" tests="14" time="0.638" timestamp="2026-05-13T19:15:13.173753+00:00" hostname="agent-env-b177ffdc-73ff-45fb-9ba4-f1e63e5e4274"><testcase classname="tests.test_alpaca_broker" name="test_to_side_normalises" time="0.000" /><testcase classname="tests.test_alpaca_broker" name="test_format_order_shape" time="0.000" /><testcase classname="tests.test_alpaca_broker" name="test_init_requires_keys" time="0.000" /><testcase classname="tests.test_alpaca_broker" name="test_ping_returns_account_dict" time="0.002" /><testcase classname="tests.test_alpaca_broker" name="test_submit_market_order_requires_exactly_one_of_qty_notional" time="0.001" /><testcase classname="tests.test_alpaca_broker" name="test_submit_market_order_uses_notional_when_supplied" time="0.001" /><testcase classname="tests.test_execution_gates" name="test_per_order_cap_blocks_above_threshold" time="0.000" /><testcase classname="tests.test_execution_gates" name="test_per_order_cap_passes_at_threshold" time="0.000" /><testcase classname="tests.test_execution_gates" name="test_gate_chain_blocks_when_executor_seat_empty" time="0.002" /><testcase classname="tests.test_execution_gates" name="test_gate_chain_passes_when_everything_aligned" time="0.002" /><testcase classname="tests.test_execution_gates" name="test_gate_chain_blocks_when_broker_disconnected" time="0.002" /><testcase classname="tests.test_execution_gates" name="test_gate_chain_blocks_when_daily_cap_would_be_breached" time="0.002" /><testcase classname="tests.test_execution_gates" name="test_hold_action_not_routable" time="0.002" /><testcase classname="tests.test_execution_gates" name="test_stale_seat_blocks_after_rotation" time="0.002" /></testsuite></testsuites>