<?xml version="1.0" encoding="utf-8"?><testsuites name="pytest tests"><testsuite name="pytest" errors="0" failures="0" skipped="0" tests="35" time="4.285" timestamp="2026-06-24T22:26:07.051892+00:00" hostname="agent-env-b177ffdc-73ff-45fb-9ba4-f1e63e5e4274"><testcase classname="tests.test_refresh_token_hotfix_2026_06_24" name="test_refresh_returns_access_token_in_body" time="2.562" /><testcase classname="tests.test_refresh_token_hotfix_2026_06_24" name="test_refresh_without_cookie_is_401" time="0.002" /><testcase classname="tests.test_refresh_token_hotfix_2026_06_24" name="test_refresh_rejects_access_token_in_cookie_slot" time="0.226" /><testcase classname="tests.test_refresh_token_hotfix_2026_06_24" name="test_refresh_rejects_expired_token" time="0.226" /><testcase classname="tests.test_refresh_token_hotfix_2026_06_24" name="test_login_then_refresh_then_admin_endpoint" time="0.457" /><testcase classname="tests.test_login_hotfix_2026_06_24" name="test_compound_lockout_index_exists" time="0.034" /><testcase classname="tests.test_login_hotfix_2026_06_24" name="test_ttl_index_exists_and_is_15_minutes" time="0.035" /><testcase classname="tests.test_login_hotfix_2026_06_24" name="test_legacy_string_ts_rows_are_purged" time="0.041" /><testcase classname="tests.test_login_hotfix_2026_06_24" name="test_failed_login_writes_ts_as_bson_date" time="0.036" /><testcase classname="tests.test_login_hotfix_2026_06_24" name="test_lockout_triggers_at_five_failed_attempts" time="0.047" /><testcase classname="tests.test_login_hotfix_2026_06_24" name="test_successful_login_clears_identifier_bucket" time="0.485" /><testcase classname="tests.test_login_hotfix_2026_06_24" name="test_count_query_is_bounded" time="0.036" /><testcase classname="tests.test_brain_metrics_2026_02.TestCountHolds" name="test_pure_v2_holds" time="0.000" /><testcase classname="tests.test_brain_metrics_2026_02.TestCountHolds" name="test_v3_watch_defer_abstain_split" time="0.000" /><testcase classname="tests.test_brain_metrics_2026_02.TestCountHolds" name="test_mixed_v2_and_v3" time="0.000" /><testcase classname="tests.test_brain_metrics_2026_02.TestCountHolds" name="test_unknown_action_ignored" time="0.000" /><testcase classname="tests.test_brain_metrics_2026_02.TestEntropyAverage" name="test_single_action_is_zero_entropy" time="0.000" /><testcase classname="tests.test_brain_metrics_2026_02.TestEntropyAverage" name="test_uniform_distribution_is_one" time="0.000" /><testcase classname="tests.test_brain_metrics_2026_02.TestEntropyAverage" name="test_skewed_between_zero_and_one" time="0.000" /><testcase classname="tests.test_brain_metrics_2026_02.TestEntropyAverage" name="test_mean_across_brains" time="0.000" /><testcase classname="tests.test_brain_metrics_2026_02.TestEntropyAverage" name="test_v3_plan_intent_preferred" time="0.000" /><testcase classname="tests.test_brain_metrics_2026_02.TestEntropyAverage" name="test_empty_input" time="0.000" /><testcase classname="tests.test_brain_metrics_2026_02.TestReasonCodeDistribution" name="test_ranks_top_n" time="0.000" /><testcase classname="tests.test_brain_metrics_2026_02.TestReasonCodeDistribution" name="test_top_n_truncation" time="0.000" /><testcase classname="tests.test_brain_metrics_2026_02.TestReasonCodeDistribution" name="test_pulls_final_reasons_from_receipts" time="0.000" /><testcase classname="tests.test_brain_metrics_2026_02.TestReasonCodeDistribution" name="test_empty_input_safe" time="0.000" /><testcase classname="tests.test_brain_metrics_2026_02.TestLaneSpecificDecisions" name="test_splits_by_lane" time="0.000" /><testcase classname="tests.test_brain_metrics_2026_02.TestLaneSpecificDecisions" name="test_v3_plan_intent_preferred_over_v2_action" time="0.000" /><testcase classname="tests.test_brain_metrics_2026_02.TestProbabilitySpread" name="test_single_brain_bucket_excluded" time="0.000" /><testcase classname="tests.test_brain_metrics_2026_02.TestProbabilitySpread" name="test_multi_brain_spread_computed" time="0.000" /><testcase classname="tests.test_brain_metrics_2026_02.TestProbabilitySpread" name="test_separate_symbols_separate_buckets" time="0.000" /><testcase classname="tests.test_brain_metrics_2026_02.TestProbabilitySpread" name="test_different_hours_separate_buckets" time="0.000" /><testcase classname="tests.test_brain_metrics_2026_02.TestProbabilitySpread" name="test_top_disagreement_ordered_widest_first" time="0.000" /><testcase classname="tests.test_brain_metrics_2026_02.TestProbabilitySpread" name="test_invalid_ts_skipped" time="0.000" /><testcase classname="tests.test_brain_metrics_2026_02.TestProbabilitySpread" name="test_bucket_ts_helper_hour_alignment" time="0.001" /></testsuite></testsuites>