<?xml version="1.0" encoding="utf-8"?><testsuites name="pytest tests"><testsuite name="pytest" errors="0" failures="0" skipped="0" tests="22" time="0.030" timestamp="2026-05-17T06:38:41.026513+00:00" hostname="agent-env-b177ffdc-73ff-45fb-9ba4-f1e63e5e4274"><testcase classname="tests.test_lane_isolation" name="test_crypto_lane_does_not_import_equity_authority" time="0.001" /><testcase classname="tests.test_lane_isolation" name="test_equity_lane_does_not_import_crypto_authority" time="0.000" /><testcase classname="tests.test_lane_isolation" name="test_crypto_modules_do_not_call_legacy_get_executor_holder" time="0.000" /><testcase classname="tests.test_risk_guards" name="test_stop_loss_long_triggers_when_loss_exceeds_threshold" time="0.000" /><testcase classname="tests.test_risk_guards" name="test_stop_loss_long_holds_when_within_threshold" time="0.000" /><testcase classname="tests.test_risk_guards" name="test_stop_loss_short_triggers_when_price_rises_against" time="0.000" /><testcase classname="tests.test_risk_guards" name="test_stop_loss_short_holds_when_price_drops_in_favor" time="0.000" /><testcase classname="tests.test_risk_guards" name="test_stop_loss_threshold_magnitude_normalized" time="0.000" /><testcase classname="tests.test_risk_guards" name="test_trailing_stop_inactive_until_activation_threshold" time="0.000" /><testcase classname="tests.test_risk_guards" name="test_trailing_stop_long_close_after_peak_drawdown" time="0.000" /><testcase classname="tests.test_risk_guards" name="test_trailing_stop_long_holds_inside_trail_band" time="0.000" /><testcase classname="tests.test_risk_guards" name="test_trailing_stop_short_close_when_price_rises_from_trough" time="0.000" /><testcase classname="tests.test_risk_guards" name="test_trailing_stop_updates_peak_on_new_high" time="0.000" /><testcase classname="tests.test_risk_guards" name="test_max_hold_time_close_when_held_too_long" time="0.000" /><testcase classname="tests.test_risk_guards" name="test_max_hold_time_holds_when_fresh" time="0.000" /><testcase classname="tests.test_risk_guards" name="test_max_hold_time_handles_invalid_opened_at" time="0.000" /><testcase classname="tests.test_risk_guards" name="test_max_hold_time_supports_pinned_now_for_tests" time="0.000" /><testcase classname="tests.test_risk_guards" name="test_max_hold_time_z_suffix_iso_parses" time="0.000" /><testcase classname="tests.test_take_profit_guard" name="test_long_hits_take_profit" time="0.000" /><testcase classname="tests.test_take_profit_guard" name="test_short_hits_take_profit" time="0.000" /><testcase classname="tests.test_take_profit_guard" name="test_partial_take_profit" time="0.000" /><testcase classname="tests.test_take_profit_guard" name="test_no_take_profit_yet" time="0.000" /></testsuite></testsuites>